<br />code=0<br />File=C:\web\frame\library\view.php<br />line=98<br />Message=view file not exit<br />TraceAsString=#0 C:\web\frame\library\frame.php(146): View->render('index/index', false)
#1 C:\web\frame\library\frame.php(84): Frame->_run(Array)
#2 C:\web\frame\app\bootstrap.php(33): Frame->run(Array)
#3 C:\web\frame\index.php(67): bootstrap->dispatch()
#4 {main}<br />code=0<br />File=C:\web\frame\library\view.php<br />line=98<br />Message=view file not exit<br />TraceAsString=#0 C:\web\frame\library\frame.php(146): View->render('index/index', false)
#1 C:\web\frame\library\frame.php(84): Frame->_run(Array)
#2 C:\web\frame\app\bootstrap.php(33): Frame->run(Array)
#3 C:\web\frame\index.php(67): bootstrap->dispatch()
#4 {main}<br />code=0<br />File=C:\web\frame\library\view.php<br />line=98<br />Message=view file not exit<br />TraceAsString=#0 C:\web\frame\library\frame.php(146): View->render('index/index', false)
#1 C:\web\frame\library\frame.php(84): Frame->_run(Array)
#2 C:\web\frame\app\bootstrap.php(33): Frame->run(Array)
#3 C:\web\frame\index.php(67): bootstrap->dispatch()
#4 {main}<br />code=0<br />File=C:\web\frame\library\view.php<br />line=98<br />Message=view file not exit<br />TraceAsString=#0 C:\web\frame\library\frame.php(146): View->render('index/index', false)
#1 C:\web\frame\library\frame.php(84): Frame->_run(Array)
#2 C:\web\frame\app\bootstrap.php(33): Frame->run(Array)
#3 C:\web\frame\index.php(67): bootstrap->dispatch()
#4 {main}<br />code=0<br />File=C:\web\frame\library\view.php<br />line=98<br />Message=view file not exit<br />TraceAsString=#0 C:\web\frame\library\frame.php(146): View->render('index/index', false)
#1 C:\web\frame\library\frame.php(84): Frame->_run(Array)
#2 C:\web\frame\app\bootstrap.php(33): Frame->run(Array)
#3 C:\web\frame\index.php(67): bootstrap->dispatch()
#4 {main}<br />code=0<br />File=C:\web\frame\library\view.php<br />line=98<br />Message=view file not exit<br />TraceAsString=#0 C:\web\frame\library\frame.php(146): View->render('index/index', false)
#1 C:\web\frame\library\frame.php(84): Frame->_run(Array)
#2 C:\web\frame\app\bootstrap.php(33): Frame->run(Array)
#3 C:\web\frame\index.php(67): bootstrap->dispatch()
#4 {main}<br />code=0<br />File=C:\web\frame\library\view.php<br />line=98<br />Message=view file not exit<br />TraceAsString=#0 C:\web\frame\library\frame.php(146): View->render('index/index', false)
#1 C:\web\frame\library\frame.php(84): Frame->_run(Array)
#2 C:\web\frame\app\bootstrap.php(33): Frame->run(Array)
#3 C:\web\frame\index.php(67): bootstrap->dispatch()
#4 {main}<br />code=0<br />File=C:\web\frame\library\view.php<br />line=98<br />Message=view file not exit<br />TraceAsString=#0 C:\web\frame\library\frame.php(146): View->render('index/index', false)
#1 C:\web\frame\library\frame.php(84): Frame->_run(Array)
#2 C:\web\frame\app\bootstrap.php(33): Frame->run(Array)
#3 C:\web\frame\index.php(67): bootstrap->dispatch()
#4 {main}<br />code=404<br />File=C:\web\frame\library\frame.php<br />line=125<br />Message=load Action_index fail <br />TraceAsString=#0 C:\web\frame\library\frame.php(84): Frame->_run(Array)
#1 C:\web\frame\app\bootstrap.php(33): Frame->run(Array)
#2 C:\web\frame\index.php(67): bootstrap->dispatch()
#3 {main}<br />code=404<br />File=C:\web\frame\library\frame.php<br />line=103<br />Message=load C:\web\frame\app\controller\inde.php fail <br />TraceAsString=#0 C:\web\frame\library\frame.php(84): Frame->_run(Array)
#1 C:\web\frame\app\bootstrap.php(33): Frame->run(Array)
#2 C:\web\frame\index.php(67): bootstrap->dispatch()
#3 {main}<br />code=0<br />File=C:\web\frame\library\view.php<br />line=98<br />Message=view file not exit<br />TraceAsString=#0 C:\web\frame\library\frame.php(151): View->render('index/test', true)
#1 C:\web\frame\library\frame.php(84): Frame->_run(Array)
#2 C:\web\frame\app\bootstrap.php(33): Frame->run(Array)
#3 C:\web\frame\index.php(67): bootstrap->dispatch()
#4 {main}<br />code=0<br />File=C:\web\frame\library\view.php<br />line=98<br />Message=view file not exit<br />TraceAsString=#0 C:\web\frame\library\frame.php(151): View->render(NULL, true)
#1 C:\web\frame\library\frame.php(84): Frame->_run(Array)
#2 C:\web\frame\app\bootstrap.php(33): Frame->run(Array)
#3 C:\web\frame\index.php(67): bootstrap->dispatch()
#4 {main}<br />code=0<br />File=C:\web\frame\library\view.php<br />line=98<br />Message=view file not exit<br />TraceAsString=#0 C:\web\frame\library\frame.php(151): View->render(NULL, true)
#1 C:\web\frame\library\frame.php(84): Frame->_run(Array)
#2 C:\web\frame\app\bootstrap.php(33): Frame->run(Array)
#3 C:\web\frame\index.php(67): bootstrap->dispatch()
#4 {main}<br />code=0<br />File=C:\web\frame\library\view.php<br />line=98<br />Message=view file not exit<br />TraceAsString=#0 C:\web\frame\library\frame.php(151): View->render(NULL, true)
#1 C:\web\frame\library\frame.php(84): Frame->_run(Array)
#2 C:\web\frame\app\bootstrap.php(33): Frame->run(Array)
#3 C:\web\frame\index.php(67): bootstrap->dispatch()
#4 {main}<br />code=0<br />File=C:\web\frame\library\view.php<br />line=98<br />Message=view file not exit<br />TraceAsString=#0 C:\web\frame\library\frame.php(151): View->render(NULL, true)
#1 C:\web\frame\library\frame.php(84): Frame->_run(Array)
#2 C:\web\frame\app\bootstrap.php(33): Frame->run(Array)
#3 C:\web\frame\index.php(67): bootstrap->dispatch()
#4 {main}<br />code=0<br />File=C:\web\frame\library\view.php<br />line=98<br />Message=view file not exit<br />TraceAsString=#0 C:\web\frame\library\frame.php(151): View->render(NULL, true)
#1 C:\web\frame\library\frame.php(84): Frame->_run(Array)
#2 C:\web\frame\app\bootstrap.php(33): Frame->run(Array)
#3 C:\web\frame\index.php(67): bootstrap->dispatch()
#4 {main}<br />code=0<br />File=C:\web\frame\library\view.php<br />line=98<br />Message=view file not exit<br />TraceAsString=#0 C:\web\frame\library\frame.php(151): View->render(NULL, true)
#1 C:\web\frame\library\frame.php(84): Frame->_run(Array)
#2 C:\web\frame\app\bootstrap.php(33): Frame->run(Array)
#3 C:\web\frame\index.php(67): bootstrap->dispatch()
#4 {main}<br />code=0<br />File=C:\web\frame\library\view.php<br />line=98<br />Message=view file not exit<br />TraceAsString=#0 C:\web\frame\library\frame.php(151): View->render(NULL, true)
#1 C:\web\frame\library\frame.php(84): Frame->_run(Array)
#2 C:\web\frame\app\bootstrap.php(33): Frame->run(Array)
#3 C:\web\frame\index.php(67): bootstrap->dispatch()
#4 {main}<br />code=0<br />File=C:\web\frame\library\view.php<br />line=98<br />Message=view file not exit<br />TraceAsString=#0 C:\web\frame\library\frame.php(151): View->render(NULL, true)
#1 C:\web\frame\library\frame.php(84): Frame->_run(Array)
#2 C:\web\frame\app\bootstrap.php(33): Frame->run(Array)
#3 C:\web\frame\index.php(67): bootstrap->dispatch()
#4 {main}<br />code=0<br />File=C:\web\frame\library\view.php<br />line=98<br />Message=view file not exit<br />TraceAsString=#0 C:\web\frame\library\frame.php(151): View->render(NULL, true)
#1 C:\web\frame\library\frame.php(84): Frame->_run(Array)
#2 C:\web\frame\app\bootstrap.php(33): Frame->run(Array)
#3 C:\web\frame\index.php(67): bootstrap->dispatch()
#4 {main}<br />code=0<br />File=C:\web\frame\library\view.php<br />line=98<br />Message=view file not exit<br />TraceAsString=#0 C:\web\frame\library\frame.php(151): View->render(NULL, true)
#1 C:\web\frame\library\frame.php(84): Frame->_run(Array)
#2 C:\web\frame\app\bootstrap.php(33): Frame->run(Array)
#3 C:\web\frame\index.php(67): bootstrap->dispatch()
#4 {main}<br />code=0<br />File=C:\web\frame\library\view.php<br />line=98<br />Message=view file not exit<br />TraceAsString=#0 C:\web\frame\library\frame.php(151): View->render(NULL, true)
#1 C:\web\frame\library\frame.php(84): Frame->_run(Array)
#2 C:\web\frame\app\bootstrap.php(33): Frame->run(Array)
#3 C:\web\frame\index.php(67): bootstrap->dispatch()
#4 {main}<br />code=0<br />File=C:\web\frame\library\view.php<br />line=98<br />Message=view file not exit<br />TraceAsString=#0 C:\web\frame\library\frame.php(151): View->render(NULL, true)
#1 C:\web\frame\library\frame.php(84): Frame->_run(Array)
#2 C:\web\frame\app\bootstrap.php(33): Frame->run(Array)
#3 C:\web\frame\index.php(67): bootstrap->dispatch()
#4 {main}<br />code=0<br />File=C:\web\frame\library\view.php<br />line=98<br />Message=view file not exit<br />TraceAsString=#0 C:\web\frame\library\frame.php(151): View->render(NULL, true)
#1 C:\web\frame\library\frame.php(84): Frame->_run(Array)
#2 C:\web\frame\app\bootstrap.php(33): Frame->run(Array)
#3 C:\web\frame\index.php(67): bootstrap->dispatch()
#4 {main}<br />code=0<br />File=C:\web\frame\library\view.php<br />line=98<br />Message=view file not exit<br />TraceAsString=#0 C:\web\frame\library\frame.php(151): View->render(NULL, true)
#1 C:\web\frame\library\frame.php(84): Frame->_run(Array)
#2 C:\web\frame\app\bootstrap.php(33): Frame->run(Array)
#3 C:\web\frame\index.php(67): bootstrap->dispatch()
#4 {main}<br />code=0<br />File=C:\web\frame\library\view.php<br />line=98<br />Message=view file not exit<br />TraceAsString=#0 C:\web\frame\library\frame.php(151): View->render(NULL, true)
#1 C:\web\frame\library\frame.php(84): Frame->_run(Array)
#2 C:\web\frame\app\bootstrap.php(33): Frame->run(Array)
#3 C:\web\frame\index.php(67): bootstrap->dispatch()
#4 {main}<br />code=0<br />File=C:\web\frame\library\view.php<br />line=98<br />Message=view file not exit<br />TraceAsString=#0 C:\web\frame\library\frame.php(151): View->render(NULL, true)
#1 C:\web\frame\library\frame.php(84): Frame->_run(Array)
#2 C:\web\frame\app\bootstrap.php(33): Frame->run(Array)
#3 C:\web\frame\index.php(67): bootstrap->dispatch()
#4 {main}<br />code=0<br />File=C:\web\frame\library\view.php<br />line=98<br />Message=view file not exit<br />TraceAsString=#0 C:\web\frame\library\frame.php(151): View->render(NULL, true)
#1 C:\web\frame\library\frame.php(84): Frame->_run(Array)
#2 C:\web\frame\app\bootstrap.php(33): Frame->run(Array)
#3 C:\web\frame\index.php(67): bootstrap->dispatch()
#4 {main}<br />code=0<br />File=C:\web\frame\library\view.php<br />line=98<br />Message=view file not exit<br />TraceAsString=#0 C:\web\frame\library\frame.php(151): View->render(NULL, true)
#1 C:\web\frame\library\frame.php(84): Frame->_run(Array)
#2 C:\web\frame\app\bootstrap.php(33): Frame->run(Array)
#3 C:\web\frame\index.php(67): bootstrap->dispatch()
#4 {main}<br />code=0<br />File=C:\web\frame\library\view.php<br />line=98<br />Message=view file not exit<br />TraceAsString=#0 C:\web\frame\library\frame.php(151): View->render(NULL, true)
#1 C:\web\frame\library\frame.php(84): Frame->_run(Array)
#2 C:\web\frame\app\bootstrap.php(33): Frame->run(Array)
#3 C:\web\frame\index.php(67): bootstrap->dispatch()
#4 {main}<br />code=0<br />File=C:\web\frame\library\view.php<br />line=98<br />Message=view file not exit<br />TraceAsString=#0 C:\web\frame\library\frame.php(151): View->render(NULL, true)
#1 C:\web\frame\library\frame.php(84): Frame->_run(Array)
#2 C:\web\frame\app\bootstrap.php(33): Frame->run(Array)
#3 C:\web\frame\index.php(67): bootstrap->dispatch()
#4 {main}<br />code=0<br />File=C:\web\frame\library\view.php<br />line=98<br />Message=view file not exit<br />TraceAsString=#0 C:\web\frame\library\frame.php(151): View->render(NULL, true)
#1 C:\web\frame\library\frame.php(84): Frame->_run(Array)
#2 C:\web\frame\app\bootstrap.php(33): Frame->run(Array)
#3 C:\web\frame\index.php(67): bootstrap->dispatch()
#4 {main}<br />code=0<br />File=C:\web\frame\library\view.php<br />line=98<br />Message=view file not exit<br />TraceAsString=#0 C:\web\frame\library\frame.php(151): View->render(NULL, true)
#1 C:\web\frame\library\frame.php(84): Frame->_run(Array)
#2 C:\web\frame\app\bootstrap.php(33): Frame->run(Array)
#3 C:\web\frame\index.php(67): bootstrap->dispatch()
#4 {main}<br />code=0<br />File=C:\web\frame\library\view.php<br />line=98<br />Message=view file not exit<br />TraceAsString=#0 C:\web\frame\library\frame.php(151): View->render(NULL, true)
#1 C:\web\frame\library\frame.php(84): Frame->_run(Array)
#2 C:\web\frame\app\bootstrap.php(33): Frame->run(Array)
#3 C:\web\frame\index.php(67): bootstrap->dispatch()
#4 {main}<br />code=0<br />File=C:\web\frame\library\view.php<br />line=98<br />Message=view file not exit<br />TraceAsString=#0 C:\web\frame\library\frame.php(151): View->render(NULL, true)
#1 C:\web\frame\library\frame.php(84): Frame->_run(Array)
#2 C:\web\frame\app\bootstrap.php(33): Frame->run(Array)
#3 C:\web\frame\index.php(67): bootstrap->dispatch()
#4 {main}<br />code=0<br />File=C:\web\frame\library\view.php<br />line=98<br />Message=view file not exit<br />TraceAsString=#0 C:\web\frame\library\frame.php(151): View->render(NULL, true)
#1 C:\web\frame\library\frame.php(84): Frame->_run(Array)
#2 C:\web\frame\app\bootstrap.php(33): Frame->run(Array)
#3 C:\web\frame\index.php(67): bootstrap->dispatch()
#4 {main}<br />code=0<br />File=C:\web\frame\library\view.php<br />line=98<br />Message=view file not exit<br />TraceAsString=#0 C:\web\frame\library\frame.php(151): View->render(NULL, true)
#1 C:\web\frame\library\frame.php(84): Frame->_run(Array)
#2 C:\web\frame\app\bootstrap.php(33): Frame->run(Array)
#3 C:\web\frame\index.php(67): bootstrap->dispatch()
#4 {main}<br />code=0<br />File=C:\web\frame\library\view.php<br />line=98<br />Message=view file not exit<br />TraceAsString=#0 C:\web\frame\library\frame.php(151): View->render(NULL, true)
#1 C:\web\frame\library\frame.php(84): Frame->_run(Array)
#2 C:\web\frame\app\bootstrap.php(33): Frame->run(Array)
#3 C:\web\frame\index.php(67): bootstrap->dispatch()
#4 {main}<br />code=0<br />File=C:\web\frame\library\view.php<br />line=98<br />Message=view file not exit<br />TraceAsString=#0 C:\web\frame\library\frame.php(151): View->render(NULL, true)
#1 C:\web\frame\library\frame.php(84): Frame->_run(Array)
#2 C:\web\frame\app\bootstrap.php(33): Frame->run(Array)
#3 C:\web\frame\index.php(67): bootstrap->dispatch()
#4 {main}<br />code=0<br />File=C:\web\frame\library\view.php<br />line=98<br />Message=view file not exit<br />TraceAsString=#0 C:\web\frame\library\frame.php(151): View->render(NULL, true)
#1 C:\web\frame\library\frame.php(84): Frame->_run(Array)
#2 C:\web\frame\app\bootstrap.php(33): Frame->run(Array)
#3 C:\web\frame\index.php(67): bootstrap->dispatch()
#4 {main}<br />code=0<br />File=C:\web\frame\library\view.php<br />line=98<br />Message=view file not exit<br />TraceAsString=#0 C:\web\frame\library\frame.php(151): View->render(NULL, true)
#1 C:\web\frame\library\frame.php(84): Frame->_run(Array)
#2 C:\web\frame\app\bootstrap.php(33): Frame->run(Array)
#3 C:\web\frame\index.php(67): bootstrap->dispatch()
#4 {main}<br />code=0<br />File=C:\web\frame\library\view.php<br />line=98<br />Message=view file not exit<br />TraceAsString=#0 C:\web\frame\library\frame.php(152): View->render(NULL, true)
#1 C:\web\frame\library\frame.php(84): Frame->_run(Array)
#2 C:\web\frame\app\bootstrap.php(33): Frame->run(Array)
#3 C:\web\frame\index.php(67): bootstrap->dispatch()
#4 {main}<br />code=0<br />File=C:\web\frame\library\view.php<br />line=100<br />Message=view file not exit<br />TraceAsString=#0 C:\web\frame\library\frame.php(152): View->render(NULL, true)
#1 C:\web\frame\library\frame.php(84): Frame->_run(Array)
#2 C:\web\frame\app\bootstrap.php(33): Frame->run(Array)
#3 C:\web\frame\index.php(67): bootstrap->dispatch()
#4 {main}<br />code=0<br />File=C:\web\frame\library\view.php<br />line=100<br />Message=view file not exit<br />TraceAsString=#0 C:\web\frame\library\frame.php(152): View->render(NULL, true)
#1 C:\web\frame\library\frame.php(84): Frame->_run(Array)
#2 C:\web\frame\app\bootstrap.php(33): Frame->run(Array)
#3 C:\web\frame\index.php(67): bootstrap->dispatch()
#4 {main}<br />code=0<br />File=C:\web\frame\library\view.php<br />line=100<br />Message=view file not exit<br />TraceAsString=#0 C:\web\frame\library\frame.php(152): View->render(NULL, true)
#1 C:\web\frame\library\frame.php(84): Frame->_run(Array)
#2 C:\web\frame\app\bootstrap.php(33): Frame->run(Array)
#3 C:\web\frame\index.php(67): bootstrap->dispatch()
#4 {main}<br />code=0<br />File=C:\web\frame\library\view.php<br />line=100<br />Message=view file not exit<br />TraceAsString=#0 C:\web\frame\library\frame.php(152): View->render(NULL, true)
#1 C:\web\frame\library\frame.php(84): Frame->_run(Array)
#2 C:\web\frame\app\bootstrap.php(33): Frame->run(Array)
#3 C:\web\frame\index.php(67): bootstrap->dispatch()
#4 {main}<br />code=0<br />File=C:\web\frame\library\view.php<br />line=100<br />Message=view file not exit<br />TraceAsString=#0 C:\web\frame\library\frame.php(152): View->render(NULL, true)
#1 C:\web\frame\library\frame.php(84): Frame->_run(Array)
#2 C:\web\frame\app\bootstrap.php(33): Frame->run(Array)
#3 C:\web\frame\index.php(67): bootstrap->dispatch()
#4 {main}<br />code=0<br />File=C:\web\frame\library\view.php<br />line=100<br />Message=view file not exit<br />TraceAsString=#0 C:\web\frame\library\frame.php(152): View->render(NULL, true)
#1 C:\web\frame\library\frame.php(84): Frame->_run(Array)
#2 C:\web\frame\app\bootstrap.php(33): Frame->run(Array)
#3 C:\web\frame\index.php(67): bootstrap->dispatch()
#4 {main}<br />code=0<br />File=C:\web\frame\library\view.php<br />line=100<br />Message=view file not exit<br />TraceAsString=#0 C:\web\frame\library\frame.php(152): View->render(NULL, true)
#1 C:\web\frame\library\frame.php(84): Frame->_run(Array)
#2 C:\web\frame\app\bootstrap.php(33): Frame->run(Array)
#3 C:\web\frame\index.php(67): bootstrap->dispatch()
#4 {main}<br />code=0<br />File=C:\web\frame\library\view.php<br />line=100<br />Message=view file not exit<br />TraceAsString=#0 C:\web\frame\library\frame.php(152): View->render(NULL, true)
#1 C:\web\frame\library\frame.php(84): Frame->_run(Array)
#2 C:\web\frame\app\bootstrap.php(33): Frame->run(Array)
#3 C:\web\frame\index.php(67): bootstrap->dispatch()
#4 {main}<br />code=0<br />File=C:\web\frame\library\view.php<br />line=100<br />Message=view file not exit<br />TraceAsString=#0 C:\web\frame\library\frame.php(152): View->render(NULL, true)
#1 C:\web\frame\library\frame.php(84): Frame->_run(Array)
#2 C:\web\frame\app\bootstrap.php(33): Frame->run(Array)
#3 C:\web\frame\index.php(67): bootstrap->dispatch()
#4 {main}<br />code=0<br />File=C:\web\frame\library\view.php<br />line=100<br />Message=view file not exit<br />TraceAsString=#0 C:\web\frame\library\frame.php(152): View->render(NULL, true)
#1 C:\web\frame\library\frame.php(84): Frame->_run(Array)
#2 C:\web\frame\app\bootstrap.php(33): Frame->run(Array)
#3 C:\web\frame\index.php(67): bootstrap->dispatch()
#4 {main}