<br />code=404<br />File=D:\webserver\www.framework.com\application\bootstrap.php<br />line=55<br />Message=load D:\webserver\www.framework.com\application\controller\ind.php fail <br />TraceAsString=#0 D:\webserver\www.framework.com\index.php(55): bootstrap->dispatch()
#1 {main}<br />code=404<br />File=D:\webserver\www.framework.com\application\bootstrap.php<br />line=55<br />Message=load D:\webserver\www.framework.com\application\controller\ind.php fail <br />TraceAsString=#0 D:\webserver\www.framework.com\index.php(55): bootstrap->dispatch()
#1 {main}<br />code=404<br />File=D:\webserver\www.framework.com\application\bootstrap.php<br />line=55<br />Message=load D:\webserver\www.framework.com\application\controller\ind.php fail <br />TraceAsString=#0 D:\webserver\www.framework.com\index.php(55): bootstrap->dispatch()
#1 {main}<br />code=404<br />File=D:\webserver\www.framework.com\application\bootstrap.php<br />line=55<br />Message=load D:\webserver\www.framework.com\application\controller\ind.php fail <br />TraceAsString=#0 D:\webserver\www.framework.com\index.php(55): bootstrap->dispatch()
#1 {main}<br />code=404<br />File=D:\webserver\www.framework.com\application\bootstrap.php<br />line=55<br />Message=load D:\webserver\www.framework.com\application\controller\ind.php fail <br />TraceAsString=#0 D:\webserver\www.framework.com\index.php(55): bootstrap->dispatch()
#1 {main}<br />code=404<br />File=D:\webserver\www.framework.com\application\bootstrap.php<br />line=55<br />Message=load D:\webserver\www.framework.com\application\controller\ind.php fail <br />TraceAsString=#0 D:\webserver\www.framework.com\index.php(55): bootstrap->dispatch()
#1 {main}<br />code=404<br />File=D:\webserver\www.framework.com\application\bootstrap.php<br />line=55<br />Message=load D:\webserver\www.framework.com\application\controller\ind.php fail <br />TraceAsString=#0 D:\webserver\www.framework.com\index.php(55): bootstrap->dispatch()
#1 {main}<br />code=404<br />File=D:\webserver\www.framework.com\application\bootstrap.php<br />line=55<br />Message=load D:\webserver\www.framework.com\application\controller\ind.php fail <br />TraceAsString=#0 D:\webserver\www.framework.com\index.php(55): bootstrap->dispatch()
#1 {main}<br />code=404<br />File=D:\webserver\www.framework.com\application\bootstrap.php<br />line=55<br />Message=load D:\webserver\www.framework.com\application\controller\ind.php fail <br />TraceAsString=#0 D:\webserver\www.framework.com\index.php(55): bootstrap->dispatch()
#1 {main}<br />code=404<br />File=D:\webserver\www.framework.com\application\bootstrap.php<br />line=55<br />Message=load D:\webserver\www.framework.com\application\controller\ind.php fail <br />TraceAsString=#0 D:\webserver\www.framework.com\index.php(55): bootstrap->dispatch()
#1 {main}<br />code=404<br />File=D:\webserver\www.framework.com\application\bootstrap.php<br />line=55<br />Message=load D:\webserver\www.framework.com\application\controller\ind.php fail <br />TraceAsString=#0 D:\webserver\www.framework.com\index.php(55): bootstrap->dispatch()
#1 {main}<br />code=404<br />File=D:\webserver\www.framework.com\application\bootstrap.php<br />line=55<br />Message=load D:\webserver\www.framework.com\application\controller\ind.php fail <br />TraceAsString=#0 D:\webserver\www.framework.com\index.php(55): bootstrap->dispatch()
#1 {main}<br />code=404<br />File=D:\webserver\www.framework.com\application\bootstrap.php<br />line=55<br />Message=load D:\webserver\www.framework.com\application\controller\ind.php fail <br />TraceAsString=#0 D:\webserver\www.framework.com\index.php(49): bootstrap->dispatch()
#1 {main}<br />code=404<br />File=D:\webserver\www.framework.com\application\bootstrap.php<br />line=55<br />Message=load D:\webserver\www.framework.com\application\controller\ind.php fail <br />TraceAsString=#0 D:\webserver\www.framework.com\index.php(53): bootstrap->dispatch()
#1 {main}<br />code=404<br />File=D:\webserver\www.framework.com\application\bootstrap.php<br />line=55<br />Message=load D:\webserver\www.framework.com\application\controller\ind.php fail <br />TraceAsString=#0 D:\webserver\www.framework.com\index.php(53): bootstrap->dispatch()
#1 {main}<br />code=404<br />File=D:\webserver\www.framework.com\application\bootstrap.php<br />line=55<br />Message=load D:\webserver\www.framework.com\application\controller\ind.php fail <br />TraceAsString=#0 D:\webserver\www.framework.com\index.php(53): bootstrap->dispatch()
#1 {main}<br />code=404<br />File=D:\webserver\www.framework.com\application\bootstrap.php<br />line=55<br />Message=load D:\webserver\www.framework.com\application\controller\ind.php fail <br />TraceAsString=#0 D:\webserver\www.framework.com\index.php(53): bootstrap->dispatch()
#1 {main}<br />code=404<br />File=D:\webserver\www.framework.com\application\bootstrap.php<br />line=55<br />Message=load D:\webserver\www.framework.com\application\controller\ind.php fail <br />TraceAsString=#0 D:\webserver\www.framework.com\index.php(53): bootstrap->dispatch()
#1 {main}<br />code=404<br />File=D:\webserver\www.framework.com\application\bootstrap.php<br />line=55<br />Message=load D:\webserver\www.framework.com\application\controller\ind.php fail <br />TraceAsString=#0 D:\webserver\www.framework.com\index.php(53): bootstrap->dispatch()
#1 {main}<br />code=404<br />File=D:\webserver\www.framework.com\application\bootstrap.php<br />line=55<br />Message=load D:\webserver\www.framework.com\application\controller\ind.php fail <br />TraceAsString=#0 D:\webserver\www.framework.com\index.php(53): bootstrap->dispatch()
#1 {main}<br />code=404<br />File=D:\webserver\www.framework.com\application\bootstrap.php<br />line=55<br />Message=load D:\webserver\www.framework.com\application\controller\ind.php fail <br />TraceAsString=#0 D:\webserver\www.framework.com\index.php(53): bootstrap->dispatch()
#1 {main}<br />code=404<br />File=D:\webserver\www.framework.com\application\bootstrap.php<br />line=55<br />Message=load D:\webserver\www.framework.com\application\controller\ind.php fail <br />TraceAsString=#0 D:\webserver\www.framework.com\index.php(53): bootstrap->dispatch()
#1 {main}<br />code=404<br />File=D:\webserver\www.framework.com\application\bootstrap.php<br />line=55<br />Message=load D:\webserver\www.framework.com\application\controller\ind.php fail <br />TraceAsString=#0 D:\webserver\www.framework.com\index.php(53): bootstrap->dispatch()
#1 {main}<br />code=404<br />File=D:\webserver\www.framework.com\application\bootstrap.php<br />line=55<br />Message=load D:\webserver\www.framework.com\application\controller\ind.php fail <br />TraceAsString=#0 D:\webserver\www.framework.com\index.php(53): bootstrap->dispatch()
#1 {main}<br />code=404<br />File=D:\webserver\www.framework.com\application\bootstrap.php<br />line=55<br />Message=load D:\webserver\www.framework.com\application\controller\ind.php fail <br />TraceAsString=#0 D:\webserver\www.framework.com\index.php(53): bootstrap->dispatch()
#1 {main}<br />code=404<br />File=D:\webserver\www.framework.com\application\bootstrap.php<br />line=55<br />Message=load D:\webserver\www.framework.com\application\controller\ind.php fail <br />TraceAsString=#0 D:\webserver\www.framework.com\index.php(53): bootstrap->dispatch()
#1 {main}<br />code=404<br />File=D:\webserver\www.framework.com\application\bootstrap.php<br />line=55<br />Message=load D:\webserver\www.framework.com\application\controller\ind.php fail <br />TraceAsString=#0 D:\webserver\www.framework.com\index.php(53): bootstrap->dispatch()
#1 {main}<br />code=404<br />File=D:\webserver\www.framework.com\application\bootstrap.php<br />line=55<br />Message=load D:\webserver\www.framework.com\application\controller\ind.php fail <br />TraceAsString=#0 D:\webserver\www.framework.com\index.php(50): bootstrap->dispatch()
#1 {main}<br />code=404<br />File=D:\webserver\www.framework.com\application\bootstrap.php<br />line=55<br />Message=load D:\webserver\www.framework.com\application\controller\ind.php fail <br />TraceAsString=#0 D:\webserver\www.framework.com\index.php(50): bootstrap->dispatch()
#1 {main}<br />code=404<br />File=D:\webserver\www.framework.com\application\bootstrap.php<br />line=55<br />Message=load D:\webserver\www.framework.com\application\controller\ind.php fail <br />TraceAsString=#0 D:\webserver\www.framework.com\index.php(50): bootstrap->dispatch()
#1 {main}<br />code=404<br />File=D:\webserver\www.framework.com\application\bootstrap.php<br />line=71<br />Message=load Action_ fail <br />TraceAsString=#0 D:\webserver\www.framework.com\index.php(50): bootstrap->dispatch()
#1 {main}<br />code=404<br />File=D:\webserver\www.framework.com\application\bootstrap.php<br />line=71<br />Message=load Action_ fail <br />TraceAsString=#0 D:\webserver\www.framework.com\index.php(50): bootstrap->dispatch()
#1 {main}<br />code=404<br />File=D:\webserver\www.framework.com\application\bootstrap.php<br />line=57<br />Message=load D:\webserver\www.framework.com\application\controller\.php fail <br />TraceAsString=#0 D:\webserver\www.framework.com\index.php(50): bootstrap->dispatch()
#1 {main}<br />code=404<br />File=D:\webserver\www.framework.com\application\bootstrap.php<br />line=57<br />Message=load D:\webserver\www.framework.com\application\controller\.php fail <br />TraceAsString=#0 D:\webserver\www.framework.com\index.php(50): bootstrap->dispatch()
#1 {main}<br />code=404<br />File=D:\webserver\www.framework.com\application\bootstrap.php<br />line=73<br />Message=load Action_ fail <br />TraceAsString=#0 D:\webserver\www.framework.com\index.php(50): bootstrap->dispatch()
#1 {main}<br />code=404<br />File=D:\webserver\www.framework.com\application\bootstrap.php<br />line=75<br />Message=load Action_ind fail <br />TraceAsString=#0 D:\webserver\www.framework.com\index.php(50): bootstrap->dispatch()
#1 {main}<br />code=404<br />File=D:\webserver\www.framework.com\application\bootstrap.php<br />line=75<br />Message=load Action_in fail <br />TraceAsString=#0 D:\webserver\www.framework.com\index.php(50): bootstrap->dispatch()
#1 {main}<br />code=404<br />File=D:\webserver\www.framework.com\library\execution.php<br />line=40<br />Message=load Action_index fail <br />TraceAsString=#0 D:\webserver\www.framework.com\library\execution.php(11): execution->_run(Array)
#1 D:\webserver\www.framework.com\app\bootstrap.php(38): execution->run(Array)
#2 D:\webserver\www.framework.com\index.php(50): bootstrap->dispatch()
#3 {main}<br />code=404<br />File=D:\webserver\www.framework.com\library\execution.php<br />line=40<br />Message=load Action_index fail <br />TraceAsString=#0 D:\webserver\www.framework.com\library\execution.php(11): execution->_run(Array)
#1 D:\webserver\www.framework.com\app\bootstrap.php(38): execution->run(Array)
#2 D:\webserver\www.framework.com\index.php(50): bootstrap->dispatch()
#3 {main}<br />code=0<br />File=D:\webserver\www.framework.com\library\core.php<br />line=170<br />Message=view file not exit<br />TraceAsString=#0 D:\webserver\www.framework.com\app\controller\index.php(25): View->render(true)
#1 [internal function]: Controller_Index->Action_test()
#2 D:\webserver\www.framework.com\library\execution.php(66): ReflectionMethod->invokeArgs(Object(Controller_Index), Array)
#3 D:\webserver\www.framework.com\library\execution.php(16): execution->_run(Array)
#4 D:\webserver\www.framework.com\app\bootstrap.php(38): execution->run(Array)
#5 D:\webserver\www.framework.com\index.php(50): bootstrap->dispatch()
#6 {main}<br />code=0<br />File=D:\webserver\www.framework.com\library\core.php<br />line=169<br />Message=view file not exit<br />TraceAsString=#0 D:\webserver\www.framework.com\library\execution.php(70): View->render(true)
#1 D:\webserver\www.framework.com\library\execution.php(16): execution->_run(Array)
#2 D:\webserver\www.framework.com\app\bootstrap.php(38): execution->run(Array)
#3 D:\webserver\www.framework.com\index.php(50): bootstrap->dispatch()
#4 {main}<br />code=0<br />File=D:\webserver\www.framework.com\library\core.php<br />line=169<br />Message=view file not exit<br />TraceAsString=#0 D:\webserver\www.framework.com\library\execution.php(70): View->render(true)
#1 D:\webserver\www.framework.com\library\execution.php(16): execution->_run(Array)
#2 D:\webserver\www.framework.com\app\bootstrap.php(38): execution->run(Array)
#3 D:\webserver\www.framework.com\index.php(50): bootstrap->dispatch()
#4 {main}<br />code=0<br />File=D:\webserver\www.framework.com\library\core.php<br />line=169<br />Message=view file not exit<br />TraceAsString=#0 D:\webserver\www.framework.com\library\execution.php(70): View->render(true)
#1 D:\webserver\www.framework.com\library\execution.php(16): execution->_run(Array)
#2 D:\webserver\www.framework.com\app\bootstrap.php(38): execution->run(Array)
#3 D:\webserver\www.framework.com\index.php(50): bootstrap->dispatch()
#4 {main}<br />code=0<br />File=D:\webserver\www.framework.com\library\core.php<br />line=169<br />Message=view file not exit<br />TraceAsString=#0 D:\webserver\www.framework.com\library\execution.php(70): View->render(true)
#1 D:\webserver\www.framework.com\library\execution.php(16): execution->_run(Array)
#2 D:\webserver\www.framework.com\app\bootstrap.php(38): execution->run(Array)
#3 D:\webserver\www.framework.com\index.php(50): bootstrap->dispatch()
#4 {main}<br />code=0<br />File=D:\webserver\www.framework.com\library\core.php<br />line=169<br />Message=view file not exit<br />TraceAsString=#0 D:\webserver\www.framework.com\library\execution.php(70): View->render(true)
#1 D:\webserver\www.framework.com\library\execution.php(16): execution->_run(Array)
#2 D:\webserver\www.framework.com\app\bootstrap.php(38): execution->run(Array)
#3 D:\webserver\www.framework.com\index.php(50): bootstrap->dispatch()
#4 {main}<br />code=0<br />File=D:\webserver\www.framework.com\library\core.php<br />line=169<br />Message=view file not exit<br />TraceAsString=#0 D:\webserver\www.framework.com\library\execution.php(70): View->render(true)
#1 D:\webserver\www.framework.com\library\execution.php(16): execution->_run(Array)
#2 D:\webserver\www.framework.com\app\bootstrap.php(38): execution->run(Array)
#3 D:\webserver\www.framework.com\index.php(50): bootstrap->dispatch()
#4 {main}<br />code=0<br />File=D:\webserver\www.framework.com\library\core.php<br />line=177<br />Message=view file not exit<br />TraceAsString=#0 D:\webserver\www.framework.com\library\execution.php(73): View->render(false)
#1 D:\webserver\www.framework.com\library\execution.php(16): execution->_run(Array)
#2 D:\webserver\www.framework.com\app\bootstrap.php(38): execution->run(Array)
#3 D:\webserver\www.framework.com\index.php(50): bootstrap->dispatch()
#4 {main}<br />code=0<br />File=D:\webserver\www.framework.com\library\core.php<br />line=177<br />Message=view file not exit<br />TraceAsString=#0 D:\webserver\www.framework.com\library\execution.php(73): View->render(false)
#1 D:\webserver\www.framework.com\library\execution.php(16): execution->_run(Array)
#2 D:\webserver\www.framework.com\app\bootstrap.php(38): execution->run(Array)
#3 D:\webserver\www.framework.com\index.php(50): bootstrap->dispatch()
#4 {main}<br />code=0<br />File=D:\webserver\www.framework.com\library\core.php<br />line=177<br />Message=view file not exit<br />TraceAsString=#0 D:\webserver\www.framework.com\library\execution.php(72): View->render(NULL, false)
#1 D:\webserver\www.framework.com\library\execution.php(16): execution->_run(Array)
#2 D:\webserver\www.framework.com\app\bootstrap.php(38): execution->run(Array)
#3 D:\webserver\www.framework.com\index.php(50): bootstrap->dispatch()
#4 {main}<br />code=0<br />File=D:\webserver\www.framework.com\library\core.php<br />line=177<br />Message=view file not exit<br />TraceAsString=#0 D:\webserver\www.framework.com\library\execution.php(72): View->render(NULL, false)
#1 D:\webserver\www.framework.com\library\execution.php(16): execution->_run(Array)
#2 D:\webserver\www.framework.com\app\bootstrap.php(38): execution->run(Array)
#3 D:\webserver\www.framework.com\index.php(50): bootstrap->dispatch()
#4 {main}<br />code=0<br />File=D:\webserver\www.framework.com\library\core.php<br />line=177<br />Message=view file not exit<br />TraceAsString=#0 D:\webserver\www.framework.com\library\execution.php(72): View->render(NULL, false)
#1 D:\webserver\www.framework.com\library\execution.php(16): execution->_run(Array)
#2 D:\webserver\www.framework.com\app\bootstrap.php(38): execution->run(Array)
#3 D:\webserver\www.framework.com\index.php(50): bootstrap->dispatch()
#4 {main}<br />code=0<br />File=D:\webserver\www.framework.com\library\core.php<br />line=177<br />Message=view file not exit<br />TraceAsString=#0 D:\webserver\www.framework.com\library\execution.php(72): View->render(NULL, false)
#1 D:\webserver\www.framework.com\library\execution.php(16): execution->_run(Array)
#2 D:\webserver\www.framework.com\app\bootstrap.php(38): execution->run(Array)
#3 D:\webserver\www.framework.com\index.php(50): bootstrap->dispatch()
#4 {main}<br />code=0<br />File=D:\webserver\www.framework.com\library\core.php<br />line=177<br />Message=view file not exit<br />TraceAsString=#0 D:\webserver\www.framework.com\library\execution.php(72): View->render(NULL, false)
#1 D:\webserver\www.framework.com\library\execution.php(16): execution->_run(Array)
#2 D:\webserver\www.framework.com\app\bootstrap.php(38): execution->run(Array)
#3 D:\webserver\www.framework.com\index.php(50): bootstrap->dispatch()
#4 {main}<br />code=0<br />File=D:\webserver\www.framework.com\library\core.php<br />line=177<br />Message=view file not exit<br />TraceAsString=#0 D:\webserver\www.framework.com\library\execution.php(72): View->render(NULL, false)
#1 D:\webserver\www.framework.com\library\execution.php(16): execution->_run(Array)
#2 D:\webserver\www.framework.com\app\bootstrap.php(38): execution->run(Array)
#3 D:\webserver\www.framework.com\index.php(50): bootstrap->dispatch()
#4 {main}<br />code=0<br />File=D:\webserver\www.framework.com\library\core.php<br />line=178<br />Message=view file not exit<br />TraceAsString=#0 D:\webserver\www.framework.com\library\execution.php(72): View->render(NULL, false)
#1 D:\webserver\www.framework.com\library\execution.php(16): execution->_run(Array)
#2 D:\webserver\www.framework.com\app\bootstrap.php(38): execution->run(Array)
#3 D:\webserver\www.framework.com\index.php(50): bootstrap->dispatch()
#4 {main}<br />code=0<br />File=D:\webserver\www.framework.com\library\core.php<br />line=178<br />Message=view file not exit<br />TraceAsString=#0 D:\webserver\www.framework.com\library\execution.php(72): View->render(NULL, false)
#1 D:\webserver\www.framework.com\library\execution.php(16): execution->_run(Array)
#2 D:\webserver\www.framework.com\app\bootstrap.php(38): execution->run(Array)
#3 D:\webserver\www.framework.com\index.php(50): bootstrap->dispatch()
#4 {main}<br />code=0<br />File=D:\webserver\www.framework.com\library\core.php<br />line=178<br />Message=view file not exit<br />TraceAsString=#0 D:\webserver\www.framework.com\library\execution.php(73): View->render('index/test', false)
#1 D:\webserver\www.framework.com\library\execution.php(16): execution->_run(Array)
#2 D:\webserver\www.framework.com\app\bootstrap.php(38): execution->run(Array)
#3 D:\webserver\www.framework.com\index.php(50): bootstrap->dispatch()
#4 {main}<br />code=0<br />File=D:\webserver\www.framework.com\library\core.php<br />line=194<br />Message=view file not exit<br />TraceAsString=#0 D:\webserver\www.framework.com\library\execution.php(72): View->render('index/test', false)
#1 D:\webserver\www.framework.com\library\execution.php(16): execution->_run(Array)
#2 D:\webserver\www.framework.com\app\bootstrap.php(38): execution->run(Array)
#3 D:\webserver\www.framework.com\index.php(50): bootstrap->dispatch()
#4 {main}<br />code=0<br />File=D:\webserver\www.framework.com\library\core.php<br />line=197<br />Message=view file not exit<br />TraceAsString=#0 D:\webserver\www.framework.com\app\controller\index.php(9): View->render(true)
#1 [internal function]: Controller_Index->Action_index()
#2 D:\webserver\www.framework.com\library\execution.php(66): ReflectionMethod->invokeArgs(Object(Controller_Index), Array)
#3 D:\webserver\www.framework.com\library\execution.php(16): execution->_run(Array)
#4 D:\webserver\www.framework.com\app\bootstrap.php(38): execution->run(Array)
#5 D:\webserver\www.framework.com\index.php(50): bootstrap->dispatch()
#6 {main}<br />code=0<br />File=D:\webserver\www.framework.com\library\core.php<br />line=197<br />Message=view file not exit<br />TraceAsString=#0 D:\webserver\www.framework.com\app\controller\index.php(9): View->render(true)
#1 [internal function]: Controller_Index->Action_index()
#2 D:\webserver\www.framework.com\library\execution.php(66): ReflectionMethod->invokeArgs(Object(Controller_Index), Array)
#3 D:\webserver\www.framework.com\library\execution.php(16): execution->_run(Array)
#4 D:\webserver\www.framework.com\app\bootstrap.php(38): execution->run(Array)
#5 D:\webserver\www.framework.com\index.php(50): bootstrap->dispatch()
#6 {main}<br />code=0<br />File=D:\webserver\www.framework.com\library\core.php<br />line=198<br />Message=view file not exit<br />TraceAsString=#0 D:\webserver\www.framework.com\app\controller\index.php(9): View->render(true)
#1 [internal function]: Controller_Index->Action_index()
#2 D:\webserver\www.framework.com\library\execution.php(66): ReflectionMethod->invokeArgs(Object(Controller_Index), Array)
#3 D:\webserver\www.framework.com\library\execution.php(16): execution->_run(Array)
#4 D:\webserver\www.framework.com\app\bootstrap.php(38): execution->run(Array)
#5 D:\webserver\www.framework.com\index.php(50): bootstrap->dispatch()
#6 {main}<br />code=0<br />File=D:\webserver\www.framework.com\library\core.php<br />line=198<br />Message=view file not exit<br />TraceAsString=#0 D:\webserver\www.framework.com\app\controller\index.php(9): View->render(true)
#1 [internal function]: Controller_Index->Action_index()
#2 D:\webserver\www.framework.com\library\execution.php(66): ReflectionMethod->invokeArgs(Object(Controller_Index), Array)
#3 D:\webserver\www.framework.com\library\execution.php(16): execution->_run(Array)
#4 D:\webserver\www.framework.com\app\bootstrap.php(38): execution->run(Array)
#5 D:\webserver\www.framework.com\index.php(50): bootstrap->dispatch()
#6 {main}<br />code=0<br />File=D:\webserver\www.framework.com\library\core.php<br />line=198<br />Message=view file not exit<br />TraceAsString=#0 D:\webserver\www.framework.com\app\controller\index.php(9): View->render(true)
#1 [internal function]: Controller_Index->Action_index()
#2 D:\webserver\www.framework.com\library\execution.php(66): ReflectionMethod->invokeArgs(Object(Controller_Index), Array)
#3 D:\webserver\www.framework.com\library\execution.php(16): execution->_run(Array)
#4 D:\webserver\www.framework.com\app\bootstrap.php(38): execution->run(Array)
#5 D:\webserver\www.framework.com\index.php(50): bootstrap->dispatch()
#6 {main}<br />code=0<br />File=D:\webserver\www.framework.com\library\core.php<br />line=198<br />Message=view file not exit<br />TraceAsString=#0 D:\webserver\www.framework.com\app\controller\index.php(9): View->render(true)
#1 [internal function]: Controller_Index->Action_index()
#2 D:\webserver\www.framework.com\library\execution.php(66): ReflectionMethod->invokeArgs(Object(Controller_Index), Array)
#3 D:\webserver\www.framework.com\library\execution.php(16): execution->_run(Array)
#4 D:\webserver\www.framework.com\app\bootstrap.php(38): execution->run(Array)
#5 D:\webserver\www.framework.com\index.php(50): bootstrap->dispatch()
#6 {main}<br />code=0<br />File=D:\webserver\www.framework.com\library\core.php<br />line=198<br />Message=view file not exit<br />TraceAsString=#0 D:\webserver\www.framework.com\app\controller\index.php(9): View->render(true)
#1 [internal function]: Controller_Index->Action_index()
#2 D:\webserver\www.framework.com\library\execution.php(66): ReflectionMethod->invokeArgs(Object(Controller_Index), Array)
#3 D:\webserver\www.framework.com\library\execution.php(16): execution->_run(Array)
#4 D:\webserver\www.framework.com\app\bootstrap.php(38): execution->run(Array)
#5 D:\webserver\www.framework.com\index.php(50): bootstrap->dispatch()
#6 {main}<br />code=0<br />File=D:\webserver\www.framework.com\library\core.php<br />line=198<br />Message=view file not exit<br />TraceAsString=#0 D:\webserver\www.framework.com\app\controller\index.php(9): View->render(true)
#1 [internal function]: Controller_Index->Action_index()
#2 D:\webserver\www.framework.com\library\execution.php(66): ReflectionMethod->invokeArgs(Object(Controller_Index), Array)
#3 D:\webserver\www.framework.com\library\execution.php(16): execution->_run(Array)
#4 D:\webserver\www.framework.com\app\bootstrap.php(38): execution->run(Array)
#5 D:\webserver\www.framework.com\index.php(50): bootstrap->dispatch()
#6 {main}<br />code=0<br />File=D:\webserver\www.framework.com\library\core.php<br />line=198<br />Message=view file not exit<br />TraceAsString=#0 D:\webserver\www.framework.com\app\controller\index.php(9): View->render(true)
#1 [internal function]: Controller_Index->Action_index()
#2 D:\webserver\www.framework.com\library\execution.php(66): ReflectionMethod->invokeArgs(Object(Controller_Index), Array)
#3 D:\webserver\www.framework.com\library\execution.php(16): execution->_run(Array)
#4 D:\webserver\www.framework.com\app\bootstrap.php(38): execution->run(Array)
#5 D:\webserver\www.framework.com\index.php(50): bootstrap->dispatch()
#6 {main}<br />code=0<br />File=D:\webserver\www.framework.com\library\core.php<br />line=198<br />Message=view file not exit<br />TraceAsString=#0 D:\webserver\www.framework.com\app\controller\index.php(9): View->render(true)
#1 [internal function]: Controller_Index->Action_index()
#2 D:\webserver\www.framework.com\library\execution.php(66): ReflectionMethod->invokeArgs(Object(Controller_Index), Array)
#3 D:\webserver\www.framework.com\library\execution.php(16): execution->_run(Array)
#4 D:\webserver\www.framework.com\app\bootstrap.php(38): execution->run(Array)
#5 D:\webserver\www.framework.com\index.php(50): bootstrap->dispatch()
#6 {main}<br />code=0<br />File=D:\webserver\www.framework.com\library\core.php<br />line=188<br />Message=view file not exit<br />TraceAsString=#0 D:\webserver\www.framework.com\library\execution.php(71): View->render('user/login', false)
#1 D:\webserver\www.framework.com\library\execution.php(16): execution->_run(Array)
#2 D:\webserver\www.framework.com\app\bootstrap.php(38): execution->run(Array)
#3 D:\webserver\www.framework.com\index.php(50): bootstrap->dispatch()
#4 {main}<br />code=0<br />File=D:\webserver\www.framework.com\library\core.php<br />line=188<br />Message=view file not exit<br />TraceAsString=#0 D:\webserver\www.framework.com\library\execution.php(73): View->render('user', true)
#1 D:\webserver\www.framework.com\library\execution.php(16): execution->_run(Array)
#2 D:\webserver\www.framework.com\app\bootstrap.php(38): execution->run(Array)
#3 D:\webserver\www.framework.com\index.php(50): bootstrap->dispatch()
#4 {main}<br />code=0<br />File=D:\webserver\www.framework.com\library\core.php<br />line=188<br />Message=view file not exit<br />TraceAsString=#0 D:\webserver\www.framework.com\library\execution.php(73): View->render('user', true)
#1 D:\webserver\www.framework.com\library\execution.php(16): execution->_run(Array)
#2 D:\webserver\www.framework.com\app\bootstrap.php(38): execution->run(Array)
#3 D:\webserver\www.framework.com\index.php(50): bootstrap->dispatch()
#4 {main}<br />code=0<br />File=D:\webserver\www.framework.com\library\core.php<br />line=188<br />Message=view file not exit<br />TraceAsString=#0 D:\webserver\www.framework.com\library\execution.php(73): View->render('user', true)
#1 D:\webserver\www.framework.com\library\execution.php(16): execution->_run(Array)
#2 D:\webserver\www.framework.com\app\bootstrap.php(38): execution->run(Array)
#3 D:\webserver\www.framework.com\index.php(50): bootstrap->dispatch()
#4 {main}<br />code=0<br />File=D:\webserver\www.framework.com\library\core.php<br />line=188<br />Message=view file not exit<br />TraceAsString=#0 D:\webserver\www.framework.com\library\execution.php(73): View->render('user', true)
#1 D:\webserver\www.framework.com\library\execution.php(16): execution->_run(Array)
#2 D:\webserver\www.framework.com\app\bootstrap.php(38): execution->run(Array)
#3 D:\webserver\www.framework.com\index.php(50): bootstrap->dispatch()
#4 {main}<br />code=0<br />File=D:\webserver\www.framework.com\library\core.php<br />line=188<br />Message=view file not exit<br />TraceAsString=#0 D:\webserver\www.framework.com\library\execution.php(73): View->render('user', true)
#1 D:\webserver\www.framework.com\library\execution.php(16): execution->_run(Array)
#2 D:\webserver\www.framework.com\app\bootstrap.php(38): execution->run(Array)
#3 D:\webserver\www.framework.com\index.php(50): bootstrap->dispatch()
#4 {main}<br />code=0<br />File=D:\webserver\www.framework.com\library\core.php<br />line=188<br />Message=view file not exit<br />TraceAsString=#0 D:\webserver\www.framework.com\library\execution.php(73): View->render('user', true)
#1 D:\webserver\www.framework.com\library\execution.php(16): execution->_run(Array)
#2 D:\webserver\www.framework.com\app\bootstrap.php(38): execution->run(Array)
#3 D:\webserver\www.framework.com\index.php(50): bootstrap->dispatch()
#4 {main}<br />code=0<br />File=D:\webserver\www.framework.com\library\core.php<br />line=188<br />Message=view file not exit<br />TraceAsString=#0 D:\webserver\www.framework.com\library\execution.php(73): View->render('user', true)
#1 D:\webserver\www.framework.com\library\execution.php(16): execution->_run(Array)
#2 D:\webserver\www.framework.com\app\bootstrap.php(38): execution->run(Array)
#3 D:\webserver\www.framework.com\index.php(50): bootstrap->dispatch()
#4 {main}<br />code=0<br />File=D:\webserver\www.framework.com\library\core.php<br />line=188<br />Message=view file not exit<br />TraceAsString=#0 D:\webserver\www.framework.com\library\execution.php(73): View->render('user', true)
#1 D:\webserver\www.framework.com\library\execution.php(16): execution->_run(Array)
#2 D:\webserver\www.framework.com\app\bootstrap.php(38): execution->run(Array)
#3 D:\webserver\www.framework.com\index.php(50): bootstrap->dispatch()
#4 {main}<br />code=0<br />File=D:\webserver\www.framework.com\library\core.php<br />line=236<br />Message=load Model_User fail <br />TraceAsString=#0 [internal function]: Load::loadClass('Model_User')
#1 D:\webserver\www.framework.com\app\controller\user.php(9): spl_autoload_call('Model_User')
#2 [internal function]: Controller_User->Action_login()
#3 D:\webserver\www.framework.com\library\execution.php(66): ReflectionMethod->invokeArgs(Object(Controller_User), Array)
#4 D:\webserver\www.framework.com\library\execution.php(16): execution->_run(Array)
#5 D:\webserver\www.framework.com\app\bootstrap.php(38): execution->run(Array)
#6 D:\webserver\www.framework.com\index.php(50): bootstrap->dispatch()
#7 {main}<br />code=0<br />File=D:\webserver\www.framework.com\library\core.php<br />line=236<br />Message=load Model_User fail <br />TraceAsString=#0 [internal function]: Load::loadClass('Model_User')
#1 D:\webserver\www.framework.com\app\controller\user.php(9): spl_autoload_call('Model_User')
#2 [internal function]: Controller_User->Action_login()
#3 D:\webserver\www.framework.com\library\execution.php(66): ReflectionMethod->invokeArgs(Object(Controller_User), Array)
#4 D:\webserver\www.framework.com\library\execution.php(16): execution->_run(Array)
#5 D:\webserver\www.framework.com\app\bootstrap.php(38): execution->run(Array)
#6 D:\webserver\www.framework.com\index.php(50): bootstrap->dispatch()
#7 {main}<br />code=0<br />File=D:\webserver\www.framework.com\library\core.php<br />line=236<br />Message=load Model_User fail <br />TraceAsString=#0 [internal function]: Load::loadClass('Model_User')
#1 D:\webserver\www.framework.com\app\controller\user.php(9): spl_autoload_call('Model_User')
#2 [internal function]: Controller_User->Action_login()
#3 D:\webserver\www.framework.com\library\execution.php(66): ReflectionMethod->invokeArgs(Object(Controller_User), Array)
#4 D:\webserver\www.framework.com\library\execution.php(16): execution->_run(Array)
#5 D:\webserver\www.framework.com\app\bootstrap.php(38): execution->run(Array)
#6 D:\webserver\www.framework.com\index.php(50): bootstrap->dispatch()
#7 {main}<br />code=0<br />File=D:\webserver\www.framework.com\library\core.php<br />line=236<br />Message=load Model_User fail <br />TraceAsString=#0 [internal function]: Load::loadClass('Model_User')
#1 D:\webserver\www.framework.com\app\controller\user.php(9): spl_autoload_call('Model_User')
#2 [internal function]: Controller_User->Action_login()
#3 D:\webserver\www.framework.com\library\execution.php(66): ReflectionMethod->invokeArgs(Object(Controller_User), Array)
#4 D:\webserver\www.framework.com\library\execution.php(16): execution->_run(Array)
#5 D:\webserver\www.framework.com\app\bootstrap.php(38): execution->run(Array)
#6 D:\webserver\www.framework.com\index.php(50): bootstrap->dispatch()
#7 {main}<br />code=0<br />File=D:\webserver\www.framework.com\library\core.php<br />line=236<br />Message=load Model_User fail <br />TraceAsString=#0 [internal function]: Load::loadClass('Model_User')
#1 D:\webserver\www.framework.com\app\controller\user.php(9): spl_autoload_call('Model_User')
#2 [internal function]: Controller_User->Action_login()
#3 D:\webserver\www.framework.com\library\execution.php(66): ReflectionMethod->invokeArgs(Object(Controller_User), Array)
#4 D:\webserver\www.framework.com\library\execution.php(16): execution->_run(Array)
#5 D:\webserver\www.framework.com\app\bootstrap.php(38): execution->run(Array)
#6 D:\webserver\www.framework.com\index.php(50): bootstrap->dispatch()
#7 {main}<br />code=1045<br />File=D:\webserver\www.framework.com\library\db.php<br />line=27<br />Message=SQLSTATE[28000] [1045] Access denied for user ''@'localhost' (using password: NO)<br />TraceAsString=#0 D:\webserver\www.framework.com\library\db.php(27): PDO->__construct('mysql:host=;dbn...', NULL, NULL, Array)
#1 D:\webserver\www.framework.com\library\db.php(38): db->__construct()
#2 D:\webserver\www.framework.com\library\core.php(62): db::instance()
#3 D:\webserver\www.framework.com\app\controller\user.php(9): Model->__construct()
#4 [internal function]: Controller_User->Action_login()
#5 D:\webserver\www.framework.com\library\execution.php(66): ReflectionMethod->invokeArgs(Object(Controller_User), Array)
#6 D:\webserver\www.framework.com\library\execution.php(16): execution->_run(Array)
#7 D:\webserver\www.framework.com\app\bootstrap.php(38): execution->run(Array)
#8 D:\webserver\www.framework.com\index.php(50): bootstrap->dispatch()
#9 {main}<br />code=1045<br />File=D:\webserver\www.framework.com\library\db.php<br />line=27<br />Message=SQLSTATE[28000] [1045] Access denied for user ''@'localhost' (using password: NO)<br />TraceAsString=#0 D:\webserver\www.framework.com\library\db.php(27): PDO->__construct('mysql:host=;dbn...', NULL, NULL, Array)
#1 D:\webserver\www.framework.com\library\db.php(38): db->__construct()
#2 D:\webserver\www.framework.com\library\core.php(62): db::instance()
#3 D:\webserver\www.framework.com\app\controller\user.php(9): Model->__construct()
#4 [internal function]: Controller_User->Action_login()
#5 D:\webserver\www.framework.com\library\execution.php(66): ReflectionMethod->invokeArgs(Object(Controller_User), Array)
#6 D:\webserver\www.framework.com\library\execution.php(16): execution->_run(Array)
#7 D:\webserver\www.framework.com\app\bootstrap.php(38): execution->run(Array)
#8 D:\webserver\www.framework.com\index.php(50): bootstrap->dispatch()
#9 {main}<br />code=1045<br />File=D:\webserver\www.framework.com\library\db.php<br />line=27<br />Message=SQLSTATE[28000] [1045] Access denied for user ''@'localhost' (using password: NO)<br />TraceAsString=#0 D:\webserver\www.framework.com\library\db.php(27): PDO->__construct('mysql:host=;dbn...', NULL, NULL, Array)
#1 D:\webserver\www.framework.com\library\db.php(38): db->__construct()
#2 D:\webserver\www.framework.com\library\core.php(62): db::instance()
#3 D:\webserver\www.framework.com\app\controller\user.php(9): Model->__construct()
#4 [internal function]: Controller_User->Action_login()
#5 D:\webserver\www.framework.com\library\execution.php(66): ReflectionMethod->invokeArgs(Object(Controller_User), Array)
#6 D:\webserver\www.framework.com\library\execution.php(16): execution->_run(Array)
#7 D:\webserver\www.framework.com\app\bootstrap.php(38): execution->run(Array)
#8 D:\webserver\www.framework.com\index.php(50): bootstrap->dispatch()
#9 {main}<br />code=1045<br />File=D:\webserver\www.framework.com\library\db.php<br />line=28<br />Message=SQLSTATE[28000] [1045] Access denied for user 'root'@'localhost' (using password: YES)<br />TraceAsString=#0 D:\webserver\www.framework.com\library\db.php(28): PDO->__construct('mysql:host=loca...', 'root', '000000', Array)
#1 D:\webserver\www.framework.com\library\db.php(39): db->__construct()
#2 D:\webserver\www.framework.com\library\core.php(62): db::instance()
#3 D:\webserver\www.framework.com\app\controller\user.php(9): Model->__construct()
#4 [internal function]: Controller_User->Action_login()
#5 D:\webserver\www.framework.com\library\execution.php(66): ReflectionMethod->invokeArgs(Object(Controller_User), Array)
#6 D:\webserver\www.framework.com\library\execution.php(16): execution->_run(Array)
#7 D:\webserver\www.framework.com\app\bootstrap.php(38): execution->run(Array)
#8 D:\webserver\www.framework.com\index.php(50): bootstrap->dispatch()
#9 {main}<br />code=404<br />File=D:\webserver\www.framework.com\library\execution.php<br />line=51<br />Message=load Action_user fail <br />TraceAsString=#0 D:\webserver\www.framework.com\library\execution.php(16): execution->_run(Array)
#1 D:\webserver\www.framework.com\app\bootstrap.php(38): execution->run(Array)
#2 D:\webserver\www.framework.com\index.php(50): bootstrap->dispatch()
#3 {main}<br />code=0<br />File=D:\webserver\www.framework.com\library\core.php<br />line=188<br />Message=view file not exit<br />TraceAsString=#0 D:\webserver\www.framework.com\library\execution.php(71): View->render('user/index', false)
#1 D:\webserver\www.framework.com\library\execution.php(16): execution->_run(Array)
#2 D:\webserver\www.framework.com\app\bootstrap.php(38): execution->run(Array)
#3 D:\webserver\www.framework.com\index.php(50): bootstrap->dispatch()
#4 {main}<br />code=404<br />File=D:\webserver\frame\library\frame.php<br />line=95<br />Message=load Action_test fail <br />TraceAsString=#0 D:\webserver\frame\library\frame.php(60): Frame->_run(Array)
#1 D:\webserver\frame\app\bootstrap.php(31): Frame->run(Array)
#2 D:\webserver\frame\index.php(50): bootstrap->dispatch()
#3 {main}<br />code=0<br />File=D:\webserver\frame\library\core.php<br />line=188<br />Message=view file not exit<br />TraceAsString=#0 D:\webserver\frame\library\frame.php(116): View->render('test/test', false)
#1 D:\webserver\frame\library\frame.php(60): Frame->_run(Array)
#2 D:\webserver\frame\app\bootstrap.php(31): Frame->run(Array)
#3 D:\webserver\frame\index.php(50): bootstrap->dispatch()
#4 {main}<br />code=0<br />File=D:\webserver\frame\library\core.php<br />line=191<br />Message=view file not exit<br />TraceAsString=#0 D:\webserver\frame\library\frame.php(117): View->render('test/test', false)
#1 D:\webserver\frame\library\frame.php(60): Frame->_run(Array)
#2 D:\webserver\frame\app\bootstrap.php(33): Frame->run(Array)
#3 D:\webserver\frame\index.php(51): bootstrap->dispatch()
#4 {main}<br />code=0<br />File=D:\webserver\frame\library\core.php<br />line=191<br />Message=view file not exit<br />TraceAsString=#0 D:\webserver\frame\library\frame.php(117): View->render('test/test', false)
#1 D:\webserver\frame\library\frame.php(60): Frame->_run(Array)
#2 D:\webserver\frame\app\bootstrap.php(33): Frame->run(Array)
#3 D:\webserver\frame\index.php(51): bootstrap->dispatch()
#4 {main}<br />code=0<br />File=D:\webserver\frame\library\core.php<br />line=191<br />Message=view file not exit<br />TraceAsString=#0 D:\webserver\frame\library\frame.php(117): View->render('test/test', false)
#1 D:\webserver\frame\library\frame.php(60): Frame->_run(Array)
#2 D:\webserver\frame\app\bootstrap.php(33): Frame->run(Array)
#3 D:\webserver\frame\index.php(51): bootstrap->dispatch()
#4 {main}<br />code=0<br />File=D:\webserver\frame\library\core.php<br />line=191<br />Message=view file not exit<br />TraceAsString=#0 D:\webserver\frame\library\frame.php(117): View->render('test/test', false)
#1 D:\webserver\frame\library\frame.php(60): Frame->_run(Array)
#2 D:\webserver\frame\app\bootstrap.php(33): Frame->run(Array)
#3 D:\webserver\frame\index.php(51): bootstrap->dispatch()
#4 {main}<br />code=0<br />File=D:\webserver\frame\library\core.php<br />line=191<br />Message=view file not exit<br />TraceAsString=#0 D:\webserver\frame\library\frame.php(117): View->render('test/test', false)
#1 D:\webserver\frame\library\frame.php(60): Frame->_run(Array)
#2 D:\webserver\frame\app\bootstrap.php(33): Frame->run(Array)
#3 D:\webserver\frame\index.php(51): bootstrap->dispatch()
#4 {main}<br />code=0<br />File=D:\webserver\frame\library\core.php<br />line=191<br />Message=view file not exit<br />TraceAsString=#0 D:\webserver\frame\library\frame.php(117): View->render('test/test', false)
#1 D:\webserver\frame\library\frame.php(60): Frame->_run(Array)
#2 D:\webserver\frame\app\bootstrap.php(33): Frame->run(Array)
#3 D:\webserver\frame\index.php(51): bootstrap->dispatch()
#4 {main}<br />code=0<br />File=D:\webserver\frame\library\core.php<br />line=191<br />Message=view file not exit<br />TraceAsString=#0 D:\webserver\frame\library\frame.php(117): View->render('test/test', false)
#1 D:\webserver\frame\library\frame.php(60): Frame->_run(Array)
#2 D:\webserver\frame\app\bootstrap.php(33): Frame->run(Array)
#3 D:\webserver\frame\index.php(51): bootstrap->dispatch()
#4 {main}<br />code=404<br />File=D:\webserver\frame\library\frame.php<br />line=79<br />Message=load D:\webserver\frame\app\controller\info.php.php fail <br />TraceAsString=#0 D:\webserver\frame\library\frame.php(60): Frame->_run(Array)
#1 D:\webserver\frame\app\bootstrap.php(33): Frame->run(Array)
#2 D:\webserver\frame\index.php(51): bootstrap->dispatch()
#3 {main}<br />code=404<br />File=D:\webserver\frame\library\frame.php<br />line=79<br />Message=load D:\webserver\frame\app\controller\info.php.php fail <br />TraceAsString=#0 D:\webserver\frame\library\frame.php(60): Frame->_run(Array)
#1 D:\webserver\frame\app\bootstrap.php(33): Frame->run(Array)
#2 D:\webserver\frame\index.php(51): bootstrap->dispatch()
#3 {main}<br />code=404<br />File=D:\webserver\frame\library\frame.php<br />line=79<br />Message=load D:\webserver\frame\app\controller\info.php.php fail <br />TraceAsString=#0 D:\webserver\frame\library\frame.php(60): Frame->_run(Array)
#1 D:\webserver\frame\app\bootstrap.php(33): Frame->run(Array)
#2 D:\webserver\frame\index.php(51): bootstrap->dispatch()
#3 {main}<br />code=404<br />File=D:\webserver\frame\library\frame.php<br />line=79<br />Message=load D:\webserver\frame\app\controller\info.php.php fail <br />TraceAsString=#0 D:\webserver\frame\library\frame.php(60): Frame->_run(Array)
#1 D:\webserver\frame\app\bootstrap.php(33): Frame->run(Array)
#2 D:\webserver\frame\index.php(51): bootstrap->dispatch()
#3 {main}<br />code=404<br />File=D:\webserver\frame\library\frame.php<br />line=79<br />Message=load D:\webserver\frame\app\controller\info.php.php fail <br />TraceAsString=#0 D:\webserver\frame\library\frame.php(60): Frame->_run(Array)
#1 D:\webserver\frame\app\bootstrap.php(33): Frame->run(Array)
#2 D:\webserver\frame\index.php(51): bootstrap->dispatch()
#3 {main}<br />code=404<br />File=D:\webserver\frame\library\frame.php<br />line=79<br />Message=load D:\webserver\frame\app\controller\info.php.php fail <br />TraceAsString=#0 D:\webserver\frame\library\frame.php(60): Frame->_run(Array)
#1 D:\webserver\frame\app\bootstrap.php(33): Frame->run(Array)
#2 D:\webserver\frame\index.php(51): bootstrap->dispatch()
#3 {main}<br />code=404<br />File=D:\webserver\frame\library\frame.php<br />line=79<br />Message=load D:\webserver\frame\app\controller\info.php.php fail <br />TraceAsString=#0 D:\webserver\frame\library\frame.php(60): Frame->_run(Array)
#1 D:\webserver\frame\app\bootstrap.php(33): Frame->run(Array)
#2 D:\webserver\frame\index.php(51): bootstrap->dispatch()
#3 {main}<br />code=404<br />File=D:\webserver\frame\library\frame.php<br />line=79<br />Message=load D:\webserver\frame\app\controller\info.php.php fail <br />TraceAsString=#0 D:\webserver\frame\library\frame.php(60): Frame->_run(Array)
#1 D:\webserver\frame\app\bootstrap.php(33): Frame->run(Array)
#2 D:\webserver\frame\index.php(51): bootstrap->dispatch()
#3 {main}<br />code=404<br />File=D:\webserver\frame\library\frame.php<br />line=79<br />Message=load D:\webserver\frame\app\controller\info.php.php fail <br />TraceAsString=#0 D:\webserver\frame\library\frame.php(60): Frame->_run(Array)
#1 D:\webserver\frame\app\bootstrap.php(33): Frame->run(Array)
#2 D:\webserver\frame\index.php(51): bootstrap->dispatch()
#3 {main}<br />code=404<br />File=D:\webserver\frame\library\frame.php<br />line=79<br />Message=load D:\webserver\frame\app\controller\info.php.php fail <br />TraceAsString=#0 D:\webserver\frame\library\frame.php(60): Frame->_run(Array)
#1 D:\webserver\frame\app\bootstrap.php(33): Frame->run(Array)
#2 D:\webserver\frame\index.php(51): bootstrap->dispatch()
#3 {main}<br />code=404<br />File=D:\webserver\frame\library\frame.php<br />line=79<br />Message=load D:\webserver\frame\app\controller\info.php.php fail <br />TraceAsString=#0 D:\webserver\frame\library\frame.php(60): Frame->_run(Array)
#1 D:\webserver\frame\app\bootstrap.php(33): Frame->run(Array)
#2 D:\webserver\frame\index.php(51): bootstrap->dispatch()
#3 {main}<br />code=404<br />File=D:\webserver\frame\library\frame.php<br />line=79<br />Message=load D:\webserver\frame\app\controller\info.php.php fail <br />TraceAsString=#0 D:\webserver\frame\library\frame.php(60): Frame->_run(Array)
#1 D:\webserver\frame\app\bootstrap.php(33): Frame->run(Array)
#2 D:\webserver\frame\index.php(51): bootstrap->dispatch()
#3 {main}<br />code=404<br />File=D:\webserver\frame\library\frame.php<br />line=79<br />Message=load D:\webserver\frame\app\controller\index.php.php fail <br />TraceAsString=#0 D:\webserver\frame\library\frame.php(60): Frame->_run(Array)
#1 D:\webserver\frame\app\bootstrap.php(33): Frame->run(Array)
#2 D:\webserver\frame\index.php(51): bootstrap->dispatch()
#3 {main}<br />code=404<br />File=D:\webserver\frame\library\frame.php<br />line=79<br />Message=load D:\webserver\frame\app\controller\info.php.php fail <br />TraceAsString=#0 D:\webserver\frame\library\frame.php(60): Frame->_run(Array)
#1 D:\webserver\frame\app\bootstrap.php(33): Frame->run(Array)
#2 D:\webserver\frame\index.php(51): bootstrap->dispatch()
#3 {main}<br />code=404<br />File=D:\webserver\frame\library\frame.php<br />line=96<br />Message=load Action_test fail <br />TraceAsString=#0 D:\webserver\frame\library\frame.php(60): Frame->_run(Array)
#1 D:\webserver\frame\app\bootstrap.php(33): Frame->run(Array)
#2 D:\webserver\frame\index.php(51): bootstrap->dispatch()
#3 {main}<br />code=404<br />File=D:\webserver\frame\library\frame.php<br />line=95<br />Message=load Action_test fail <br />TraceAsString=#0 D:\webserver\frame\library\frame.php(60): Frame->_run(Array)
#1 D:\webserver\frame\app\bootstrap.php(33): Frame->run(Array)
#2 D:\webserver\frame\index.php(51): bootstrap->dispatch()
#3 {main}<br />code=404<br />File=D:\webserver\frame\library\frame.php<br />line=95<br />Message=load Action_test fail <br />TraceAsString=#0 D:\webserver\frame\library\frame.php(60): Frame->_run(Array)
#1 D:\webserver\frame\app\bootstrap.php(33): Frame->run(Array)
#2 D:\webserver\frame\index.php(51): bootstrap->dispatch()
#3 {main}<br />code=404<br />File=D:\webserver\frame\library\frame.php<br />line=95<br />Message=load Action_test fail <br />TraceAsString=#0 D:\webserver\frame\library\frame.php(60): Frame->_run(Array)
#1 D:\webserver\frame\app\bootstrap.php(33): Frame->run(Array)
#2 D:\webserver\frame\index.php(51): bootstrap->dispatch()
#3 {main}<br />code=404<br />File=D:\webserver\frame\library\frame.php<br />line=79<br />Message=load D:\webserver\frame\app\controller\test?id=2.php fail <br />TraceAsString=#0 D:\webserver\frame\library\frame.php(60): Frame->_run(Array)
#1 D:\webserver\frame\app\bootstrap.php(33): Frame->run(Array)
#2 D:\webserver\frame\index.php(51): bootstrap->dispatch()
#3 {main}<br />code=404<br />File=D:\webserver\frame\library\frame.php<br />line=79<br />Message=load D:\webserver\frame\app\controller\?id=2.php fail <br />TraceAsString=#0 D:\webserver\frame\library\frame.php(60): Frame->_run(Array)
#1 D:\webserver\frame\app\bootstrap.php(33): Frame->run(Array)
#2 D:\webserver\frame\index.php(51): bootstrap->dispatch()
#3 {main}<br />code=0<br />File=D:\webserver\frame\library\core.php<br />line=191<br />Message=view file not exit<br />TraceAsString=#0 D:\webserver\frame\library\frame.php(116): View->render('test/index', false)
#1 D:\webserver\frame\library\frame.php(60): Frame->_run(Array)
#2 D:\webserver\frame\app\bootstrap.php(33): Frame->run(Array)
#3 D:\webserver\frame\index.php(51): bootstrap->dispatch()
#4 {main}<br />code=404<br />File=D:\webserver\frame\library\frame.php<br />line=79<br />Message=load D:\webserver\frame\app\controller\.php fail <br />TraceAsString=#0 D:\webserver\frame\library\frame.php(60): Frame->_run(Array)
#1 D:\webserver\frame\app\bootstrap.php(33): Frame->run(Array)
#2 D:\webserver\frame\index.php(51): bootstrap->dispatch()
#3 {main}<br />code=404<br />File=D:\webserver\frame\library\frame.php<br />line=79<br />Message=load D:\webserver\frame\app\controller\.php fail <br />TraceAsString=#0 D:\webserver\frame\library\frame.php(60): Frame->_run(Array)
#1 D:\webserver\frame\app\bootstrap.php(33): Frame->run(Array)
#2 D:\webserver\frame\index.php(51): bootstrap->dispatch()
#3 {main}<br />code=404<br />File=D:\webserver\frame\library\frame.php<br />line=79<br />Message=load D:\webserver\frame\app\controller\.php fail <br />TraceAsString=#0 D:\webserver\frame\library\frame.php(60): Frame->_run(Array)
#1 D:\webserver\frame\app\bootstrap.php(33): Frame->run(Array)
#2 D:\webserver\frame\index.php(51): bootstrap->dispatch()
#3 {main}<br />code=404<br />File=D:\webserver\frame\library\frame.php<br />line=79<br />Message=load D:\webserver\frame\app\controller\.php fail <br />TraceAsString=#0 D:\webserver\frame\library\frame.php(60): Frame->_run(Array)
#1 D:\webserver\frame\app\bootstrap.php(33): Frame->run(Array)
#2 D:\webserver\frame\index.php(51): bootstrap->dispatch()
#3 {main}<br />code=404<br />File=D:\webserver\frame\library\frame.php<br />line=79<br />Message=load D:\webserver\frame\app\controller\.php fail <br />TraceAsString=#0 D:\webserver\frame\library\frame.php(60): Frame->_run(Array)
#1 D:\webserver\frame\app\bootstrap.php(33): Frame->run(Array)
#2 D:\webserver\frame\index.php(51): bootstrap->dispatch()
#3 {main}<br />code=404<br />File=D:\webserver\frame\library\frame.php<br />line=79<br />Message=load D:\webserver\frame\app\controller\.php fail <br />TraceAsString=#0 D:\webserver\frame\library\frame.php(60): Frame->_run(Array)
#1 D:\webserver\frame\app\bootstrap.php(33): Frame->run(Array)
#2 D:\webserver\frame\index.php(51): bootstrap->dispatch()
#3 {main}<br />code=404<br />File=D:\webserver\frame\library\frame.php<br />line=79<br />Message=load D:\webserver\frame\app\controller\.php fail <br />TraceAsString=#0 D:\webserver\frame\library\frame.php(60): Frame->_run(Array)
#1 D:\webserver\frame\app\bootstrap.php(33): Frame->run(Array)
#2 D:\webserver\frame\index.php(51): bootstrap->dispatch()
#3 {main}<br />code=404<br />File=D:\webserver\frame\library\frame.php<br />line=79<br />Message=load D:\webserver\frame\app\controller\.php fail <br />TraceAsString=#0 D:\webserver\frame\library\frame.php(60): Frame->_run(Array)
#1 D:\webserver\frame\app\bootstrap.php(33): Frame->run(Array)
#2 D:\webserver\frame\index.php(51): bootstrap->dispatch()
#3 {main}<br />code=404<br />File=D:\webserver\frame\library\frame.php<br />line=79<br />Message=load D:\webserver\frame\app\controller\.php fail <br />TraceAsString=#0 D:\webserver\frame\library\frame.php(60): Frame->_run(Array)
#1 D:\webserver\frame\app\bootstrap.php(33): Frame->run(Array)
#2 D:\webserver\frame\index.php(51): bootstrap->dispatch()
#3 {main}<br />code=404<br />File=D:\webserver\frame\library\frame.php<br />line=79<br />Message=load D:\webserver\frame\app\controller\.php fail <br />TraceAsString=#0 D:\webserver\frame\library\frame.php(60): Frame->_run(Array)
#1 D:\webserver\frame\app\bootstrap.php(33): Frame->run(Array)
#2 D:\webserver\frame\index.php(51): bootstrap->dispatch()
#3 {main}<br />code=404<br />File=D:\webserver\frame\library\frame.php<br />line=79<br />Message=load D:\webserver\frame\app\controller\.php fail <br />TraceAsString=#0 D:\webserver\frame\library\frame.php(60): Frame->_run(Array)
#1 D:\webserver\frame\app\bootstrap.php(33): Frame->run(Array)
#2 D:\webserver\frame\index.php(51): bootstrap->dispatch()
#3 {main}<br />code=404<br />File=D:\webserver\frame\library\frame.php<br />line=79<br />Message=load D:\webserver\frame\app\controller\.php fail <br />TraceAsString=#0 D:\webserver\frame\library\frame.php(60): Frame->_run(Array)
#1 D:\webserver\frame\app\bootstrap.php(33): Frame->run(Array)
#2 D:\webserver\frame\index.php(51): bootstrap->dispatch()
#3 {main}<br />code=404<br />File=D:\webserver\frame\library\frame.php<br />line=79<br />Message=load D:\webserver\frame\app\controller\.php fail <br />TraceAsString=#0 D:\webserver\frame\library\frame.php(60): Frame->_run(Array)
#1 D:\webserver\frame\app\bootstrap.php(33): Frame->run(Array)
#2 D:\webserver\frame\index.php(51): bootstrap->dispatch()
#3 {main}<br />code=404<br />File=D:\webserver\frame\library\frame.php<br />line=79<br />Message=load D:\webserver\frame\app\controller\.php fail <br />TraceAsString=#0 D:\webserver\frame\library\frame.php(60): Frame->_run(Array)
#1 D:\webserver\frame\app\bootstrap.php(33): Frame->run(Array)
#2 D:\webserver\frame\index.php(51): bootstrap->dispatch()
#3 {main}<br />code=404<br />File=D:\webserver\frame\library\frame.php<br />line=79<br />Message=load D:\webserver\frame\app\controller\.php fail <br />TraceAsString=#0 D:\webserver\frame\library\frame.php(60): Frame->_run(Array)
#1 D:\webserver\frame\app\bootstrap.php(33): Frame->run(Array)
#2 D:\webserver\frame\index.php(51): bootstrap->dispatch()
#3 {main}<br />code=404<br />File=D:\webserver\frame\library\frame.php<br />line=79<br />Message=load D:\webserver\frame\app\controller\.php fail <br />TraceAsString=#0 D:\webserver\frame\library\frame.php(60): Frame->_run(Array)
#1 D:\webserver\frame\app\bootstrap.php(33): Frame->run(Array)
#2 D:\webserver\frame\index.php(51): bootstrap->dispatch()
#3 {main}<br />code=404<br />File=D:\webserver\frame\library\frame.php<br />line=79<br />Message=load D:\webserver\frame\app\controller\.php fail <br />TraceAsString=#0 D:\webserver\frame\library\frame.php(60): Frame->_run(Array)
#1 D:\webserver\frame\app\bootstrap.php(33): Frame->run(Array)
#2 D:\webserver\frame\index.php(51): bootstrap->dispatch()
#3 {main}<br />code=404<br />File=D:\webserver\frame\library\frame.php<br />line=79<br />Message=load D:\webserver\frame\app\controller\.php fail <br />TraceAsString=#0 D:\webserver\frame\library\frame.php(60): Frame->_run(Array)
#1 D:\webserver\frame\app\bootstrap.php(33): Frame->run(Array)
#2 D:\webserver\frame\index.php(51): bootstrap->dispatch()
#3 {main}<br />code=0<br />File=D:\webserver\frame\library\request.php<br />line=222<br />Message=Invalid value passed to setQuery(); must be either array of values or key/value pair<br />TraceAsString=#0 D:\webserver\frame\library\router.php(27): Request->setQuery()
#1 D:\webserver\frame\app\bootstrap.php(28): Router->mapping('/test/test/id/2...')
#2 D:\webserver\frame\index.php(51): bootstrap->dispatch()
#3 {main}<br />code=0<br />File=D:\webserver\frame\library\core.php<br />line=191<br />Message=view file not exit<br />TraceAsString=#0 D:\webserver\frame\library\frame.php(116): View->render('test/test', false)
#1 D:\webserver\frame\library\frame.php(60): Frame->_run(Array)
#2 D:\webserver\frame\app\bootstrap.php(33): Frame->run(Array)
#3 D:\webserver\frame\index.php(51): bootstrap->dispatch()
#4 {main}<br />code=0<br />File=D:\webserver\frame\library\core.php<br />line=191<br />Message=view file not exit<br />TraceAsString=#0 D:\webserver\frame\library\frame.php(116): View->render('test/test', false)
#1 D:\webserver\frame\library\frame.php(60): Frame->_run(Array)
#2 D:\webserver\frame\app\bootstrap.php(33): Frame->run(Array)
#3 D:\webserver\frame\index.php(51): bootstrap->dispatch()
#4 {main}<br />code=0<br />File=D:\webserver\frame\library\request.php<br />line=222<br />Message=Invalid value passed to setQuery(); must be either array of values or key/value pair<br />TraceAsString=#0 D:\webserver\frame\library\router.php(27): Request->setQuery('pid', NULL)
#1 D:\webserver\frame\app\bootstrap.php(28): Router->mapping('/test/test/id/2...')
#2 D:\webserver\frame\index.php(51): bootstrap->dispatch()
#3 {main}<br />code=404<br />File=D:\webserver\frame\library\frame.php<br />line=95<br />Message=load Action_test fail <br />TraceAsString=#0 D:\webserver\frame\library\frame.php(60): Frame->_run(Array)
#1 D:\webserver\frame\app\bootstrap.php(33): Frame->run(Array)
#2 D:\webserver\frame\index.php(51): bootstrap->dispatch()
#3 {main}<br />code=404<br />File=D:\webserver\frame\library\frame.php<br />line=95<br />Message=load Action_test fail <br />TraceAsString=#0 D:\webserver\frame\library\frame.php(60): Frame->_run(Array)
#1 D:\webserver\frame\app\bootstrap.php(33): Frame->run(Array)
#2 D:\webserver\frame\index.php(51): bootstrap->dispatch()
#3 {main}<br />code=404<br />File=D:\webserver\frame\library\frame.php<br />line=95<br />Message=load Action_test fail <br />TraceAsString=#0 D:\webserver\frame\library\frame.php(60): Frame->_run(Array)
#1 D:\webserver\frame\app\bootstrap.php(33): Frame->run(Array)
#2 D:\webserver\frame\index.php(51): bootstrap->dispatch()
#3 {main}<br />code=404<br />File=D:\webserver\frame\library\frame.php<br />line=95<br />Message=load Action_test fail <br />TraceAsString=#0 D:\webserver\frame\library\frame.php(60): Frame->_run(Array)
#1 D:\webserver\frame\app\bootstrap.php(33): Frame->run(Array)
#2 D:\webserver\frame\index.php(51): bootstrap->dispatch()
#3 {main}<br />code=404<br />File=D:\webserver\frame\library\frame.php<br />line=95<br />Message=load Action_test fail <br />TraceAsString=#0 D:\webserver\frame\library\frame.php(60): Frame->_run(Array)
#1 D:\webserver\frame\app\bootstrap.php(33): Frame->run(Array)
#2 D:\webserver\frame\index.php(51): bootstrap->dispatch()
#3 {main}<br />code=404<br />File=D:\webserver\frame\library\frame.php<br />line=95<br />Message=load Action_test fail <br />TraceAsString=#0 D:\webserver\frame\library\frame.php(60): Frame->_run(Array)
#1 D:\webserver\frame\app\bootstrap.php(33): Frame->run(Array)
#2 D:\webserver\frame\index.php(51): bootstrap->dispatch()
#3 {main}<br />code=404<br />File=D:\webserver\frame\library\frame.php<br />line=95<br />Message=load Action_test fail <br />TraceAsString=#0 D:\webserver\frame\library\frame.php(60): Frame->_run(Array)
#1 D:\webserver\frame\app\bootstrap.php(33): Frame->run(Array)
#2 D:\webserver\frame\index.php(51): bootstrap->dispatch()
#3 {main}<br />code=404<br />File=D:\webserver\frame\library\frame.php<br />line=95<br />Message=load Action_test fail <br />TraceAsString=#0 D:\webserver\frame\library\frame.php(60): Frame->_run(Array)
#1 D:\webserver\frame\app\bootstrap.php(33): Frame->run(Array)
#2 D:\webserver\frame\index.php(51): bootstrap->dispatch()
#3 {main}<br />code=0<br />File=D:\webserver\frame\library\core.php<br />line=191<br />Message=view file not exit<br />TraceAsString=#0 D:\webserver\frame\library\frame.php(116): View->render('test/index', false)
#1 D:\webserver\frame\library\frame.php(60): Frame->_run(Array)
#2 D:\webserver\frame\app\bootstrap.php(33): Frame->run(Array)
#3 D:\webserver\frame\index.php(51): bootstrap->dispatch()
#4 {main}<br />code=0<br />File=D:\webserver\frame\library\core.php<br />line=191<br />Message=view file not exit<br />TraceAsString=#0 D:\webserver\frame\library\frame.php(116): View->render('test/index', false)
#1 D:\webserver\frame\library\frame.php(60): Frame->_run(Array)
#2 D:\webserver\frame\app\bootstrap.php(33): Frame->run(Array)
#3 D:\webserver\frame\index.php(51): bootstrap->dispatch()
#4 {main}<br />code=404<br />File=D:\webserver\frame\library\frame.php<br />line=79<br />Message=load D:\webserver\frame\app\controller\.php fail <br />TraceAsString=#0 D:\webserver\frame\library\frame.php(60): Frame->_run(Array)
#1 D:\webserver\frame\app\bootstrap.php(33): Frame->run(Array)
#2 D:\webserver\frame\index.php(51): bootstrap->dispatch()
#3 {main}<br />code=404<br />File=D:\webserver\frame\library\frame.php<br />line=79<br />Message=load D:\webserver\frame\app\controller\.php fail <br />TraceAsString=#0 D:\webserver\frame\library\frame.php(60): Frame->_run(Array)
#1 D:\webserver\frame\app\bootstrap.php(33): Frame->run(Array)
#2 D:\webserver\frame\index.php(51): bootstrap->dispatch()
#3 {main}<br />code=404<br />File=D:\webserver\frame\library\frame.php<br />line=79<br />Message=load D:\webserver\frame\app\controller\.php fail <br />TraceAsString=#0 D:\webserver\frame\library\frame.php(60): Frame->_run(Array)
#1 D:\webserver\frame\app\bootstrap.php(33): Frame->run(Array)
#2 D:\webserver\frame\index.php(51): bootstrap->dispatch()
#3 {main}<br />code=404<br />File=D:\webserver\frame\library\frame.php<br />line=79<br />Message=load D:\webserver\frame\app\controller\.php fail <br />TraceAsString=#0 D:\webserver\frame\library\frame.php(60): Frame->_run(Array)
#1 D:\webserver\frame\app\bootstrap.php(33): Frame->run(Array)
#2 D:\webserver\frame\index.php(51): bootstrap->dispatch()
#3 {main}<br />code=404<br />File=D:\webserver\frame\library\frame.php<br />line=79<br />Message=load D:\webserver\frame\app\controller\.php fail <br />TraceAsString=#0 D:\webserver\frame\library\frame.php(60): Frame->_run(Array)
#1 D:\webserver\frame\app\bootstrap.php(33): Frame->run(Array)
#2 D:\webserver\frame\index.php(51): bootstrap->dispatch()
#3 {main}<br />code=404<br />File=D:\webserver\frame\library\frame.php<br />line=79<br />Message=load D:\webserver\frame\app\controller\.php fail <br />TraceAsString=#0 D:\webserver\frame\library\frame.php(60): Frame->_run(Array)
#1 D:\webserver\frame\app\bootstrap.php(33): Frame->run(Array)
#2 D:\webserver\frame\index.php(51): bootstrap->dispatch()
#3 {main}<br />code=404<br />File=D:\webserver\frame\library\frame.php<br />line=79<br />Message=load D:\webserver\frame\app\controller\.php fail <br />TraceAsString=#0 D:\webserver\frame\library\frame.php(60): Frame->_run(Array)
#1 D:\webserver\frame\app\bootstrap.php(33): Frame->run(Array)
#2 D:\webserver\frame\index.php(51): bootstrap->dispatch()
#3 {main}<br />code=404<br />File=D:\webserver\frame\library\frame.php<br />line=79<br />Message=load D:\webserver\frame\app\controller\.php fail <br />TraceAsString=#0 D:\webserver\frame\library\frame.php(60): Frame->_run(Array)
#1 D:\webserver\frame\app\bootstrap.php(33): Frame->run(Array)
#2 D:\webserver\frame\index.php(51): bootstrap->dispatch()
#3 {main}<br />code=404<br />File=D:\webserver\frame\library\frame.php<br />line=79<br />Message=load D:\webserver\frame\app\controller\.php fail <br />TraceAsString=#0 D:\webserver\frame\library\frame.php(60): Frame->_run(Array)
#1 D:\webserver\frame\app\bootstrap.php(33): Frame->run(Array)
#2 D:\webserver\frame\index.php(51): bootstrap->dispatch()
#3 {main}<br />code=404<br />File=D:\webserver\frame\library\frame.php<br />line=79<br />Message=load D:\webserver\frame\app\controller\?.php fail <br />TraceAsString=#0 D:\webserver\frame\library\frame.php(60): Frame->_run(Array)
#1 D:\webserver\frame\app\bootstrap.php(33): Frame->run(Array)
#2 D:\webserver\frame\index.php(51): bootstrap->dispatch()
#3 {main}<br />code=404<br />File=D:\webserver\frame\library\frame.php<br />line=79<br />Message=load D:\webserver\frame\app\controller\?.php fail <br />TraceAsString=#0 D:\webserver\frame\library\frame.php(60): Frame->_run(Array)
#1 D:\webserver\frame\app\bootstrap.php(33): Frame->run(Array)
#2 D:\webserver\frame\index.php(51): bootstrap->dispatch()
#3 {main}<br />code=404<br />File=D:\webserver\frame\library\frame.php<br />line=79<br />Message=load D:\webserver\frame\app\controller\?.php fail <br />TraceAsString=#0 D:\webserver\frame\library\frame.php(60): Frame->_run(Array)
#1 D:\webserver\frame\app\bootstrap.php(33): Frame->run(Array)
#2 D:\webserver\frame\index.php(51): bootstrap->dispatch()
#3 {main}<br />code=404<br />File=D:\webserver\frame\library\frame.php<br />line=79<br />Message=load D:\webserver\frame\app\controller\?.php fail <br />TraceAsString=#0 D:\webserver\frame\library\frame.php(60): Frame->_run(Array)
#1 D:\webserver\frame\app\bootstrap.php(33): Frame->run(Array)
#2 D:\webserver\frame\index.php(51): bootstrap->dispatch()
#3 {main}<br />code=404<br />File=D:\webserver\frame\library\frame.php<br />line=79<br />Message=load D:\webserver\frame\app\controller\?.php fail <br />TraceAsString=#0 D:\webserver\frame\library\frame.php(60): Frame->_run(Array)
#1 D:\webserver\frame\app\bootstrap.php(33): Frame->run(Array)
#2 D:\webserver\frame\index.php(51): bootstrap->dispatch()
#3 {main}<br />code=404<br />File=D:\webserver\frame\library\frame.php<br />line=79<br />Message=load D:\webserver\frame\app\controller\?.php fail <br />TraceAsString=#0 D:\webserver\frame\library\frame.php(60): Frame->_run(Array)
#1 D:\webserver\frame\app\bootstrap.php(33): Frame->run(Array)
#2 D:\webserver\frame\index.php(51): bootstrap->dispatch()
#3 {main}<br />code=404<br />File=D:\webserver\frame\library\frame.php<br />line=79<br />Message=load D:\webserver\frame\app\controller\.php fail <br />TraceAsString=#0 D:\webserver\frame\library\frame.php(60): Frame->_run(Array)
#1 D:\webserver\frame\app\bootstrap.php(33): Frame->run(Array)
#2 D:\webserver\frame\index.php(51): bootstrap->dispatch()
#3 {main}<br />code=404<br />File=D:\webserver\frame\library\frame.php<br />line=79<br />Message=load D:\webserver\frame\app\controller\.php fail <br />TraceAsString=#0 D:\webserver\frame\library\frame.php(60): Frame->_run(Array)
#1 D:\webserver\frame\app\bootstrap.php(33): Frame->run(Array)
#2 D:\webserver\frame\index.php(51): bootstrap->dispatch()
#3 {main}<br />code=404<br />File=D:\webserver\frame\library\frame.php<br />line=79<br />Message=load D:\webserver\frame\app\controller\.php fail <br />TraceAsString=#0 D:\webserver\frame\library\frame.php(60): Frame->_run(Array)
#1 D:\webserver\frame\app\bootstrap.php(33): Frame->run(Array)
#2 D:\webserver\frame\index.php(51): bootstrap->dispatch()
#3 {main}<br />code=404<br />File=D:\webserver\frame\library\frame.php<br />line=79<br />Message=load D:\webserver\frame\app\controller\.php fail <br />TraceAsString=#0 D:\webserver\frame\library\frame.php(60): Frame->_run(Array)
#1 D:\webserver\frame\app\bootstrap.php(33): Frame->run(Array)
#2 D:\webserver\frame\index.php(51): bootstrap->dispatch()
#3 {main}<br />code=404<br />File=D:\webserver\frame\library\frame.php<br />line=79<br />Message=load D:\webserver\frame\app\controller\.php fail <br />TraceAsString=#0 D:\webserver\frame\library\frame.php(60): Frame->_run(Array)
#1 D:\webserver\frame\app\bootstrap.php(33): Frame->run(Array)
#2 D:\webserver\frame\index.php(51): bootstrap->dispatch()
#3 {main}<br />code=404<br />File=D:\webserver\frame\library\frame.php<br />line=79<br />Message=load D:\webserver\frame\app\controller\.php fail <br />TraceAsString=#0 D:\webserver\frame\library\frame.php(60): Frame->_run(Array)
#1 D:\webserver\frame\app\bootstrap.php(33): Frame->run(Array)
#2 D:\webserver\frame\index.php(51): bootstrap->dispatch()
#3 {main}<br />code=404<br />File=D:\webserver\frame\library\frame.php<br />line=79<br />Message=load D:\webserver\frame\app\controller\.php fail <br />TraceAsString=#0 D:\webserver\frame\library\frame.php(60): Frame->_run(Array)
#1 D:\webserver\frame\app\bootstrap.php(33): Frame->run(Array)
#2 D:\webserver\frame\index.php(51): bootstrap->dispatch()
#3 {main}<br />code=404<br />File=D:\webserver\frame\library\frame.php<br />line=79<br />Message=load D:\webserver\frame\app\controller\.php fail <br />TraceAsString=#0 D:\webserver\frame\library\frame.php(60): Frame->_run(Array)
#1 D:\webserver\frame\app\bootstrap.php(33): Frame->run(Array)
#2 D:\webserver\frame\index.php(51): bootstrap->dispatch()
#3 {main}<br />code=404<br />File=D:\webserver\frame\library\frame.php<br />line=79<br />Message=load D:\webserver\frame\app\controller\.php fail <br />TraceAsString=#0 D:\webserver\frame\library\frame.php(60): Frame->_run(Array)
#1 D:\webserver\frame\app\bootstrap.php(33): Frame->run(Array)
#2 D:\webserver\frame\index.php(51): bootstrap->dispatch()
#3 {main}<br />code=404<br />File=D:\webserver\frame\library\frame.php<br />line=79<br />Message=load D:\webserver\frame\app\controller\.php fail <br />TraceAsString=#0 D:\webserver\frame\library\frame.php(60): Frame->_run(Array)
#1 D:\webserver\frame\app\bootstrap.php(33): Frame->run(Array)
#2 D:\webserver\frame\index.php(51): bootstrap->dispatch()
#3 {main}<br />code=404<br />File=D:\webserver\frame\library\frame.php<br />line=79<br />Message=load D:\webserver\frame\app\controller\.php fail <br />TraceAsString=#0 D:\webserver\frame\library\frame.php(60): Frame->_run(Array)
#1 D:\webserver\frame\app\bootstrap.php(33): Frame->run(Array)
#2 D:\webserver\frame\index.php(51): bootstrap->dispatch()
#3 {main}<br />code=404<br />File=D:\webserver\frame\library\frame.php<br />line=79<br />Message=load D:\webserver\frame\app\controller\.php fail <br />TraceAsString=#0 D:\webserver\frame\library\frame.php(60): Frame->_run(Array)
#1 D:\webserver\frame\app\bootstrap.php(33): Frame->run(Array)
#2 D:\webserver\frame\index.php(51): bootstrap->dispatch()
#3 {main}<br />code=404<br />File=D:\webserver\frame\library\frame.php<br />line=79<br />Message=load D:\webserver\frame\app\controller\.php fail <br />TraceAsString=#0 D:\webserver\frame\library\frame.php(60): Frame->_run(Array)
#1 D:\webserver\frame\app\bootstrap.php(33): Frame->run(Array)
#2 D:\webserver\frame\index.php(51): bootstrap->dispatch()
#3 {main}<br />code=404<br />File=D:\webserver\frame\library\frame.php<br />line=79<br />Message=load D:\webserver\frame\app\controller\.php fail <br />TraceAsString=#0 D:\webserver\frame\library\frame.php(60): Frame->_run(Array)
#1 D:\webserver\frame\app\bootstrap.php(33): Frame->run(Array)
#2 D:\webserver\frame\index.php(51): bootstrap->dispatch()
#3 {main}<br />code=404<br />File=D:\webserver\frame\library\frame.php<br />line=79<br />Message=load D:\webserver\frame\app\controller\.php fail <br />TraceAsString=#0 D:\webserver\frame\library\frame.php(60): Frame->_run(Array)
#1 D:\webserver\frame\app\bootstrap.php(33): Frame->run(Array)
#2 D:\webserver\frame\index.php(51): bootstrap->dispatch()
#3 {main}<br />code=404<br />File=D:\webserver\frame\library\frame.php<br />line=79<br />Message=load D:\webserver\frame\app\controller\.php fail <br />TraceAsString=#0 D:\webserver\frame\library\frame.php(60): Frame->_run(Array)
#1 D:\webserver\frame\app\bootstrap.php(33): Frame->run(Array)
#2 D:\webserver\frame\index.php(51): bootstrap->dispatch()
#3 {main}<br />code=404<br />File=D:\webserver\frame\library\frame.php<br />line=79<br />Message=load D:\webserver\frame\app\controller\.php fail <br />TraceAsString=#0 D:\webserver\frame\library\frame.php(60): Frame->_run(Array)
#1 D:\webserver\frame\app\bootstrap.php(33): Frame->run(Array)
#2 D:\webserver\frame\index.php(51): bootstrap->dispatch()
#3 {main}<br />code=404<br />File=D:\webserver\frame\library\frame.php<br />line=79<br />Message=load D:\webserver\frame\app\controller\.php fail <br />TraceAsString=#0 D:\webserver\frame\library\frame.php(60): Frame->_run(Array)
#1 D:\webserver\frame\app\bootstrap.php(33): Frame->run(Array)
#2 D:\webserver\frame\index.php(51): bootstrap->dispatch()
#3 {main}<br />code=404<br />File=D:\webserver\frame\library\frame.php<br />line=79<br />Message=load D:\webserver\frame\app\controller\.php fail <br />TraceAsString=#0 D:\webserver\frame\library\frame.php(60): Frame->_run(Array)
#1 D:\webserver\frame\app\bootstrap.php(33): Frame->run(Array)
#2 D:\webserver\frame\index.php(51): bootstrap->dispatch()
#3 {main}<br />code=404<br />File=D:\webserver\frame\library\frame.php<br />line=79<br />Message=load D:\webserver\frame\app\controller\.php fail <br />TraceAsString=#0 D:\webserver\frame\library\frame.php(60): Frame->_run(Array)
#1 D:\webserver\frame\app\bootstrap.php(33): Frame->run(Array)
#2 D:\webserver\frame\index.php(51): bootstrap->dispatch()
#3 {main}<br />code=404<br />File=D:\webserver\frame\library\frame.php<br />line=79<br />Message=load D:\webserver\frame\app\controller\.php fail <br />TraceAsString=#0 D:\webserver\frame\library\frame.php(60): Frame->_run(Array)
#1 D:\webserver\frame\app\bootstrap.php(33): Frame->run(Array)
#2 D:\webserver\frame\index.php(51): bootstrap->dispatch()
#3 {main}<br />code=0<br />File=D:\webserver\frame\library\request.php<br />line=222<br />Message=Invalid value passed to setQuery(); must be either array of values or key/value pair<br />TraceAsString=#0 D:\webserver\frame\library\router.php(64): Request->setQuery('', NULL)
#1 D:\webserver\frame\app\bootstrap.php(28): Router->mapping('/?a=2&b=3')
#2 D:\webserver\frame\index.php(51): bootstrap->dispatch()
#3 {main}<br />code=0<br />File=D:\webserver\frame\library\request.php<br />line=222<br />Message=Invalid value passed to setQuery(); must be either array of values or key/value pair<br />TraceAsString=#0 D:\webserver\frame\library\router.php(64): Request->setQuery('', NULL)
#1 D:\webserver\frame\app\bootstrap.php(28): Router->mapping('/?a=2&b=3')
#2 D:\webserver\frame\index.php(51): bootstrap->dispatch()
#3 {main}<br />code=0<br />File=D:\webserver\frame\library\request.php<br />line=222<br />Message=Invalid value passed to setQuery(); must be either array of values or key/value pair<br />TraceAsString=#0 D:\webserver\frame\library\router.php(65): Request->setQuery('', NULL)
#1 D:\webserver\frame\app\bootstrap.php(28): Router->mapping('/?a=2&b=3')
#2 D:\webserver\frame\index.php(51): bootstrap->dispatch()
#3 {main}<br />code=0<br />File=D:\webserver\frame\library\request.php<br />line=222<br />Message=Invalid value passed to setQuery(); must be either array of values or key/value pair<br />TraceAsString=#0 D:\webserver\frame\library\router.php(66): Request->setQuery('', NULL)
#1 D:\webserver\frame\app\bootstrap.php(28): Router->mapping('/?a=2&b=3')
#2 D:\webserver\frame\index.php(51): bootstrap->dispatch()
#3 {main}<br />code=0<br />File=D:\webserver\frame\library\request.php<br />line=222<br />Message=Invalid value passed to setQuery(); must be either array of values or key/value pair<br />TraceAsString=#0 D:\webserver\frame\library\router.php(66): Request->setQuery('', NULL)
#1 D:\webserver\frame\app\bootstrap.php(28): Router->mapping('/?a=2&b=3')
#2 D:\webserver\frame\index.php(51): bootstrap->dispatch()
#3 {main}<br />code=404<br />File=D:\webserver\frame\library\frame.php<br />line=95<br />Message=load Action_test fail <br />TraceAsString=#0 D:\webserver\frame\library\frame.php(60): Frame->_run(Array)
#1 D:\webserver\frame\app\bootstrap.php(33): Frame->run(Array)
#2 D:\webserver\frame\index.php(51): bootstrap->dispatch()
#3 {main}<br />code=404<br />File=D:\webserver\frame\library\frame.php<br />line=95<br />Message=load Action_test fail <br />TraceAsString=#0 D:\webserver\frame\library\frame.php(60): Frame->_run(Array)
#1 D:\webserver\frame\app\bootstrap.php(33): Frame->run(Array)
#2 D:\webserver\frame\index.php(51): bootstrap->dispatch()
#3 {main}<br />code=404<br />File=D:\webserver\frame\library\frame.php<br />line=95<br />Message=load Action_test fail <br />TraceAsString=#0 D:\webserver\frame\library\frame.php(60): Frame->_run(Array)
#1 D:\webserver\frame\app\bootstrap.php(33): Frame->run(Array)
#2 D:\webserver\frame\index.php(51): bootstrap->dispatch()
#3 {main}<br />code=0<br />File=D:\webserver\frame\library\router.php<br />line=63<br />Message=sorry !Illegal url Refer urlRule! <br />TraceAsString=#0 D:\webserver\frame\app\bootstrap.php(28): Router->mapping('/test/b/3/c/4')
#1 D:\webserver\frame\index.php(51): bootstrap->dispatch()
#2 {main}<br />code=0<br />File=D:\webserver\frame\library\router.php<br />line=63<br />Message=sorry !Illegal url Refer urlRule! <br />TraceAsString=#0 D:\webserver\frame\app\bootstrap.php(28): Router->mapping('/test/b/3/c/4')
#1 D:\webserver\frame\index.php(51): bootstrap->dispatch()
#2 {main}<br />code=0<br />File=D:\webserver\frame\library\router.php<br />line=63<br />Message=sorry !Illegal url Refer urlRule! <br />TraceAsString=#0 D:\webserver\frame\app\bootstrap.php(28): Router->mapping('/test/b/3/c/4')
#1 D:\webserver\frame\index.php(51): bootstrap->dispatch()
#2 {main}<br />code=0<br />File=D:\webserver\frame\library\router.php<br />line=63<br />Message=sorry !Illegal url Refer urlRule! <br />TraceAsString=#0 D:\webserver\frame\app\bootstrap.php(28): Router->mapping('/test/b/3/c/4')
#1 D:\webserver\frame\index.php(51): bootstrap->dispatch()
#2 {main}<br />code=0<br />File=D:\webserver\frame\library\router.php<br />line=63<br />Message=sorry !Illegal url Refer urlRule! <br />TraceAsString=#0 D:\webserver\frame\app\bootstrap.php(28): Router->mapping('/test/b/')
#1 D:\webserver\frame\index.php(51): bootstrap->dispatch()
#2 {main}<br />code=0<br />File=D:\webserver\frame\library\router.php<br />line=63<br />Message=sorry !Illegal url Refer urlRule! <br />TraceAsString=#0 D:\webserver\frame\app\bootstrap.php(28): Router->mapping('/test/b')
#1 D:\webserver\frame\index.php(51): bootstrap->dispatch()
#2 {main}<br />code=0<br />File=D:\webserver\frame\library\router.php<br />line=63<br />Message=sorry !Illegal url Refer urlRule! <br />TraceAsString=#0 D:\webserver\frame\app\bootstrap.php(28): Router->mapping('/test/')
#1 D:\webserver\frame\index.php(51): bootstrap->dispatch()
#2 {main}<br />code=0<br />File=D:\webserver\frame\library\router.php<br />line=63<br />Message=sorry !Illegal url Refer urlRule! <br />TraceAsString=#0 D:\webserver\frame\app\bootstrap.php(28): Router->mapping('/test/')
#1 D:\webserver\frame\index.php(51): bootstrap->dispatch()
#2 {main}<br />code=0<br />File=D:\webserver\frame\library\router.php<br />line=63<br />Message=sorry !Illegal url Refer urlRule! <br />TraceAsString=#0 D:\webserver\frame\app\bootstrap.php(28): Router->mapping('/test/index')
#1 D:\webserver\frame\index.php(51): bootstrap->dispatch()
#2 {main}<br />code=0<br />File=D:\webserver\frame\library\router.php<br />line=64<br />Message=sorry !Illegal url Refer urlRule! <br />TraceAsString=#0 D:\webserver\frame\app\bootstrap.php(28): Router->mapping('/test/index')
#1 D:\webserver\frame\index.php(51): bootstrap->dispatch()
#2 {main}<br />code=0<br />File=D:\webserver\frame\library\router.php<br />line=64<br />Message=sorry !Illegal url Refer urlRule! <br />TraceAsString=#0 D:\webserver\frame\app\bootstrap.php(28): Router->mapping('/test/index/bb')
#1 D:\webserver\frame\index.php(51): bootstrap->dispatch()
#2 {main}<br />code=0<br />File=D:\webserver\frame\library\router.php<br />line=64<br />Message=sorry !Illegal url Refer urlRule! <br />TraceAsString=#0 D:\webserver\frame\app\bootstrap.php(28): Router->mapping('/test/index/')
#1 D:\webserver\frame\index.php(51): bootstrap->dispatch()
#2 {main}<br />code=0<br />File=D:\webserver\frame\library\router.php<br />line=64<br />Message=sorry !Illegal url Refer urlRule! <br />TraceAsString=#0 D:\webserver\frame\app\bootstrap.php(28): Router->mapping('/test/index')
#1 D:\webserver\frame\index.php(51): bootstrap->dispatch()
#2 {main}<br />code=0<br />File=D:\webserver\frame\library\router.php<br />line=64<br />Message=sorry !Illegal url Refer urlRule! <br />TraceAsString=#0 D:\webserver\frame\app\bootstrap.php(28): Router->mapping('/test/index/')
#1 D:\webserver\frame\index.php(51): bootstrap->dispatch()
#2 {main}<br />code=404<br />File=D:\webserver\frame\library\frame.php<br />line=79<br />Message=load D:\webserver\frame\app\controller\?a=2&b=4&d=3.php fail <br />TraceAsString=#0 D:\webserver\frame\library\frame.php(60): Frame->_run(Array)
#1 D:\webserver\frame\app\bootstrap.php(33): Frame->run(Array)
#2 D:\webserver\frame\index.php(51): bootstrap->dispatch()
#3 {main}<br />code=404<br />File=D:\webserver\frame\library\frame.php<br />line=79<br />Message=load D:\webserver\frame\app\controller\?a=2&b=4&d=3.php fail <br />TraceAsString=#0 D:\webserver\frame\library\frame.php(60): Frame->_run(Array)
#1 D:\webserver\frame\app\bootstrap.php(33): Frame->run(Array)
#2 D:\webserver\frame\index.php(51): bootstrap->dispatch()
#3 {main}<br />code=404<br />File=D:\webserver\frame\library\frame.php<br />line=79<br />Message=load D:\webserver\frame\app\controller\?a=2&b=4&d=3.php fail <br />TraceAsString=#0 D:\webserver\frame\library\frame.php(60): Frame->_run(Array)
#1 D:\webserver\frame\app\bootstrap.php(33): Frame->run(Array)
#2 D:\webserver\frame\index.php(51): bootstrap->dispatch()
#3 {main}<br />code=404<br />File=D:\webserver\frame\library\frame.php<br />line=79<br />Message=load D:\webserver\frame\app\controller\?a=2&b=4&d=3.php fail <br />TraceAsString=#0 D:\webserver\frame\library\frame.php(60): Frame->_run(Array)
#1 D:\webserver\frame\app\bootstrap.php(33): Frame->run(Array)
#2 D:\webserver\frame\index.php(51): bootstrap->dispatch()
#3 {main}<br />code=404<br />File=D:\webserver\frame\library\frame.php<br />line=79<br />Message=load D:\webserver\frame\app\controller\?a=2&b=4&d=3.php fail <br />TraceAsString=#0 D:\webserver\frame\library\frame.php(60): Frame->_run(Array)
#1 D:\webserver\frame\app\bootstrap.php(33): Frame->run(Array)
#2 D:\webserver\frame\index.php(51): bootstrap->dispatch()
#3 {main}<br />code=404<br />File=D:\webserver\frame\library\frame.php<br />line=79<br />Message=load D:\webserver\frame\app\controller\?a=2&b=4&d=3.php fail <br />TraceAsString=#0 D:\webserver\frame\library\frame.php(60): Frame->_run(Array)
#1 D:\webserver\frame\app\bootstrap.php(33): Frame->run(Array)
#2 D:\webserver\frame\index.php(51): bootstrap->dispatch()
#3 {main}<br />code=404<br />File=D:\webserver\frame\library\frame.php<br />line=79<br />Message=load D:\webserver\frame\app\controller\?a=2&b=4&d=3.php fail <br />TraceAsString=#0 D:\webserver\frame\library\frame.php(60): Frame->_run(Array)
#1 D:\webserver\frame\app\bootstrap.php(33): Frame->run(Array)
#2 D:\webserver\frame\index.php(51): bootstrap->dispatch()
#3 {main}<br />code=404<br />File=D:\webserver\frame\library\frame.php<br />line=79<br />Message=load D:\webserver\frame\app\controller\?a=2&b=4&d=3.php fail <br />TraceAsString=#0 D:\webserver\frame\library\frame.php(60): Frame->_run(Array)
#1 D:\webserver\frame\app\bootstrap.php(33): Frame->run(Array)
#2 D:\webserver\frame\index.php(51): bootstrap->dispatch()
#3 {main}<br />code=404<br />File=D:\webserver\frame\library\frame.php<br />line=79<br />Message=load D:\webserver\frame\app\controller\?a=2&b=4&d=3.php fail <br />TraceAsString=#0 D:\webserver\frame\library\frame.php(60): Frame->_run(Array)
#1 D:\webserver\frame\app\bootstrap.php(33): Frame->run(Array)
#2 D:\webserver\frame\index.php(51): bootstrap->dispatch()
#3 {main}<br />code=404<br />File=D:\webserver\frame\library\frame.php<br />line=79<br />Message=load D:\webserver\frame\app\controller\?a=2&b=4&d=3.php fail <br />TraceAsString=#0 D:\webserver\frame\library\frame.php(60): Frame->_run(Array)
#1 D:\webserver\frame\app\bootstrap.php(33): Frame->run(Array)
#2 D:\webserver\frame\index.php(51): bootstrap->dispatch()
#3 {main}<br />code=404<br />File=D:\webserver\frame\library\frame.php<br />line=79<br />Message=load D:\webserver\frame\app\controller\?a=2&b=4&d=3.php fail <br />TraceAsString=#0 D:\webserver\frame\library\frame.php(60): Frame->_run(Array)
#1 D:\webserver\frame\app\bootstrap.php(33): Frame->run(Array)
#2 D:\webserver\frame\index.php(51): bootstrap->dispatch()
#3 {main}<br />code=404<br />File=D:\webserver\frame\library\frame.php<br />line=79<br />Message=load D:\webserver\frame\app\controller\?a=2&b=4&d=3.php fail <br />TraceAsString=#0 D:\webserver\frame\library\frame.php(60): Frame->_run(Array)
#1 D:\webserver\frame\app\bootstrap.php(33): Frame->run(Array)
#2 D:\webserver\frame\index.php(51): bootstrap->dispatch()
#3 {main}<br />code=404<br />File=D:\webserver\frame\library\frame.php<br />line=79<br />Message=load D:\webserver\frame\app\controller\?a=2&b=4&d=3.php fail <br />TraceAsString=#0 D:\webserver\frame\library\frame.php(60): Frame->_run(Array)
#1 D:\webserver\frame\app\bootstrap.php(33): Frame->run(Array)
#2 D:\webserver\frame\index.php(51): bootstrap->dispatch()
#3 {main}<br />code=404<br />File=D:\webserver\frame\library\frame.php<br />line=79<br />Message=load D:\webserver\frame\app\controller\?a=2&b=4&d=3.php fail <br />TraceAsString=#0 D:\webserver\frame\library\frame.php(60): Frame->_run(Array)
#1 D:\webserver\frame\app\bootstrap.php(33): Frame->run(Array)
#2 D:\webserver\frame\index.php(51): bootstrap->dispatch()
#3 {main}<br />code=404<br />File=D:\webserver\frame\library\frame.php<br />line=79<br />Message=load D:\webserver\frame\app\controller\?a=2&b=4&d=3.php fail <br />TraceAsString=#0 D:\webserver\frame\library\frame.php(60): Frame->_run(Array)
#1 D:\webserver\frame\app\bootstrap.php(33): Frame->run(Array)
#2 D:\webserver\frame\index.php(51): bootstrap->dispatch()
#3 {main}<br />code=404<br />File=D:\webserver\frame\library\frame.php<br />line=79<br />Message=load D:\webserver\frame\app\controller\?a=2&b=4&d=3.php fail <br />TraceAsString=#0 D:\webserver\frame\library\frame.php(60): Frame->_run(Array)
#1 D:\webserver\frame\app\bootstrap.php(33): Frame->run(Array)
#2 D:\webserver\frame\index.php(51): bootstrap->dispatch()
#3 {main}<br />code=404<br />File=D:\webserver\frame\library\frame.php<br />line=79<br />Message=load D:\webserver\frame\app\controller\?a=2&b=4&d=3.php fail <br />TraceAsString=#0 D:\webserver\frame\library\frame.php(60): Frame->_run(Array)
#1 D:\webserver\frame\app\bootstrap.php(33): Frame->run(Array)
#2 D:\webserver\frame\index.php(51): bootstrap->dispatch()
#3 {main}<br />code=404<br />File=D:\webserver\frame\library\frame.php<br />line=79<br />Message=load D:\webserver\frame\app\controller\?a=2&b=4&d=3.php fail <br />TraceAsString=#0 D:\webserver\frame\library\frame.php(60): Frame->_run(Array)
#1 D:\webserver\frame\app\bootstrap.php(33): Frame->run(Array)
#2 D:\webserver\frame\index.php(51): bootstrap->dispatch()
#3 {main}<br />code=404<br />File=D:\webserver\frame\library\frame.php<br />line=79<br />Message=load D:\webserver\frame\app\controller\?a=2&b=4&d=3.php fail <br />TraceAsString=#0 D:\webserver\frame\library\frame.php(60): Frame->_run(Array)
#1 D:\webserver\frame\app\bootstrap.php(33): Frame->run(Array)
#2 D:\webserver\frame\index.php(51): bootstrap->dispatch()
#3 {main}<br />code=404<br />File=D:\webserver\frame\library\frame.php<br />line=79<br />Message=load D:\webserver\frame\app\controller\?a=2&b=4&d=3.php fail <br />TraceAsString=#0 D:\webserver\frame\library\frame.php(60): Frame->_run(Array)
#1 D:\webserver\frame\app\bootstrap.php(33): Frame->run(Array)
#2 D:\webserver\frame\index.php(51): bootstrap->dispatch()
#3 {main}<br />code=404<br />File=D:\webserver\frame\library\frame.php<br />line=79<br />Message=load D:\webserver\frame\app\controller\?a=2&b=4&d=3.php fail <br />TraceAsString=#0 D:\webserver\frame\library\frame.php(60): Frame->_run(Array)
#1 D:\webserver\frame\app\bootstrap.php(33): Frame->run(Array)
#2 D:\webserver\frame\index.php(51): bootstrap->dispatch()
#3 {main}<br />code=404<br />File=D:\webserver\frame\library\frame.php<br />line=79<br />Message=load D:\webserver\frame\app\controller\?a=2&b=4&d=3.php fail <br />TraceAsString=#0 D:\webserver\frame\library\frame.php(60): Frame->_run(Array)
#1 D:\webserver\frame\app\bootstrap.php(33): Frame->run(Array)
#2 D:\webserver\frame\index.php(51): bootstrap->dispatch()
#3 {main}<br />code=404<br />File=D:\webserver\frame\library\frame.php<br />line=79<br />Message=load D:\webserver\frame\app\controller\?a=2&b=4&d=3.php fail <br />TraceAsString=#0 D:\webserver\frame\library\frame.php(60): Frame->_run(Array)
#1 D:\webserver\frame\app\bootstrap.php(33): Frame->run(Array)
#2 D:\webserver\frame\index.php(51): bootstrap->dispatch()
#3 {main}<br />code=404<br />File=D:\webserver\frame\library\frame.php<br />line=79<br />Message=load D:\webserver\frame\app\controller\?a=2&b=4&d=3.php fail <br />TraceAsString=#0 D:\webserver\frame\library\frame.php(60): Frame->_run(Array)
#1 D:\webserver\frame\app\bootstrap.php(33): Frame->run(Array)
#2 D:\webserver\frame\index.php(51): bootstrap->dispatch()
#3 {main}<br />code=404<br />File=D:\webserver\frame\library\frame.php<br />line=79<br />Message=load D:\webserver\frame\app\controller\?a=2&b=4&d=3.php fail <br />TraceAsString=#0 D:\webserver\frame\library\frame.php(60): Frame->_run(Array)
#1 D:\webserver\frame\app\bootstrap.php(33): Frame->run(Array)
#2 D:\webserver\frame\index.php(51): bootstrap->dispatch()
#3 {main}<br />code=404<br />File=D:\webserver\frame\library\frame.php<br />line=79<br />Message=load D:\webserver\frame\app\controller\?a=2&b=4&d=3.php fail <br />TraceAsString=#0 D:\webserver\frame\library\frame.php(60): Frame->_run(Array)
#1 D:\webserver\frame\app\bootstrap.php(33): Frame->run(Array)
#2 D:\webserver\frame\index.php(51): bootstrap->dispatch()
#3 {main}<br />code=404<br />File=D:\webserver\frame\library\frame.php<br />line=79<br />Message=load D:\webserver\frame\app\controller\?a=2&b=4&d=3.php fail <br />TraceAsString=#0 D:\webserver\frame\library\frame.php(60): Frame->_run(Array)
#1 D:\webserver\frame\app\bootstrap.php(33): Frame->run(Array)
#2 D:\webserver\frame\index.php(51): bootstrap->dispatch()
#3 {main}<br />code=404<br />File=D:\webserver\frame\library\frame.php<br />line=79<br />Message=load D:\webserver\frame\app\controller\?a=2&b=4&d=3.php fail <br />TraceAsString=#0 D:\webserver\frame\library\frame.php(60): Frame->_run(Array)
#1 D:\webserver\frame\app\bootstrap.php(33): Frame->run(Array)
#2 D:\webserver\frame\index.php(51): bootstrap->dispatch()
#3 {main}<br />code=404<br />File=D:\webserver\frame\library\frame.php<br />line=79<br />Message=load D:\webserver\frame\app\controller\?a=2&b=4&d=3.php fail <br />TraceAsString=#0 D:\webserver\frame\library\frame.php(60): Frame->_run(Array)
#1 D:\webserver\frame\app\bootstrap.php(33): Frame->run(Array)
#2 D:\webserver\frame\index.php(51): bootstrap->dispatch()
#3 {main}<br />code=404<br />File=D:\webserver\frame\library\frame.php<br />line=79<br />Message=load D:\webserver\frame\app\controller\?a=2&b=4&d=3.php fail <br />TraceAsString=#0 D:\webserver\frame\library\frame.php(60): Frame->_run(Array)
#1 D:\webserver\frame\app\bootstrap.php(33): Frame->run(Array)
#2 D:\webserver\frame\index.php(51): bootstrap->dispatch()
#3 {main}<br />code=404<br />File=D:\webserver\frame\library\frame.php<br />line=79<br />Message=load D:\webserver\frame\app\controller\?a=2&b=4&d=3.php fail <br />TraceAsString=#0 D:\webserver\frame\library\frame.php(60): Frame->_run(Array)
#1 D:\webserver\frame\app\bootstrap.php(33): Frame->run(Array)
#2 D:\webserver\frame\index.php(51): bootstrap->dispatch()
#3 {main}<br />code=404<br />File=D:\webserver\frame\library\frame.php<br />line=79<br />Message=load D:\webserver\frame\app\controller\?a=2&b=4&d=3.php fail <br />TraceAsString=#0 D:\webserver\frame\library\frame.php(60): Frame->_run(Array)
#1 D:\webserver\frame\app\bootstrap.php(33): Frame->run(Array)
#2 D:\webserver\frame\index.php(51): bootstrap->dispatch()
#3 {main}<br />code=0<br />File=D:\webserver\frame\library\router.php<br />line=18<br />Message=sorry !Illegal url Refer urlRule! <br />TraceAsString=#0 D:\webserver\frame\app\bootstrap.php(28): Router->mapping('/?a=2&b=4&d=3')
#1 D:\webserver\frame\index.php(51): bootstrap->dispatch()
#2 {main}<br />code=0<br />File=D:\webserver\frame\library\router.php<br />line=18<br />Message=sorry !Illegal url Refer urlRule! <br />TraceAsString=#0 D:\webserver\frame\app\bootstrap.php(28): Router->mapping('/?a=2&b=4&d=3')
#1 D:\webserver\frame\index.php(51): bootstrap->dispatch()
#2 {main}<br />code=0<br />File=D:\webserver\frame\library\router.php<br />line=18<br />Message=sorry !Illegal url Refer urlRule! <br />TraceAsString=#0 D:\webserver\frame\app\bootstrap.php(28): Router->mapping('/?a=2&b=4&d=3')
#1 D:\webserver\frame\index.php(51): bootstrap->dispatch()
#2 {main}<br />code=0<br />File=D:\webserver\frame\library\router.php<br />line=18<br />Message=sorry !Illegal url Refer urlRule! <br />TraceAsString=#0 D:\webserver\frame\app\bootstrap.php(28): Router->mapping('/?a=2&b=4&d=3')
#1 D:\webserver\frame\index.php(51): bootstrap->dispatch()
#2 {main}<br />code=0<br />File=D:\webserver\frame\library\router.php<br />line=18<br />Message=sorry !Illegal url Refer urlRule! <br />TraceAsString=#0 D:\webserver\frame\app\bootstrap.php(28): Router->mapping('/?a=2&b=4&d=3')
#1 D:\webserver\frame\index.php(51): bootstrap->dispatch()
#2 {main}<br />code=0<br />File=D:\webserver\frame\library\router.php<br />line=18<br />Message=sorry !Illegal url Refer urlRule! <br />TraceAsString=#0 D:\webserver\frame\app\bootstrap.php(28): Router->mapping('/?a=2&b=4&d=3')
#1 D:\webserver\frame\index.php(51): bootstrap->dispatch()
#2 {main}<br />code=0<br />File=D:\webserver\frame\library\router.php<br />line=18<br />Message=sorry !Illegal url Refer urlRule! <br />TraceAsString=#0 D:\webserver\frame\app\bootstrap.php(28): Router->mapping('/?a=2&b=4&d=3')
#1 D:\webserver\frame\index.php(51): bootstrap->dispatch()
#2 {main}<br />code=0<br />File=D:\webserver\frame\library\router.php<br />line=18<br />Message=sorry !Illegal url Refer urlRule! <br />TraceAsString=#0 D:\webserver\frame\app\bootstrap.php(28): Router->mapping('/?a=2&b=4&d=3')
#1 D:\webserver\frame\index.php(51): bootstrap->dispatch()
#2 {main}<br />code=0<br />File=D:\webserver\frame\library\router.php<br />line=18<br />Message=sorry !Illegal url Refer urlRule! <br />TraceAsString=#0 D:\webserver\frame\app\bootstrap.php(28): Router->mapping('/?a=2&b=4&d=3')
#1 D:\webserver\frame\index.php(51): bootstrap->dispatch()
#2 {main}<br />code=0<br />File=D:\webserver\frame\library\router.php<br />line=18<br />Message=sorry !Illegal url Refer urlRule! <br />TraceAsString=#0 D:\webserver\frame\app\bootstrap.php(28): Router->mapping('/?a=2&b=4&d=3')
#1 D:\webserver\frame\index.php(51): bootstrap->dispatch()
#2 {main}<br />code=0<br />File=D:\webserver\frame\library\router.php<br />line=18<br />Message=sorry !Illegal url Refer urlRule! <br />TraceAsString=#0 D:\webserver\frame\app\bootstrap.php(28): Router->mapping('/?a=2&b=4&d=3')
#1 D:\webserver\frame\index.php(51): bootstrap->dispatch()
#2 {main}<br />code=0<br />File=D:\webserver\frame\library\router.php<br />line=18<br />Message=sorry !Illegal url Refer urlRule! <br />TraceAsString=#0 D:\webserver\frame\app\bootstrap.php(28): Router->mapping('/?a=2&b=4&d=3')
#1 D:\webserver\frame\index.php(51): bootstrap->dispatch()
#2 {main}<br />code=0<br />File=D:\webserver\frame\library\router.php<br />line=18<br />Message=sorry !Illegal url Refer urlRule! <br />TraceAsString=#0 D:\webserver\frame\app\bootstrap.php(28): Router->mapping('/?')
#1 D:\webserver\frame\index.php(51): bootstrap->dispatch()
#2 {main}<br />code=0<br />File=D:\webserver\frame\library\router.php<br />line=18<br />Message=sorry !Illegal url Refer urlRule! <br />TraceAsString=#0 D:\webserver\frame\app\bootstrap.php(28): Router->mapping('/=')
#1 D:\webserver\frame\index.php(51): bootstrap->dispatch()
#2 {main}<br />code=0<br />File=D:\webserver\frame\library\router.php<br />line=18<br />Message=sorry !Illegal url Refer urlRule! <br />TraceAsString=#0 D:\webserver\frame\app\bootstrap.php(28): Router->mapping('/&')
#1 D:\webserver\frame\index.php(51): bootstrap->dispatch()
#2 {main}<br />code=404<br />File=D:\webserver\frame\library\frame.php<br />line=95<br />Message=load Action_test fail <br />TraceAsString=#0 D:\webserver\frame\library\frame.php(60): Frame->_run(Array)
#1 D:\webserver\frame\app\bootstrap.php(33): Frame->run(Array)
#2 D:\webserver\frame\index.php(51): bootstrap->dispatch()
#3 {main}<br />code=0<br />File=D:\webserver\frame\library\router.php<br />line=18<br />Message=sorry !Illegal url Refer urlRule! <br />TraceAsString=#0 D:\webserver\frame\app\bootstrap.php(28): Router->mapping('/test/test?id=2')
#1 D:\webserver\frame\index.php(51): bootstrap->dispatch()
#2 {main}<br />code=0<br />File=D:\webserver\frame\library\router.php<br />line=18<br />Message=sorry !Illegal url Refer urlRule! <br />TraceAsString=#0 D:\webserver\frame\app\bootstrap.php(28): Router->mapping('/test/test?id=2')
#1 D:\webserver\frame\index.php(51): bootstrap->dispatch()
#2 {main}<br />code=0<br />File=D:\webserver\frame\library\router.php<br />line=18<br />Message=sorry !Illegal url Refer urlRule! <br />TraceAsString=#0 D:\webserver\frame\app\bootstrap.php(28): Router->mapping('/test/test?id=2')
#1 D:\webserver\frame\index.php(51): bootstrap->dispatch()
#2 {main}<br />code=0<br />File=D:\webserver\frame\library\router.php<br />line=18<br />Message=sorry !Illegal url Refer urlRule! <br />TraceAsString=#0 D:\webserver\frame\app\bootstrap.php(28): Router->mapping('/test/test/?id=...')
#1 D:\webserver\frame\index.php(51): bootstrap->dispatch()
#2 {main}<br />code=0<br />File=D:\webserver\frame\library\router.php<br />line=18<br />Message=sorry !Illegal url Refer urlRule! <br />TraceAsString=#0 D:\webserver\frame\app\bootstrap.php(28): Router->mapping('/test?id=2')
#1 D:\webserver\frame\index.php(51): bootstrap->dispatch()
#2 {main}