<b> NOTICE</b> [8] Use of undefined constant DEBUG - assumed 'DEBUG'<br />
  on line 175 in file D:\webserver\www.framework.com\library\common.php , PHP 5.3.6 (WINNT)<br />
<b> NOTICE</b> [8] Use of undefined constant DEBUG - assumed 'DEBUG'<br />
  on line 175 in file D:\webserver\www.framework.com\library\common.php , PHP 5.3.6 (WINNT)<br />
<b> NOTICE</b> [8] Use of undefined constant DEBUG - assumed 'DEBUG'<br />
  on line 175 in file D:\webserver\www.framework.com\library\common.php , PHP 5.3.6 (WINNT)<br />
<b> NOTICE</b> [8] Use of undefined constant DEBUG - assumed 'DEBUG'<br />
  on line 175 in file D:\webserver\www.framework.com\library\common.php , PHP 5.3.6 (WINNT)<br />
<b> NOTICE</b> [8] Use of undefined constant DEBUG - assumed 'DEBUG'<br />
  on line 175 in file D:\webserver\www.framework.com\library\common.php , PHP 5.3.6 (WINNT)<br />
<b> NOTICE</b> [8] Use of undefined constant DEBUG - assumed 'DEBUG'<br />
  on line 175 in file D:\webserver\www.framework.com\library\common.php , PHP 5.3.6 (WINNT)<br />
<b> NOTICE</b> [8] Use of undefined constant DEBUG - assumed 'DEBUG'<br />
  on line 175 in file D:\webserver\www.framework.com\library\common.php , PHP 5.3.6 (WINNT)<br />
<b> NOTICE</b> [8] Use of undefined constant DEBUG - assumed 'DEBUG'<br />
  on line 175 in file D:\webserver\www.framework.com\library\common.php , PHP 5.3.6 (WINNT)<br />
<b> NOTICE</b> [8] Use of undefined constant DEBUG - assumed 'DEBUG'<br />
  on line 175 in file D:\webserver\www.framework.com\library\common.php , PHP 5.3.6 (WINNT)<br />
<b> NOTICE</b> [8] Use of undefined constant DEBUG - assumed 'DEBUG'<br />
  on line 175 in file D:\webserver\www.framework.com\library\common.php , PHP 5.3.6 (WINNT)<br />
<b> NOTICE</b> [8] Use of undefined constant DEBUG - assumed 'DEBUG'<br />
  on line 175 in file D:\webserver\www.framework.com\library\common.php , PHP 5.3.6 (WINNT)<br />
<b> NOTICE</b> [8] Use of undefined constant DEBUG - assumed 'DEBUG'<br />
  on line 175 in file D:\webserver\www.framework.com\library\common.php , PHP 5.3.6 (WINNT)<br />
<b> NOTICE</b> [8] Use of undefined constant ssds - assumed 'ssds'<br />
  on line 7 in file D:\webserver\www.framework.com\application\controller\index.php , PHP 5.3.6 (WINNT)<br />
<b> NOTICE</b> [8] Use of undefined constant ssds - assumed 'ssds'<br />
  on line 7 in file D:\webserver\www.framework.com\application\controller\index.php , PHP 5.3.6 (WINNT)<br />
<b> NOTICE</b> [8] Undefined index: PATH_INFO<br />
  on line 41 in file D:\webserver\www.framework.com\application\bootstrap.php , PHP 5.3.6 (WINNT)<br />
<b> NOTICE</b> [8] Undefined index: PATH_INFO<br />
  on line 41 in file D:\webserver\www.framework.com\application\bootstrap.php , PHP 5.3.6 (WINNT)<br />
<b> NOTICE</b> [8] Undefined index: PATH_INFO<br />
  on line 41 in file D:\webserver\www.framework.com\application\bootstrap.php , PHP 5.3.6 (WINNT)<br />
<b> NOTICE</b> [8] Undefined index: PATH_INFO<br />
  on line 41 in file D:\webserver\www.framework.com\application\bootstrap.php , PHP 5.3.6 (WINNT)<br />
<b> NOTICE</b> [8] Undefined index: PATH_INFO<br />
  on line 41 in file D:\webserver\www.framework.com\application\bootstrap.php , PHP 5.3.6 (WINNT)<br />
<b> NOTICE</b> [8] Undefined index: PATH_INFO<br />
  on line 41 in file D:\webserver\www.framework.com\application\bootstrap.php , PHP 5.3.6 (WINNT)<br />
<b> NOTICE</b> [8] Undefined index: PATH_INFO<br />
  on line 41 in file D:\webserver\www.framework.com\application\bootstrap.php , PHP 5.3.6 (WINNT)<br />
<b> NOTICE</b> [8] Undefined index: PATH_INFO<br />
  on line 41 in file D:\webserver\www.framework.com\application\bootstrap.php , PHP 5.3.6 (WINNT)<br />
<b> NOTICE</b> [8] Undefined index: PATH_INFO<br />
  on line 40 in file D:\webserver\www.framework.com\application\bootstrap.php , PHP 5.3.6 (WINNT)<br />
<b> NOTICE</b> [8] Undefined index: PATH_INFO<br />
  on line 41 in file D:\webserver\www.framework.com\application\bootstrap.php , PHP 5.3.6 (WINNT)<br />
<b> NOTICE</b> [8] Undefined index: PATH_INFO<br />
  on line 40 in file D:\webserver\www.framework.com\application\bootstrap.php , PHP 5.3.6 (WINNT)<br />
<b> NOTICE</b> [8] Undefined index: PATH_INFO<br />
  on line 41 in file D:\webserver\www.framework.com\application\bootstrap.php , PHP 5.3.6 (WINNT)<br />
<b> NOTICE</b> [8] Undefined index: PATH_INFO<br />
  on line 40 in file D:\webserver\www.framework.com\application\bootstrap.php , PHP 5.3.6 (WINNT)<br />
<b> NOTICE</b> [8] Undefined index: PATH_INFO<br />
  on line 41 in file D:\webserver\www.framework.com\application\bootstrap.php , PHP 5.3.6 (WINNT)<br />
<b> NOTICE</b> [8] Undefined index: PATH_INFO<br />
  on line 43 in file D:\webserver\www.framework.com\application\bootstrap.php , PHP 5.3.6 (WINNT)<br />
<b> NOTICE</b> [8] Undefined index: PATH_INFO<br />
  on line 43 in file D:\webserver\www.framework.com\application\bootstrap.php , PHP 5.3.6 (WINNT)<br />
<b> NOTICE</b> [8] Undefined variable: cController<br />
  on line 51 in file D:\webserver\www.framework.com\application\bootstrap.php , PHP 5.3.6 (WINNT)<br />
<b> NOTICE</b> [8] Undefined variable: cController<br />
  on line 51 in file D:\webserver\www.framework.com\application\bootstrap.php , PHP 5.3.6 (WINNT)<br />
<b> NOTICE</b> [8] Undefined variable: cMethod<br />
  on line 68 in file D:\webserver\www.framework.com\application\bootstrap.php , PHP 5.3.6 (WINNT)<br />
<b> NOTICE</b> [8] Undefined variable: cMethod<br />
  on line 73 in file D:\webserver\www.framework.com\application\bootstrap.php , PHP 5.3.6 (WINNT)<br />
<b> NOTICE</b> [8] Undefined variable: cParams<br />
  on line 76 in file D:\webserver\www.framework.com\application\bootstrap.php , PHP 5.3.6 (WINNT)<br />
Unknown error type: [4096] Argument 2 passed to ReflectionMethod::invokeArgs() must be an array, null given, called in D:\webserver\www.framework.com\index.php on line 50 and defined<br />
  on line 76 in file D:\webserver\www.framework.com\application\bootstrap.php , PHP 5.3.6 (WINNT)<br />
Unknown error type: [2] ReflectionMethod::invokeArgs() expects parameter 2 to be array, null given<br />
  on line 76 in file D:\webserver\www.framework.com\application\bootstrap.php , PHP 5.3.6 (WINNT)<br />
Unknown error type: [4096] Argument 2 passed to ReflectionMethod::invokeArgs() must be an array, null given, called in D:\webserver\www.framework.com\index.php on line 50 and defined<br />
  on line 78 in file D:\webserver\www.framework.com\application\bootstrap.php , PHP 5.3.6 (WINNT)<br />
Unknown error type: [2] ReflectionMethod::invokeArgs() expects parameter 2 to be array, null given<br />
  on line 78 in file D:\webserver\www.framework.com\application\bootstrap.php , PHP 5.3.6 (WINNT)<br />
Unknown error type: [4096] Argument 2 passed to ReflectionMethod::invokeArgs() must be an array, string given, called in D:\webserver\www.framework.com\index.php on line 50 and defined<br />
  on line 78 in file D:\webserver\www.framework.com\application\bootstrap.php , PHP 5.3.6 (WINNT)<br />
Unknown error type: [2] ReflectionMethod::invokeArgs() expects parameter 2 to be array, string given<br />
  on line 78 in file D:\webserver\www.framework.com\application\bootstrap.php , PHP 5.3.6 (WINNT)<br />
Unknown error type: [4096] Argument 2 passed to ReflectionMethod::invokeArgs() must be an array, string given, called in D:\webserver\www.framework.com\index.php on line 50 and defined<br />
  on line 78 in file D:\webserver\www.framework.com\application\bootstrap.php , PHP 5.3.6 (WINNT)<br />
Unknown error type: [2] ReflectionMethod::invokeArgs() expects parameter 2 to be array, string given<br />
  on line 78 in file D:\webserver\www.framework.com\application\bootstrap.php , PHP 5.3.6 (WINNT)<br />
Unknown error type: [4096] Argument 2 passed to ReflectionMethod::invokeArgs() must be an array, string given, called in D:\webserver\www.framework.com\index.php on line 50 and defined<br />
  on line 78 in file D:\webserver\www.framework.com\application\bootstrap.php , PHP 5.3.6 (WINNT)<br />
Unknown error type: [2] ReflectionMethod::invokeArgs() expects parameter 2 to be array, string given<br />
  on line 78 in file D:\webserver\www.framework.com\application\bootstrap.php , PHP 5.3.6 (WINNT)<br />
Unknown error type: [4096] Argument 2 passed to ReflectionMethod::invokeArgs() must be an array, string given, called in D:\webserver\www.framework.com\index.php on line 50 and defined<br />
  on line 78 in file D:\webserver\www.framework.com\application\bootstrap.php , PHP 5.3.6 (WINNT)<br />
Unknown error type: [2] ReflectionMethod::invokeArgs() expects parameter 2 to be array, string given<br />
  on line 78 in file D:\webserver\www.framework.com\application\bootstrap.php , PHP 5.3.6 (WINNT)<br />
Unknown error type: [2] Attempt to assign property of non-object<br />
  on line 9 in file D:\webserver\www.framework.com\application\controller\index.php , PHP 5.3.6 (WINNT)<br />
Unknown error type: [2] Attempt to assign property of non-object<br />
  on line 9 in file D:\webserver\www.framework.com\application\controller\index.php , PHP 5.3.6 (WINNT)<br />
Unknown error type: [2] Attempt to assign property of non-object<br />
  on line 9 in file D:\webserver\www.framework.com\application\controller\index.php , PHP 5.3.6 (WINNT)<br />
Unknown error type: [2] Attempt to assign property of non-object<br />
  on line 9 in file D:\webserver\www.framework.com\application\controller\index.php , PHP 5.3.6 (WINNT)<br />
<b> NOTICE</b> [8] Undefined index: method<br />
  on line 13 in file D:\webserver\www.framework.com\library\router.php , PHP 5.3.6 (WINNT)<br />
<b> NOTICE</b> [8] Use of undefined constant mapping - assumed 'mapping'<br />
  on line 30 in file D:\webserver\www.framework.com\application\bootstrap.php , PHP 5.3.6 (WINNT)<br />
<b> NOTICE</b> [8] Use of undefined constant mapping - assumed 'mapping'<br />
  on line 30 in file D:\webserver\www.framework.com\application\bootstrap.php , PHP 5.3.6 (WINNT)<br />
<b> NOTICE</b> [8] Use of undefined constant class_name - assumed 'class_name'<br />
  on line 192 in file D:\webserver\www.framework.com\library\core.php , PHP 5.3.6 (WINNT)<br />
<b> NOTICE</b> [8] Undefined index: action<br />
  on line 35 in file D:\webserver\www.framework.com\library\execution.php , PHP 5.3.6 (WINNT)<br />
Unknown error type: [2] Attempt to assign property of non-object<br />
  on line 24 in file D:\webserver\www.framework.com\app\controller\index.php , PHP 5.3.6 (WINNT)<br />
<b> NOTICE</b> [8] Undefined property: Frame::$reouter<br />
  on line 67 in file D:\webserver\www.framework.com\library\execution.php , PHP 5.3.6 (WINNT)<br />
<b> NOTICE</b> [8] Undefined property: Frame::$reouter<br />
  on line 67 in file D:\webserver\www.framework.com\library\execution.php , PHP 5.3.6 (WINNT)<br />
<b> NOTICE</b> [8] Undefined property: Frame::$reouter<br />
  on line 67 in file D:\webserver\www.framework.com\library\execution.php , PHP 5.3.6 (WINNT)<br />
Unknown error type: [2048] Creating default object from empty value<br />
  on line 24 in file D:\webserver\www.framework.com\app\controller\index.php , PHP 5.3.6 (WINNT)<br />
<b> NOTICE</b> [8] Undefined variable: view<br />
  on line 26 in file D:\webserver\www.framework.com\app\controller\index.php , PHP 5.3.6 (WINNT)<br />
Unknown error type: [4096] Object of class View could not be converted to string<br />
  on line 9 in file D:\webserver\www.framework.com\app\view\layout.php , PHP 5.3.6 (WINNT)<br />
Unknown error type: [4096] Object of class View could not be converted to string<br />
  on line 9 in file D:\webserver\www.framework.com\app\view\layout.php , PHP 5.3.6 (WINNT)<br />
<b> NOTICE</b> [8] Undefined property: execution::$view<br />
  on line 67 in file D:\webserver\www.framework.com\library\execution.php , PHP 5.3.6 (WINNT)<br />
Unknown error type: [2] Attempt to assign property of non-object<br />
  on line 22 in file D:\webserver\www.framework.com\app\controller\index.php , PHP 5.3.6 (WINNT)<br />
Unknown error type: [2] Attempt to assign property of non-object<br />
  on line 22 in file D:\webserver\www.framework.com\app\controller\index.php , PHP 5.3.6 (WINNT)<br />
Unknown error type: [2] Attempt to assign property of non-object<br />
  on line 22 in file D:\webserver\www.framework.com\app\controller\index.php , PHP 5.3.6 (WINNT)<br />
<b> NOTICE</b> [8] Undefined property: execution::$layout<br />
  on line 67 in file D:\webserver\www.framework.com\library\execution.php , PHP 5.3.6 (WINNT)<br />
Unknown error type: [2] Attempt to assign property of non-object<br />
  on line 22 in file D:\webserver\www.framework.com\app\controller\index.php , PHP 5.3.6 (WINNT)<br />
<b> NOTICE</b> [8] Undefined property: execution::$layout<br />
  on line 67 in file D:\webserver\www.framework.com\library\execution.php , PHP 5.3.6 (WINNT)<br />
Unknown error type: [2] Attempt to assign property of non-object<br />
  on line 22 in file D:\webserver\www.framework.com\app\controller\index.php , PHP 5.3.6 (WINNT)<br />
<b> NOTICE</b> [8] Undefined property: execution::$layout<br />
  on line 67 in file D:\webserver\www.framework.com\library\execution.php , PHP 5.3.6 (WINNT)<br />
Unknown error type: [2] Attempt to assign property of non-object<br />
  on line 22 in file D:\webserver\www.framework.com\app\controller\index.php , PHP 5.3.6 (WINNT)<br />
<b> NOTICE</b> [8] Undefined property: execution::$layout<br />
  on line 67 in file D:\webserver\www.framework.com\library\execution.php , PHP 5.3.6 (WINNT)<br />
Unknown error type: [2] Attempt to assign property of non-object<br />
  on line 22 in file D:\webserver\www.framework.com\app\controller\index.php , PHP 5.3.6 (WINNT)<br />
<b> NOTICE</b> [8] Undefined property: execution::$layout<br />
  on line 67 in file D:\webserver\www.framework.com\library\execution.php , PHP 5.3.6 (WINNT)<br />
<b> NOTICE</b> [8] Undefined property: execution::$layout<br />
  on line 67 in file D:\webserver\www.framework.com\library\execution.php , PHP 5.3.6 (WINNT)<br />
Unknown error type: [2048] Creating default object from empty value<br />
  on line 21 in file D:\webserver\www.framework.com\library\core.php , PHP 5.3.6 (WINNT)<br />
Unknown error type: [2048] Creating default object from empty value<br />
  on line 21 in file D:\webserver\www.framework.com\library\core.php , PHP 5.3.6 (WINNT)<br />
Unknown error type: [2] Missing argument 1 for View::instance(), called in D:\webserver\www.framework.com\library\core.php on line 26 and defined<br />
  on line 117 in file D:\webserver\www.framework.com\library\core.php , PHP 5.3.6 (WINNT)<br />
<b> NOTICE</b> [8] Undefined variable: file<br />
  on line 118 in file D:\webserver\www.framework.com\library\core.php , PHP 5.3.6 (WINNT)<br />
<b> NOTICE</b> [8] Undefined variable: test<br />
  on line 4 in file D:\webserver\www.framework.com\app\view\index\index.php , PHP 5.3.6 (WINNT)<br />
<b> NOTICE</b> [8] Undefined variable: test<br />
  on line 4 in file D:\webserver\www.framework.com\app\view\index\index.php , PHP 5.3.6 (WINNT)<br />
<b> NOTICE</b> [8] Use of undefined constant class_name - assumed 'class_name'<br />
  on line 225 in file D:\webserver\www.framework.com\library\core.php , PHP 5.3.6 (WINNT)<br />
<b> NOTICE</b> [8] Use of undefined constant class_name - assumed 'class_name'<br />
  on line 225 in file D:\webserver\www.framework.com\library\core.php , PHP 5.3.6 (WINNT)<br />
<b> NOTICE</b> [8] Use of undefined constant class_name - assumed 'class_name'<br />
  on line 225 in file D:\webserver\www.framework.com\library\core.php , PHP 5.3.6 (WINNT)<br />
<b> NOTICE</b> [8] Use of undefined constant class_name - assumed 'class_name'<br />
  on line 225 in file D:\webserver\www.framework.com\library\core.php , PHP 5.3.6 (WINNT)<br />
<b> NOTICE</b> [8] Undefined variable: user<br />
  on line 12 in file D:\webserver\www.framework.com\app\controller\user.php , PHP 5.3.6 (WINNT)<br />
<b> NOTICE</b> [8] Use of undefined constant BEGIN - assumed 'BEGIN'<br />
  on line 14 in file D:\webserver\www.framework.com\library\performance.php , PHP 5.3.6 (WINNT)<br />
<b> NOTICE</b> [8] Use of undefined constant END - assumed 'END'<br />
  on line 16 in file D:\webserver\www.framework.com\library\performance.php , PHP 5.3.6 (WINNT)<br />
<b> NOTICE</b> [8] Use of undefined constant BEGIN - assumed 'BEGIN'<br />
  on line 14 in file D:\webserver\www.framework.com\library\performance.php , PHP 5.3.6 (WINNT)<br />
<b> NOTICE</b> [8] Use of undefined constant END - assumed 'END'<br />
  on line 16 in file D:\webserver\www.framework.com\library\performance.php , PHP 5.3.6 (WINNT)<br />
<b> NOTICE</b> [8] Use of undefined constant BEGIN - assumed 'BEGIN'<br />
  on line 14 in file D:\webserver\www.framework.com\library\performance.php , PHP 5.3.6 (WINNT)<br />
<b> NOTICE</b> [8] Use of undefined constant END - assumed 'END'<br />
  on line 16 in file D:\webserver\www.framework.com\library\performance.php , PHP 5.3.6 (WINNT)<br />
<b> NOTICE</b> [8] Use of undefined constant BEGIN - assumed 'BEGIN'<br />
  on line 14 in file D:\webserver\www.framework.com\library\performance.php , PHP 5.3.6 (WINNT)<br />
<b> NOTICE</b> [8] Use of undefined constant END - assumed 'END'<br />
  on line 16 in file D:\webserver\www.framework.com\library\performance.php , PHP 5.3.6 (WINNT)<br />
<b> NOTICE</b> [8] Use of undefined constant BEGIN - assumed 'BEGIN'<br />
  on line 14 in file D:\webserver\www.framework.com\library\performance.php , PHP 5.3.6 (WINNT)<br />
<b> NOTICE</b> [8] Use of undefined constant END - assumed 'END'<br />
  on line 16 in file D:\webserver\www.framework.com\library\performance.php , PHP 5.3.6 (WINNT)<br />
<b> NOTICE</b> [8] Use of undefined constant BEGIN - assumed 'BEGIN'<br />
  on line 14 in file D:\webserver\www.framework.com\library\performance.php , PHP 5.3.6 (WINNT)<br />
<b> NOTICE</b> [8] Use of undefined constant END - assumed 'END'<br />
  on line 16 in file D:\webserver\www.framework.com\library\performance.php , PHP 5.3.6 (WINNT)<br />
<b> NOTICE</b> [8] Use of undefined constant BEGIN - assumed 'BEGIN'<br />
  on line 14 in file D:\webserver\www.framework.com\library\performance.php , PHP 5.3.6 (WINNT)<br />
<b> NOTICE</b> [8] Use of undefined constant END - assumed 'END'<br />
  on line 16 in file D:\webserver\www.framework.com\library\performance.php , PHP 5.3.6 (WINNT)<br />
<b> NOTICE</b> [8] Undefined index: select * from  user <br />
  on line 92 in file D:\webserver\www.framework.com\library\execution.php , PHP 5.3.6 (WINNT)<br />
<b> NOTICE</b> [8] Undefined index: select * from  user <br />
  on line 92 in file D:\webserver\www.framework.com\library\execution.php , PHP 5.3.6 (WINNT)<br />
<b> NOTICE</b> [8] Undefined index: select * from  user <br />
  on line 92 in file D:\webserver\www.framework.com\library\execution.php , PHP 5.3.6 (WINNT)<br />
<b> NOTICE</b> [8] Undefined index: select * from  user <br />
  on line 92 in file D:\webserver\www.framework.com\library\execution.php , PHP 5.3.6 (WINNT)<br />
<b> NOTICE</b> [8] Undefined index: select * from  user <br />
  on line 92 in file D:\webserver\www.framework.com\library\execution.php , PHP 5.3.6 (WINNT)<br />
<b> NOTICE</b> [8] Undefined index: select * from  user <br />
  on line 92 in file D:\webserver\www.framework.com\library\execution.php , PHP 5.3.6 (WINNT)<br />
<b> NOTICE</b> [8] Undefined index: select * from  user <br />
  on line 92 in file D:\webserver\www.framework.com\library\execution.php , PHP 5.3.6 (WINNT)<br />
<b> NOTICE</b> [8] Undefined index: select * from  user <br />
  on line 92 in file D:\webserver\www.framework.com\library\execution.php , PHP 5.3.6 (WINNT)<br />
<b> NOTICE</b> [8] Undefined index: select * from  user <br />
  on line 92 in file D:\webserver\www.framework.com\library\execution.php , PHP 5.3.6 (WINNT)<br />
<b> NOTICE</b> [8] Undefined index: select * from  user <br />
  on line 92 in file D:\webserver\www.framework.com\library\execution.php , PHP 5.3.6 (WINNT)<br />
<b> NOTICE</b> [8] Undefined index: select * from  user <br />
  on line 92 in file D:\webserver\www.framework.com\library\execution.php , PHP 5.3.6 (WINNT)<br />
<b> NOTICE</b> [8] Undefined index: select * from  user <br />
  on line 92 in file D:\webserver\www.framework.com\library\execution.php , PHP 5.3.6 (WINNT)<br />
<b> NOTICE</b> [8] Undefined index: select * from  user <br />
  on line 92 in file D:\webserver\www.framework.com\library\execution.php , PHP 5.3.6 (WINNT)<br />
<b> NOTICE</b> [8] Undefined index: select * from  user <br />
  on line 92 in file D:\webserver\www.framework.com\library\execution.php , PHP 5.3.6 (WINNT)<br />
<b> NOTICE</b> [8] Use of undefined constant microtime - assumed 'microtime'<br />
  on line 22 in file D:\webserver\frame\library\performance.php , PHP 5.3.6 (WINNT)<br />
<b> NOTICE</b> [8] Use of undefined constant microtime - assumed 'microtime'<br />
  on line 22 in file D:\webserver\frame\library\performance.php , PHP 5.3.6 (WINNT)<br />
<b> NOTICE</b> [8] Use of undefined constant microtime - assumed 'microtime'<br />
  on line 22 in file D:\webserver\frame\library\performance.php , PHP 5.3.6 (WINNT)<br />
<b> NOTICE</b> [8] Undefined index: end<br />
  on line 143 in file D:\webserver\frame\library\frame.php , PHP 5.3.6 (WINNT)<br />
<b> NOTICE</b> [8] Undefined index: begin<br />
  on line 143 in file D:\webserver\frame\library\frame.php , PHP 5.3.6 (WINNT)<br />
<b> NOTICE</b> [8] Undefined index: end<br />
  on line 143 in file D:\webserver\frame\library\frame.php , PHP 5.3.6 (WINNT)<br />
<b> NOTICE</b> [8] Undefined index: begin<br />
  on line 143 in file D:\webserver\frame\library\frame.php , PHP 5.3.6 (WINNT)<br />
<b> NOTICE</b> [8] Undefined index: end<br />
  on line 143 in file D:\webserver\frame\library\frame.php , PHP 5.3.6 (WINNT)<br />
<b> NOTICE</b> [8] Undefined index: begin<br />
  on line 143 in file D:\webserver\frame\library\frame.php , PHP 5.3.6 (WINNT)<br />
<b> NOTICE</b> [8] Undefined index: myExceptionHandler<br />
  on line 31 in file D:\webserver\frame\library\frame.php , PHP 5.3.6 (WINNT)<br />
Unknown error type: [2] set_exception_handler() expects the argument (Array) to be a valid callback<br />
  on line 31 in file D:\webserver\frame\library\frame.php , PHP 5.3.6 (WINNT)<br />
<b> NOTICE</b> [8] Undefined index: myExceptionHandler<br />
  on line 31 in file D:\webserver\frame\library\frame.php , PHP 5.3.6 (WINNT)<br />
Unknown error type: [2] set_exception_handler() expects the argument (Array) to be a valid callback<br />
  on line 31 in file D:\webserver\frame\library\frame.php , PHP 5.3.6 (WINNT)<br />
<b> NOTICE</b> [8] Undefined index: myExceptionHandler<br />
  on line 31 in file D:\webserver\frame\library\frame.php , PHP 5.3.6 (WINNT)<br />
Unknown error type: [2] set_exception_handler() expects the argument (Array) to be a valid callback<br />
  on line 31 in file D:\webserver\frame\library\frame.php , PHP 5.3.6 (WINNT)<br />
<b> NOTICE</b> [8] Undefined index: PATH_INFO<br />
  on line 399 in file D:\webserver\frame\library\request.php , PHP 5.3.6 (WINNT)<br />
<b> NOTICE</b> [8] Undefined index: PATH_INFO<br />
  on line 399 in file D:\webserver\frame\library\request.php , PHP 5.3.6 (WINNT)<br />
<b> NOTICE</b> [8] Undefined index: PATH_INFO<br />
  on line 399 in file D:\webserver\frame\library\request.php , PHP 5.3.6 (WINNT)<br />
<b> NOTICE</b> [8] Undefined index: PATH_INFO<br />
  on line 399 in file D:\webserver\frame\library\request.php , PHP 5.3.6 (WINNT)<br />
<b> NOTICE</b> [8] Undefined index: PATH_INFO<br />
  on line 399 in file D:\webserver\frame\library\request.php , PHP 5.3.6 (WINNT)<br />
Unknown error type: [2] Missing argument 2 for Controller_Test::Action_test()<br />
  on line 8 in file D:\webserver\frame\app\controller\test.php , PHP 5.3.6 (WINNT)<br />
<b> NOTICE</b> [8] Undefined variable: iid<br />
  on line 9 in file D:\webserver\frame\app\controller\test.php , PHP 5.3.6 (WINNT)<br />
Unknown error type: [2] Missing argument 1 for Controller_Test::Action_test()<br />
  on line 8 in file D:\webserver\frame\app\controller\test.php , PHP 5.3.6 (WINNT)<br />
Unknown error type: [2] Missing argument 2 for Controller_Test::Action_test()<br />
  on line 8 in file D:\webserver\frame\app\controller\test.php , PHP 5.3.6 (WINNT)<br />
<b> NOTICE</b> [8] Undefined variable: name<br />
  on line 9 in file D:\webserver\frame\app\controller\test.php , PHP 5.3.6 (WINNT)<br />
<b> NOTICE</b> [8] Undefined variable: iid<br />
  on line 9 in file D:\webserver\frame\app\controller\test.php , PHP 5.3.6 (WINNT)<br />
<b> NOTICE</b> [8] Undefined variable: name<br />
  on line 9 in file D:\webserver\frame\app\controller\test.php , PHP 5.3.6 (WINNT)<br />
<b> NOTICE</b> [8] Undefined variable: iid<br />
  on line 9 in file D:\webserver\frame\app\controller\test.php , PHP 5.3.6 (WINNT)<br />
Unknown error type: [2] Missing argument 1 for Request::setQuery(), called in D:\webserver\frame\library\router.php on line 27 and defined<br />
  on line 219 in file D:\webserver\frame\library\request.php , PHP 5.3.6 (WINNT)<br />
<b> NOTICE</b> [8] Undefined variable: spec<br />
  on line 221 in file D:\webserver\frame\library\request.php , PHP 5.3.6 (WINNT)<br />
<b> NOTICE</b> [8] Undefined index: params<br />
  on line 111 in file D:\webserver\frame\library\frame.php , PHP 5.3.6 (WINNT)<br />
Unknown error type: [4096] Argument 2 passed to ReflectionMethod::invokeArgs() must be an array, null given, called in D:\webserver\frame\library\frame.php on line 60 and defined<br />
  on line 111 in file D:\webserver\frame\library\frame.php , PHP 5.3.6 (WINNT)<br />
Unknown error type: [2] ReflectionMethod::invokeArgs() expects parameter 2 to be array, null given<br />
  on line 111 in file D:\webserver\frame\library\frame.php , PHP 5.3.6 (WINNT)<br />
Unknown error type: [2] ReflectionMethod::invokeArgs() expects exactly 2 parameters, 1 given<br />
  on line 111 in file D:\webserver\frame\library\frame.php , PHP 5.3.6 (WINNT)<br />
<b> NOTICE</b> [8] Undefined offset: 3<br />
  on line 27 in file D:\webserver\frame\library\router.php , PHP 5.3.6 (WINNT)<br />
<b> NOTICE</b> [8] Undefined index: controller<br />
  on line 74 in file D:\webserver\frame\library\frame.php , PHP 5.3.6 (WINNT)<br />
<b> NOTICE</b> [8] Undefined index: controller<br />
  on line 74 in file D:\webserver\frame\library\frame.php , PHP 5.3.6 (WINNT)<br />
<b> NOTICE</b> [8] Undefined index: controller<br />
  on line 74 in file D:\webserver\frame\library\frame.php , PHP 5.3.6 (WINNT)<br />
<b> NOTICE</b> [8] Undefined index: controller<br />
  on line 74 in file D:\webserver\frame\library\frame.php , PHP 5.3.6 (WINNT)<br />
<b> NOTICE</b> [8] Undefined index: controller<br />
  on line 74 in file D:\webserver\frame\library\frame.php , PHP 5.3.6 (WINNT)<br />
<b> NOTICE</b> [8] Undefined index: controller<br />
  on line 74 in file D:\webserver\frame\library\frame.php , PHP 5.3.6 (WINNT)<br />
<b> NOTICE</b> [8] Undefined index: controller<br />
  on line 74 in file D:\webserver\frame\library\frame.php , PHP 5.3.6 (WINNT)<br />
<b> NOTICE</b> [8] Undefined index: controller<br />
  on line 74 in file D:\webserver\frame\library\frame.php , PHP 5.3.6 (WINNT)<br />
<b> NOTICE</b> [8] Undefined index: controller<br />
  on line 74 in file D:\webserver\frame\library\frame.php , PHP 5.3.6 (WINNT)<br />
Unknown error type: [2] preg_match() [<a href='function.preg-match'>function.preg-match</a>]: Compilation failed: nothing to repeat at offset 0<br />
  on line 41 in file D:\webserver\frame\library\router.php , PHP 5.3.6 (WINNT)<br />
<b> NOTICE</b> [8] Undefined offset: 2<br />
  on line 44 in file D:\webserver\frame\library\router.php , PHP 5.3.6 (WINNT)<br />
<b> NOTICE</b> [8] Undefined offset: 2<br />
  on line 44 in file D:\webserver\frame\library\router.php , PHP 5.3.6 (WINNT)<br />
<b> NOTICE</b> [8] Undefined offset: 2<br />
  on line 44 in file D:\webserver\frame\library\router.php , PHP 5.3.6 (WINNT)<br />
<b> NOTICE</b> [8] Undefined index: controller<br />
  on line 74 in file D:\webserver\frame\library\frame.php , PHP 5.3.6 (WINNT)<br />
Unknown error type: [2] preg_match() [<a href='function.preg-match'>function.preg-match</a>]: Compilation failed: nothing to repeat at offset 0<br />
  on line 41 in file D:\webserver\frame\library\router.php , PHP 5.3.6 (WINNT)<br />
<b> NOTICE</b> [8] Undefined index: controller<br />
  on line 74 in file D:\webserver\frame\library\frame.php , PHP 5.3.6 (WINNT)<br />
Unknown error type: [2] preg_match() [<a href='function.preg-match'>function.preg-match</a>]: Compilation failed: nothing to repeat at offset 0<br />
  on line 41 in file D:\webserver\frame\library\router.php , PHP 5.3.6 (WINNT)<br />
<b> NOTICE</b> [8] Undefined index: controller<br />
  on line 74 in file D:\webserver\frame\library\frame.php , PHP 5.3.6 (WINNT)<br />
Unknown error type: [2] preg_match() [<a href='function.preg-match'>function.preg-match</a>]: Compilation failed: nothing to repeat at offset 0<br />
  on line 41 in file D:\webserver\frame\library\router.php , PHP 5.3.6 (WINNT)<br />
<b> NOTICE</b> [8] Undefined index: controller<br />
  on line 74 in file D:\webserver\frame\library\frame.php , PHP 5.3.6 (WINNT)<br />
Unknown error type: [2] preg_match() [<a href='function.preg-match'>function.preg-match</a>]: Compilation failed: nothing to repeat at offset 0<br />
  on line 42 in file D:\webserver\frame\library\router.php , PHP 5.3.6 (WINNT)<br />
<b> NOTICE</b> [8] Undefined index: controller<br />
  on line 74 in file D:\webserver\frame\library\frame.php , PHP 5.3.6 (WINNT)<br />
Unknown error type: [2] preg_match() [<a href='function.preg-match'>function.preg-match</a>]: Compilation failed: nothing to repeat at offset 0<br />
  on line 42 in file D:\webserver\frame\library\router.php , PHP 5.3.6 (WINNT)<br />
<b> NOTICE</b> [8] Undefined index: controller<br />
  on line 74 in file D:\webserver\frame\library\frame.php , PHP 5.3.6 (WINNT)<br />
Unknown error type: [2] preg_match() [<a href='function.preg-match'>function.preg-match</a>]: Compilation failed: nothing to repeat at offset 0<br />
  on line 42 in file D:\webserver\frame\library\router.php , PHP 5.3.6 (WINNT)<br />
<b> NOTICE</b> [8] Undefined index: controller<br />
  on line 74 in file D:\webserver\frame\library\frame.php , PHP 5.3.6 (WINNT)<br />
Unknown error type: [2] preg_match() [<a href='function.preg-match'>function.preg-match</a>]: Compilation failed: nothing to repeat at offset 0<br />
  on line 42 in file D:\webserver\frame\library\router.php , PHP 5.3.6 (WINNT)<br />
<b> NOTICE</b> [8] Undefined index: controller<br />
  on line 74 in file D:\webserver\frame\library\frame.php , PHP 5.3.6 (WINNT)<br />
Unknown error type: [2] preg_match() [<a href='function.preg-match'>function.preg-match</a>]: Compilation failed: nothing to repeat at offset 0<br />
  on line 42 in file D:\webserver\frame\library\router.php , PHP 5.3.6 (WINNT)<br />
<b> NOTICE</b> [8] Undefined index: controller<br />
  on line 74 in file D:\webserver\frame\library\frame.php , PHP 5.3.6 (WINNT)<br />
Unknown error type: [2] preg_match() [<a href='function.preg-match'>function.preg-match</a>]: Compilation failed: nothing to repeat at offset 0<br />
  on line 42 in file D:\webserver\frame\library\router.php , PHP 5.3.6 (WINNT)<br />
<b> NOTICE</b> [8] Undefined index: controller<br />
  on line 74 in file D:\webserver\frame\library\frame.php , PHP 5.3.6 (WINNT)<br />
Unknown error type: [2] preg_match() [<a href='function.preg-match'>function.preg-match</a>]: Compilation failed: nothing to repeat at offset 0<br />
  on line 42 in file D:\webserver\frame\library\router.php , PHP 5.3.6 (WINNT)<br />
<b> NOTICE</b> [8] Undefined index: controller<br />
  on line 74 in file D:\webserver\frame\library\frame.php , PHP 5.3.6 (WINNT)<br />
Unknown error type: [2] preg_match() [<a href='function.preg-match'>function.preg-match</a>]: Compilation failed: nothing to repeat at offset 0<br />
  on line 42 in file D:\webserver\frame\library\router.php , PHP 5.3.6 (WINNT)<br />
<b> NOTICE</b> [8] Undefined index: controller<br />
  on line 74 in file D:\webserver\frame\library\frame.php , PHP 5.3.6 (WINNT)<br />
Unknown error type: [2] preg_match() [<a href='function.preg-match'>function.preg-match</a>]: Compilation failed: nothing to repeat at offset 0<br />
  on line 42 in file D:\webserver\frame\library\router.php , PHP 5.3.6 (WINNT)<br />
<b> NOTICE</b> [8] Undefined index: controller<br />
  on line 74 in file D:\webserver\frame\library\frame.php , PHP 5.3.6 (WINNT)<br />
Unknown error type: [2] preg_match() [<a href='function.preg-match'>function.preg-match</a>]: Compilation failed: nothing to repeat at offset 0<br />
  on line 42 in file D:\webserver\frame\library\router.php , PHP 5.3.6 (WINNT)<br />
<b> NOTICE</b> [8] Undefined index: controller<br />
  on line 74 in file D:\webserver\frame\library\frame.php , PHP 5.3.6 (WINNT)<br />
Unknown error type: [2] preg_match() [<a href='function.preg-match'>function.preg-match</a>]: Compilation failed: nothing to repeat at offset 0<br />
  on line 42 in file D:\webserver\frame\library\router.php , PHP 5.3.6 (WINNT)<br />
<b> NOTICE</b> [8] Undefined index: controller<br />
  on line 74 in file D:\webserver\frame\library\frame.php , PHP 5.3.6 (WINNT)<br />
<b> NOTICE</b> [8] Undefined offset: 2<br />
  on line 43 in file D:\webserver\frame\library\router.php , PHP 5.3.6 (WINNT)<br />
<b> NOTICE</b> [8] Undefined index: controller<br />
  on line 74 in file D:\webserver\frame\library\frame.php , PHP 5.3.6 (WINNT)<br />
<b> NOTICE</b> [8] Undefined offset: 2<br />
  on line 45 in file D:\webserver\frame\library\router.php , PHP 5.3.6 (WINNT)<br />
<b> NOTICE</b> [8] Undefined index: controller<br />
  on line 74 in file D:\webserver\frame\library\frame.php , PHP 5.3.6 (WINNT)<br />
<b> NOTICE</b> [8] Undefined offset: 2<br />
  on line 45 in file D:\webserver\frame\library\router.php , PHP 5.3.6 (WINNT)<br />
<b> NOTICE</b> [8] Undefined index: controller<br />
  on line 74 in file D:\webserver\frame\library\frame.php , PHP 5.3.6 (WINNT)<br />
<b> NOTICE</b> [8] Undefined offset: 2<br />
  on line 45 in file D:\webserver\frame\library\router.php , PHP 5.3.6 (WINNT)<br />
<b> NOTICE</b> [8] Undefined index: controller<br />
  on line 74 in file D:\webserver\frame\library\frame.php , PHP 5.3.6 (WINNT)<br />
<b> NOTICE</b> [8] Undefined index: controller<br />
  on line 74 in file D:\webserver\frame\library\frame.php , PHP 5.3.6 (WINNT)<br />
<b> NOTICE</b> [8] Undefined offset: 1<br />
  on line 45 in file D:\webserver\frame\library\router.php , PHP 5.3.6 (WINNT)<br />
<b> NOTICE</b> [8] Undefined index: controller<br />
  on line 74 in file D:\webserver\frame\library\frame.php , PHP 5.3.6 (WINNT)<br />
<b> NOTICE</b> [8] Undefined offset: 1<br />
  on line 54 in file D:\webserver\frame\library\router.php , PHP 5.3.6 (WINNT)<br />
<b> NOTICE</b> [8] Use of undefined constant i - assumed 'i'<br />
  on line 61 in file D:\webserver\frame\library\router.php , PHP 5.3.6 (WINNT)<br />
<b> NOTICE</b> [8] Undefined index: i<br />
  on line 61 in file D:\webserver\frame\library\router.php , PHP 5.3.6 (WINNT)<br />
<b> NOTICE</b> [8] Undefined offset: 1<br />
  on line 64 in file D:\webserver\frame\library\router.php , PHP 5.3.6 (WINNT)<br />
<b> NOTICE</b> [8] Use of undefined constant i - assumed 'i'<br />
  on line 61 in file D:\webserver\frame\library\router.php , PHP 5.3.6 (WINNT)<br />
<b> NOTICE</b> [8] Undefined index: i<br />
  on line 61 in file D:\webserver\frame\library\router.php , PHP 5.3.6 (WINNT)<br />
<b> NOTICE</b> [8] Undefined offset: 1<br />
  on line 64 in file D:\webserver\frame\library\router.php , PHP 5.3.6 (WINNT)<br />
<b> NOTICE</b> [8] Use of undefined constant i - assumed 'i'<br />
  on line 62 in file D:\webserver\frame\library\router.php , PHP 5.3.6 (WINNT)<br />
<b> NOTICE</b> [8] Undefined index: i<br />
  on line 62 in file D:\webserver\frame\library\router.php , PHP 5.3.6 (WINNT)<br />
<b> NOTICE</b> [8] Undefined offset: 1<br />
  on line 65 in file D:\webserver\frame\library\router.php , PHP 5.3.6 (WINNT)<br />
<b> NOTICE</b> [8] Use of undefined constant i - assumed 'i'<br />
  on line 62 in file D:\webserver\frame\library\router.php , PHP 5.3.6 (WINNT)<br />
<b> NOTICE</b> [8] Undefined index: i<br />
  on line 62 in file D:\webserver\frame\library\router.php , PHP 5.3.6 (WINNT)<br />
<b> NOTICE</b> [8] Undefined offset: 1<br />
  on line 66 in file D:\webserver\frame\library\router.php , PHP 5.3.6 (WINNT)<br />
<b> NOTICE</b> [8] Use of undefined constant i - assumed 'i'<br />
  on line 62 in file D:\webserver\frame\library\router.php , PHP 5.3.6 (WINNT)<br />
<b> NOTICE</b> [8] Undefined index: i<br />
  on line 62 in file D:\webserver\frame\library\router.php , PHP 5.3.6 (WINNT)<br />
<b> NOTICE</b> [8] Undefined offset: 1<br />
  on line 66 in file D:\webserver\frame\library\router.php , PHP 5.3.6 (WINNT)<br />
Unknown error type: [2] preg_match() [<a href='function.preg-match'>function.preg-match</a>]: Compilation failed: nothing to repeat at offset 2<br />
  on line 17 in file D:\webserver\frame\library\router.php , PHP 5.3.6 (WINNT)<br />
Unknown error type: [2] preg_match() [<a href='function.preg-match'>function.preg-match</a>]: Compilation failed: nothing to repeat at offset 2<br />
  on line 17 in file D:\webserver\frame\library\router.php , PHP 5.3.6 (WINNT)<br />
Unknown error type: [2] preg_match() [<a href='function.preg-match'>function.preg-match</a>]: Compilation failed: nothing to repeat at offset 2<br />
  on line 17 in file D:\webserver\frame\library\router.php , PHP 5.3.6 (WINNT)<br />
Unknown error type: [2] preg_match() [<a href='function.preg-match'>function.preg-match</a>]: Compilation failed: nothing to repeat at offset 2<br />
  on line 17 in file D:\webserver\frame\library\router.php , PHP 5.3.6 (WINNT)<br />
Unknown error type: [2] preg_match() [<a href='function.preg-match'>function.preg-match</a>]: Compilation failed: nothing to repeat at offset 2<br />
  on line 17 in file D:\webserver\frame\library\router.php , PHP 5.3.6 (WINNT)<br />
Unknown error type: [2] preg_match() [<a href='function.preg-match'>function.preg-match</a>]: Compilation failed: nothing to repeat at offset 2<br />
  on line 17 in file D:\webserver\frame\library\router.php , PHP 5.3.6 (WINNT)<br />
Unknown error type: [2] preg_match() [<a href='function.preg-match'>function.preg-match</a>]: Compilation failed: nothing to repeat at offset 2<br />
  on line 17 in file D:\webserver\frame\library\router.php , PHP 5.3.6 (WINNT)<br />
<b> NOTICE</b> [8] Undefined variable: vars<br />
  on line 70 in file D:\webserver\frame\library\router.php , PHP 5.3.6 (WINNT)<br />
<b> NOTICE</b> [8] Undefined variable: vars<br />
  on line 70 in file D:\webserver\frame\library\router.php , PHP 5.3.6 (WINNT)<br />
<b> NOTICE</b> [8] Undefined variable: vars<br />
  on line 70 in file D:\webserver\frame\library\router.php , PHP 5.3.6 (WINNT)<br />
<b> NOTICE</b> [8] Undefined variable: vars<br />
  on line 70 in file D:\webserver\frame\library\router.php , PHP 5.3.6 (WINNT)<br />
<b> NOTICE</b> [8] Undefined variable: vars<br />
  on line 70 in file D:\webserver\frame\library\router.php , PHP 5.3.6 (WINNT)<br />
<b> NOTICE</b> [8] Undefined variable: vars<br />
  on line 70 in file D:\webserver\frame\library\router.php , PHP 5.3.6 (WINNT)<br />
<b> NOTICE</b> [8] Undefined variable: vars<br />
  on line 70 in file D:\webserver\frame\library\router.php , PHP 5.3.6 (WINNT)<br />
<b> NOTICE</b> [8] Undefined variable: vars<br />
  on line 70 in file D:\webserver\frame\library\router.php , PHP 5.3.6 (WINNT)<br />
<b> NOTICE</b> [8] Undefined variable: vars<br />
  on line 70 in file D:\webserver\frame\library\router.php , PHP 5.3.6 (WINNT)<br />
<b> NOTICE</b> [8] Undefined variable: vars<br />
  on line 70 in file D:\webserver\frame\library\router.php , PHP 5.3.6 (WINNT)<br />
<b> NOTICE</b> [8] Undefined variable: vars<br />
  on line 70 in file D:\webserver\frame\library\router.php , PHP 5.3.6 (WINNT)<br />
<b> NOTICE</b> [8] Undefined variable: vars<br />
  on line 70 in file D:\webserver\frame\library\router.php , PHP 5.3.6 (WINNT)<br />
<b> NOTICE</b> [8] Undefined variable: vars<br />
  on line 70 in file D:\webserver\frame\library\router.php , PHP 5.3.6 (WINNT)<br />
<b> NOTICE</b> [8] Undefined variable: vars<br />
  on line 70 in file D:\webserver\frame\library\router.php , PHP 5.3.6 (WINNT)<br />
<b> NOTICE</b> [8] Undefined variable: vars<br />
  on line 70 in file D:\webserver\frame\library\router.php , PHP 5.3.6 (WINNT)<br />
<b> NOTICE</b> [8] Undefined variable: vars<br />
  on line 70 in file D:\webserver\frame\library\router.php , PHP 5.3.6 (WINNT)<br />
<b> NOTICE</b> [8] Undefined variable: vars<br />
  on line 70 in file D:\webserver\frame\library\router.php , PHP 5.3.6 (WINNT)<br />
<b> NOTICE</b> [8] Undefined index: host<br />
  on line 24 in file D:\webserver\frame\library\db.php , PHP 5.3.6 (WINNT)<br />
<b> NOTICE</b> [8] Undefined index: dbname<br />
  on line 24 in file D:\webserver\frame\library\db.php , PHP 5.3.6 (WINNT)<br />
<b> NOTICE</b> [8] Undefined index: user<br />
  on line 25 in file D:\webserver\frame\library\db.php , PHP 5.3.6 (WINNT)<br />
<b> NOTICE</b> [8] Undefined index: password<br />
  on line 26 in file D:\webserver\frame\library\db.php , PHP 5.3.6 (WINNT)<br />
<b> NOTICE</b> [8] Undefined index: conmode<br />
  on line 28 in file D:\webserver\frame\library\db.php , PHP 5.3.6 (WINNT)<br />
<b> NOTICE</b> [8] Undefined index: host<br />
  on line 24 in file D:\webserver\frame\library\db.php , PHP 5.3.6 (WINNT)<br />
<b> NOTICE</b> [8] Undefined index: dbname<br />
  on line 24 in file D:\webserver\frame\library\db.php , PHP 5.3.6 (WINNT)<br />
<b> NOTICE</b> [8] Undefined index: user<br />
  on line 25 in file D:\webserver\frame\library\db.php , PHP 5.3.6 (WINNT)<br />
<b> NOTICE</b> [8] Undefined index: password<br />
  on line 26 in file D:\webserver\frame\library\db.php , PHP 5.3.6 (WINNT)<br />
<b> NOTICE</b> [8] Undefined index: conmode<br />
  on line 28 in file D:\webserver\frame\library\db.php , PHP 5.3.6 (WINNT)<br />
<b> NOTICE</b> [8] Undefined index: host<br />
  on line 24 in file D:\webserver\frame\library\db.php , PHP 5.3.6 (WINNT)<br />
<b> NOTICE</b> [8] Undefined index: dbname<br />
  on line 24 in file D:\webserver\frame\library\db.php , PHP 5.3.6 (WINNT)<br />
<b> NOTICE</b> [8] Undefined index: user<br />
  on line 25 in file D:\webserver\frame\library\db.php , PHP 5.3.6 (WINNT)<br />
<b> NOTICE</b> [8] Undefined index: password<br />
  on line 26 in file D:\webserver\frame\library\db.php , PHP 5.3.6 (WINNT)<br />
<b> NOTICE</b> [8] Undefined index: conmode<br />
  on line 28 in file D:\webserver\frame\library\db.php , PHP 5.3.6 (WINNT)<br />
<b> NOTICE</b> [8] Undefined index: host<br />
  on line 24 in file D:\webserver\frame\library\db.php , PHP 5.3.6 (WINNT)<br />
<b> NOTICE</b> [8] Undefined index: dbname<br />
  on line 24 in file D:\webserver\frame\library\db.php , PHP 5.3.6 (WINNT)<br />
<b> NOTICE</b> [8] Undefined index: user<br />
  on line 25 in file D:\webserver\frame\library\db.php , PHP 5.3.6 (WINNT)<br />
<b> NOTICE</b> [8] Undefined index: password<br />
  on line 26 in file D:\webserver\frame\library\db.php , PHP 5.3.6 (WINNT)<br />
<b> NOTICE</b> [8] Undefined index: conmode<br />
  on line 28 in file D:\webserver\frame\library\db.php , PHP 5.3.6 (WINNT)<br />
Unknown error type: [2] PDO::__construct() [<a href='pdo.--construct'>pdo.--construct</a>]: [2002] 由于连接方在一段时间后没有正确答复或连接的主机没有反应，连接尝试 (trying to connect via tcp://10.41.134.250:3306)<br />
  on line 92 in file D:\webserver\frame\library\db.php , PHP 5.3.6 (WINNT)<br />
Unknown error type: [2] PDO::__construct() [<a href='pdo.--construct'>pdo.--construct</a>]: [2002] 由于连接方在一段时间后没有正确答复或连接的主机没有反应，连接尝试 (trying to connect via tcp://10.41.134.250:3306)<br />
  on line 92 in file D:\webserver\frame\library\db.php , PHP 5.3.6 (WINNT)<br />
Unknown error type: [2] PDO::__construct() [<a href='pdo.--construct'>pdo.--construct</a>]: [2002] 由于连接方在一段时间后没有正确答复或连接的主机没有反应，连接尝试 (trying to connect via tcp://10.41.134.250:3306)<br />
  on line 92 in file D:\webserver\frame\library\db.php , PHP 5.3.6 (WINNT)<br />
Unknown error type: [2] PDO::__construct() [<a href='pdo.--construct'>pdo.--construct</a>]: [2002] 由于连接方在一段时间后没有正确答复或连接的主机没有反应，连接尝试 (trying to connect via tcp://10.41.134.250:3306)<br />
  on line 92 in file D:\webserver\frame\library\db.php , PHP 5.3.6 (WINNT)<br />
Unknown error type: [2] PDO::__construct() [<a href='pdo.--construct'>pdo.--construct</a>]: [2002] 由于连接方在一段时间后没有正确答复或连接的主机没有反应，连接尝试 (trying to connect via tcp://10.41.134.250:3306)<br />
  on line 92 in file D:\webserver\frame\library\db.php , PHP 5.3.6 (WINNT)<br />
Unknown error type: [2] PDO::__construct() [<a href='pdo.--construct'>pdo.--construct</a>]: [2002] 由于连接方在一段时间后没有正确答复或连接的主机没有反应，连接尝试 (trying to connect via tcp://10.41.134.250:3306)<br />
  on line 92 in file D:\webserver\frame\library\db.php , PHP 5.3.6 (WINNT)<br />
Unknown error type: [2] PDO::__construct() [<a href='pdo.--construct'>pdo.--construct</a>]: [2002] 由于连接方在一段时间后没有正确答复或连接的主机没有反应，连接尝试 (trying to connect via tcp://10.41.134.250:3306)<br />
  on line 92 in file D:\webserver\frame\library\db.php , PHP 5.3.6 (WINNT)<br />
Unknown error type: [2] PDO::__construct() [<a href='pdo.--construct'>pdo.--construct</a>]: [2002] 由于连接方在一段时间后没有正确答复或连接的主机没有反应，连接尝试 (trying to connect via tcp://10.41.134.250:3306)<br />
  on line 92 in file D:\webserver\frame\library\db.php , PHP 5.3.6 (WINNT)<br />
Unknown error type: [2] PDO::__construct() [<a href='pdo.--construct'>pdo.--construct</a>]: [2002] 由于连接方在一段时间后没有正确答复或连接的主机没有反应，连接尝试 (trying to connect via tcp://10.41.134.250:3306)<br />
  on line 92 in file D:\webserver\frame\library\db.php , PHP 5.3.6 (WINNT)<br />
Unknown error type: [2] file_put_contents(db/read_write_06.log) [<a href='function.file-put-contents'>function.file-put-contents</a>]: failed to open stream: No such file or directory<br />
  on line 33 in file D:\webserver\frame\library\logs.php , PHP 5.3.6 (WINNT)<br />
Unknown error type: [2] mkdir() [<a href='function.mkdir'>function.mkdir</a>]: File exists<br />
  on line 45 in file D:\webserver\frame\library\logs.php , PHP 5.3.6 (WINNT)<br />
Unknown error type: [2] implode() [<a href='function.implode'>function.implode</a>]: Invalid arguments passed<br />
  on line 270 in file D:\webserver\frame\library\db.php , PHP 5.3.6 (WINNT)<br />
Unknown error type: [2] implode() [<a href='function.implode'>function.implode</a>]: Invalid arguments passed<br />
  on line 270 in file D:\webserver\frame\library\db.php , PHP 5.3.6 (WINNT)<br />
Unknown error type: [2] implode() [<a href='function.implode'>function.implode</a>]: Invalid arguments passed<br />
  on line 270 in file D:\webserver\frame\library\db.php , PHP 5.3.6 (WINNT)<br />
<b> NOTICE</b> [8] Undefined variable: dbconfig<br />
  on line 121 in file D:\webserver\frame\library\db.php , PHP 5.3.6 (WINNT)<br />
<b> NOTICE</b> [8] Undefined variable: dbconfig<br />
  on line 121 in file D:\webserver\frame\library\db.php , PHP 5.3.6 (WINNT)<br />
<b> NOTICE</b> [8] Undefined variable: dbconfig<br />
  on line 121 in file D:\webserver\frame\library\db.php , PHP 5.3.6 (WINNT)<br />
<b> NOTICE</b> [8] Undefined variable: dbconfig<br />
  on line 121 in file D:\webserver\frame\library\db.php , PHP 5.3.6 (WINNT)<br />
<b> NOTICE</b> [8] Undefined variable: dbconfig<br />
  on line 121 in file D:\webserver\frame\library\db.php , PHP 5.3.6 (WINNT)<br />
<b> NOTICE</b> [8] Undefined variable: dbconfig<br />
  on line 121 in file D:\webserver\frame\library\db.php , PHP 5.3.6 (WINNT)<br />
<b> NOTICE</b> [8] Undefined variable: dbconfig<br />
  on line 121 in file D:\webserver\frame\library\db.php , PHP 5.3.6 (WINNT)<br />
<b> NOTICE</b> [8] Undefined variable: dbconfig<br />
  on line 121 in file D:\webserver\frame\library\db.php , PHP 5.3.6 (WINNT)<br />
<b> NOTICE</b> [8] Undefined variable: dbconfig<br />
  on line 121 in file D:\webserver\frame\library\db.php , PHP 5.3.6 (WINNT)<br />
<b> NOTICE</b> [8] Undefined variable: dbconfig<br />
  on line 121 in file D:\webserver\frame\library\db.php , PHP 5.3.6 (WINNT)<br />
<b> NOTICE</b> [8] Undefined variable: dbconfig<br />
  on line 121 in file D:\webserver\frame\library\db.php , PHP 5.3.6 (WINNT)<br />
<b> NOTICE</b> [8] Undefined variable: dbconfig<br />
  on line 121 in file D:\webserver\frame\library\db.php , PHP 5.3.6 (WINNT)<br />
<b> NOTICE</b> [8] Undefined variable: dbconfig<br />
  on line 121 in file D:\webserver\frame\library\db.php , PHP 5.3.6 (WINNT)<br />
<b> NOTICE</b> [8] Undefined variable: dbconfig<br />
  on line 121 in file D:\webserver\frame\library\db.php , PHP 5.3.6 (WINNT)<br />
<b> NOTICE</b> [8] Undefined variable: dbconfig<br />
  on line 122 in file D:\webserver\frame\library\db.php , PHP 5.3.6 (WINNT)<br />
<b> NOTICE</b> [8] Undefined variable: dbconfig<br />
  on line 121 in file D:\webserver\frame\library\db.php , PHP 5.3.6 (WINNT)<br />
<b> NOTICE</b> [8] Undefined variable: dbconfig<br />
  on line 122 in file D:\webserver\frame\library\db.php , PHP 5.3.6 (WINNT)<br />
<b> NOTICE</b> [8] Undefined variable: dbconfig<br />
  on line 121 in file D:\webserver\frame\library\db.php , PHP 5.3.6 (WINNT)<br />
<b> NOTICE</b> [8] Undefined variable: dbconfig<br />
  on line 122 in file D:\webserver\frame\library\db.php , PHP 5.3.6 (WINNT)<br />
<b> NOTICE</b> [8] Undefined variable: dbconfig<br />
  on line 121 in file D:\webserver\frame\library\db.php , PHP 5.3.6 (WINNT)<br />
<b> NOTICE</b> [8] Undefined variable: dbconfig<br />
  on line 122 in file D:\webserver\frame\library\db.php , PHP 5.3.6 (WINNT)<br />
<b> NOTICE</b> [8] Undefined variable: dbconfig<br />
  on line 121 in file D:\webserver\frame\library\db.php , PHP 5.3.6 (WINNT)<br />
<b> NOTICE</b> [8] Undefined variable: dbconfig<br />
  on line 122 in file D:\webserver\frame\library\db.php , PHP 5.3.6 (WINNT)<br />
<b> NOTICE</b> [8] Undefined variable: dbconfig<br />
  on line 121 in file D:\webserver\frame\library\db.php , PHP 5.3.6 (WINNT)<br />
<b> NOTICE</b> [8] Undefined variable: dbconfig<br />
  on line 122 in file D:\webserver\frame\library\db.php , PHP 5.3.6 (WINNT)<br />
<b> NOTICE</b> [8] Undefined variable: dbconfig<br />
  on line 121 in file D:\webserver\frame\library\db.php , PHP 5.3.6 (WINNT)<br />
<b> NOTICE</b> [8] Undefined variable: dbconfig<br />
  on line 122 in file D:\webserver\frame\library\db.php , PHP 5.3.6 (WINNT)<br />
<b> NOTICE</b> [8] Undefined variable: dbconfig<br />
  on line 121 in file D:\webserver\frame\library\db.php , PHP 5.3.6 (WINNT)<br />
<b> NOTICE</b> [8] Undefined variable: dbconfig<br />
  on line 122 in file D:\webserver\frame\library\db.php , PHP 5.3.6 (WINNT)<br />
<b> NOTICE</b> [8] Undefined variable: dbconfig<br />
  on line 121 in file D:\webserver\frame\library\db.php , PHP 5.3.6 (WINNT)<br />
<b> NOTICE</b> [8] Undefined variable: dbconfig<br />
  on line 122 in file D:\webserver\frame\library\db.php , PHP 5.3.6 (WINNT)<br />
<b> NOTICE</b> [8] Undefined variable: dbconfig<br />
  on line 121 in file D:\webserver\frame\library\db.php , PHP 5.3.6 (WINNT)<br />
<b> NOTICE</b> [8] Undefined variable: dbconfig<br />
  on line 122 in file D:\webserver\frame\library\db.php , PHP 5.3.6 (WINNT)<br />
<b> NOTICE</b> [8] Undefined variable: dbconfig<br />
  on line 121 in file D:\webserver\frame\library\db.php , PHP 5.3.6 (WINNT)<br />
<b> NOTICE</b> [8] Undefined variable: dbconfig<br />
  on line 122 in file D:\webserver\frame\library\db.php , PHP 5.3.6 (WINNT)<br />
<b> NOTICE</b> [8] Undefined variable: dbconfig<br />
  on line 121 in file D:\webserver\frame\library\db.php , PHP 5.3.6 (WINNT)<br />
<b> NOTICE</b> [8] Undefined variable: dbconfig<br />
  on line 122 in file D:\webserver\frame\library\db.php , PHP 5.3.6 (WINNT)<br />
<b> NOTICE</b> [8] Undefined variable: dbconfig<br />
  on line 121 in file D:\webserver\frame\library\db.php , PHP 5.3.6 (WINNT)<br />
<b> NOTICE</b> [8] Undefined variable: dbconfig<br />
  on line 122 in file D:\webserver\frame\library\db.php , PHP 5.3.6 (WINNT)<br />
<b> NOTICE</b> [8] Undefined variable: dbconfig<br />
  on line 121 in file D:\webserver\frame\library\db.php , PHP 5.3.6 (WINNT)<br />
<b> NOTICE</b> [8] Undefined variable: dbconfig<br />
  on line 122 in file D:\webserver\frame\library\db.php , PHP 5.3.6 (WINNT)<br />
<b> NOTICE</b> [8] Undefined variable: dbconfig<br />
  on line 121 in file D:\webserver\frame\library\db.php , PHP 5.3.6 (WINNT)<br />
<b> NOTICE</b> [8] Undefined variable: dbconfig<br />
  on line 122 in file D:\webserver\frame\library\db.php , PHP 5.3.6 (WINNT)<br />
<b> NOTICE</b> [8] Undefined variable: dbconfig<br />
  on line 121 in file D:\webserver\frame\library\db.php , PHP 5.3.6 (WINNT)<br />
<b> NOTICE</b> [8] Undefined variable: dbconfig<br />
  on line 122 in file D:\webserver\frame\library\db.php , PHP 5.3.6 (WINNT)<br />
<b> NOTICE</b> [8] Undefined variable: dbconfig<br />
  on line 121 in file D:\webserver\frame\library\db.php , PHP 5.3.6 (WINNT)<br />
<b> NOTICE</b> [8] Undefined variable: dbconfig<br />
  on line 122 in file D:\webserver\frame\library\db.php , PHP 5.3.6 (WINNT)<br />
<b> NOTICE</b> [8] Undefined variable: dbconfig<br />
  on line 121 in file D:\webserver\frame\library\db.php , PHP 5.3.6 (WINNT)<br />
<b> NOTICE</b> [8] Undefined variable: dbconfig<br />
  on line 122 in file D:\webserver\frame\library\db.php , PHP 5.3.6 (WINNT)<br />
Unknown error type: [2] set_exception_handler() expects the argument (exception::myExceptionHandler) to be a valid callback<br />
  on line 31 in file D:\webserver\frame\library\frame.php , PHP 5.3.6 (WINNT)<br />
Unknown error type: [2] set_exception_handler() expects the argument (exception::myExceptionHandler) to be a valid callback<br />
  on line 31 in file D:\webserver\frame\library\frame.php , PHP 5.3.6 (WINNT)<br />
Unknown error type: [2] set_exception_handler() expects the argument (exception::myExceptionHandler) to be a valid callback<br />
  on line 31 in file D:\webserver\frame\library\frame.php , PHP 5.3.6 (WINNT)<br />
Unknown error type: [2] set_exception_handler() expects the argument (exception::myExceptionHandler) to be a valid callback<br />
  on line 31 in file D:\webserver\frame\library\frame.php , PHP 5.3.6 (WINNT)<br />
Unknown error type: [2] set_exception_handler() expects the argument (exception::myExceptionHandler) to be a valid callback<br />
  on line 31 in file D:\webserver\frame\library\frame.php , PHP 5.3.6 (WINNT)<br />
Unknown error type: [2] set_exception_handler() expects the argument (exception::myExceptionHandler) to be a valid callback<br />
  on line 31 in file D:\webserver\frame\library\frame.php , PHP 5.3.6 (WINNT)<br />
Unknown error type: [2] set_exception_handler() expects the argument (exception::myExceptionHandler) to be a valid callback<br />
  on line 31 in file D:\webserver\frame\library\frame.php , PHP 5.3.6 (WINNT)<br />
Unknown error type: [2] set_exception_handler() expects the argument (exception::myExceptionHandler) to be a valid callback<br />
  on line 31 in file D:\webserver\frame\library\frame.php , PHP 5.3.6 (WINNT)<br />
Unknown error type: [2] require_once(cache\.php) [<a href='function.require-once'>function.require-once</a>]: failed to open stream: No such file or directory<br />
  on line 35 in file D:\webserver\frame\library\cache.php , PHP 5.3.6 (WINNT)<br />
<b> NOTICE</b> [8] Undefined index: driver<br />
  on line 33 in file D:\webserver\frame\library\cache.php , PHP 5.3.6 (WINNT)<br />
<b> NOTICE</b> [8] Undefined index: driver<br />
  on line 35 in file D:\webserver\frame\library\cache.php , PHP 5.3.6 (WINNT)<br />
Unknown error type: [2] require_once(cache\.php) [<a href='function.require-once'>function.require-once</a>]: failed to open stream: No such file or directory<br />
  on line 35 in file D:\webserver\frame\library\cache.php , PHP 5.3.6 (WINNT)<br />
<b> NOTICE</b> [8] Undefined index: cache_dir<br />
  on line 23 in file D:\webserver\frame\library\cache\file.php , PHP 5.3.6 (WINNT)<br />
<b> NOTICE</b> [8] Undefined index: cache_dir<br />
  on line 23 in file D:\webserver\frame\library\cache\file.php , PHP 5.3.6 (WINNT)<br />
<b> NOTICE</b> [8] Undefined index: driver<br />
  on line 30 in file D:\webserver\frame\library\cache.php , PHP 5.3.6 (WINNT)<br />
<b> NOTICE</b> [8] Undefined index: driver<br />
  on line 32 in file D:\webserver\frame\library\cache.php , PHP 5.3.6 (WINNT)<br />
Unknown error type: [2] require_once(cache\.php) [<a href='function.require-once'>function.require-once</a>]: failed to open stream: No such file or directory<br />
  on line 32 in file D:\webserver\frame\library\cache.php , PHP 5.3.6 (WINNT)<br />
<b> NOTICE</b> [8] Undefined index: driver<br />
  on line 32 in file D:\webserver\frame\library\cache.php , PHP 5.3.6 (WINNT)<br />
Unknown error type: [2] require_once(cache\.php) [<a href='function.require-once'>function.require-once</a>]: failed to open stream: No such file or directory<br />
  on line 32 in file D:\webserver\frame\library\cache.php , PHP 5.3.6 (WINNT)<br />
<b> NOTICE</b> [8] Undefined index: host<br />
  on line 44 in file D:\webserver\frame\library\cache\memcache.php , PHP 5.3.6 (WINNT)<br />
<b> NOTICE</b> [8] Undefined index: port<br />
  on line 44 in file D:\webserver\frame\library\cache\memcache.php , PHP 5.3.6 (WINNT)<br />
<b> NOTICE</b> [8] Undefined index: persistent<br />
  on line 44 in file D:\webserver\frame\library\cache\memcache.php , PHP 5.3.6 (WINNT)<br />
<b> NOTICE</b> [8] Undefined index: weight<br />
  on line 44 in file D:\webserver\frame\library\cache\memcache.php , PHP 5.3.6 (WINNT)<br />
<b> NOTICE</b> [8] Undefined index: timeout<br />
  on line 44 in file D:\webserver\frame\library\cache\memcache.php , PHP 5.3.6 (WINNT)<br />
<b> NOTICE</b> [8] Undefined index: retry_interval<br />
  on line 44 in file D:\webserver\frame\library\cache\memcache.php , PHP 5.3.6 (WINNT)<br />
<b> NOTICE</b> [8] Undefined index: status<br />
  on line 44 in file D:\webserver\frame\library\cache\memcache.php , PHP 5.3.6 (WINNT)<br />
<b> NOTICE</b> [8] Undefined index: failure_callback<br />
  on line 44 in file D:\webserver\frame\library\cache\memcache.php , PHP 5.3.6 (WINNT)<br />
Unknown error type: [2] Memcache::addserver() [<a href='memcache.addserver'>memcache.addserver</a>]: weight must be a positive integer<br />
  on line 44 in file D:\webserver\frame\library\cache\memcache.php , PHP 5.3.6 (WINNT)<br />
<b> NOTICE</b> [8] Undefined index: host<br />
  on line 46 in file D:\webserver\frame\library\cache\memcache.php , PHP 5.3.6 (WINNT)<br />
<b> NOTICE</b> [8] Undefined index: port<br />
  on line 46 in file D:\webserver\frame\library\cache\memcache.php , PHP 5.3.6 (WINNT)<br />
